DEBUG - 2025-02-03 06:18:32 --> Session: Class initialized using 'CodeIgniter\Session\Handlers\FileHandler' driver.
DEBUG - 2025-02-03 06:18:45 --> Session: Class initialized using 'CodeIgniter\Session\Handlers\FileHandler' driver.
DEBUG - 2025-02-03 06:18:46 --> Session: Class initialized using 'CodeIgniter\Session\Handlers\FileHandler' driver.
DEBUG - 2025-02-03 06:18:56 --> Session: Class initialized using 'CodeIgniter\Session\Handlers\FileHandler' driver.
DEBUG - 2025-02-03 06:18:56 --> Session: Class initialized using 'CodeIgniter\Session\Handlers\FileHandler' driver.
DEBUG - 2025-02-03 06:19:52 --> Session: Class initialized using 'CodeIgniter\Session\Handlers\FileHandler' driver.
DEBUG - 2025-02-03 06:19:52 --> Session: Class initialized using 'CodeIgniter\Session\Handlers\FileHandler' driver.
DEBUG - 2025-02-03 06:20:01 --> Session: Class initialized using 'CodeIgniter\Session\Handlers\FileHandler' driver.
DEBUG - 2025-02-03 06:20:01 --> Session: Class initialized using 'CodeIgniter\Session\Handlers\FileHandler' driver.
DEBUG - 2025-02-03 06:20:21 --> Session: Class initialized using 'CodeIgniter\Session\Handlers\FileHandler' driver.
DEBUG - 2025-02-03 06:20:22 --> Session: Class initialized using 'CodeIgniter\Session\Handlers\FileHandler' driver.
DEBUG - 2025-02-03 06:20:41 --> Session: Class initialized using 'CodeIgniter\Session\Handlers\FileHandler' driver.
DEBUG - 2025-02-03 06:20:41 --> Session: Class initialized using 'CodeIgniter\Session\Handlers\FileHandler' driver.
DEBUG - 2025-02-03 06:20:47 --> Session: Class initialized using 'CodeIgniter\Session\Handlers\FileHandler' driver.
DEBUG - 2025-02-03 06:20:47 --> Session: Class initialized using 'CodeIgniter\Session\Handlers\FileHandler' driver.
DEBUG - 2025-02-03 06:21:07 --> Session: Class initialized using 'CodeIgniter\Session\Handlers\FileHandler' driver.
DEBUG - 2025-02-03 06:21:09 --> Session: Class initialized using 'CodeIgniter\Session\Handlers\FileHandler' driver.
DEBUG - 2025-02-03 06:21:18 --> Session: Class initialized using 'CodeIgniter\Session\Handlers\FileHandler' driver.
DEBUG - 2025-02-03 06:21:18 --> Session: Class initialized using 'CodeIgniter\Session\Handlers\FileHandler' driver.
DEBUG - 2025-02-03 06:21:26 --> Session: Class initialized using 'CodeIgniter\Session\Handlers\FileHandler' driver.
DEBUG - 2025-02-03 06:21:26 --> Session: Class initialized using 'CodeIgniter\Session\Handlers\FileHandler' driver.
DEBUG - 2025-02-03 06:21:29 --> Session: Class initialized using 'CodeIgniter\Session\Handlers\FileHandler' driver.
DEBUG - 2025-02-03 06:21:30 --> Session: Class initialized using 'CodeIgniter\Session\Handlers\FileHandler' driver.
DEBUG - 2025-02-03 06:21:57 --> Session: Class initialized using 'CodeIgniter\Session\Handlers\FileHandler' driver.
DEBUG - 2025-02-03 06:21:58 --> Session: Class initialized using 'CodeIgniter\Session\Handlers\FileHandler' driver.
DEBUG - 2025-02-03 06:21:59 --> Session: Class initialized using 'CodeIgniter\Session\Handlers\FileHandler' driver.
DEBUG - 2025-02-03 06:22:18 --> Session: Class initialized using 'CodeIgniter\Session\Handlers\FileHandler' driver.
DEBUG - 2025-02-03 06:22:21 --> Session: Class initialized using 'CodeIgniter\Session\Handlers\FileHandler' driver.
DEBUG - 2025-02-03 06:22:35 --> Session: Class initialized using 'CodeIgniter\Session\Handlers\FileHandler' driver.
DEBUG - 2025-02-03 06:22:35 --> Session: Class initialized using 'CodeIgniter\Session\Handlers\FileHandler' driver.
DEBUG - 2025-02-03 06:22:46 --> Session: Class initialized using 'CodeIgniter\Session\Handlers\FileHandler' driver.
DEBUG - 2025-02-03 06:22:46 --> Session: Class initialized using 'CodeIgniter\Session\Handlers\FileHandler' driver.
DEBUG - 2025-02-03 06:22:52 --> Session: Class initialized using 'CodeIgniter\Session\Handlers\FileHandler' driver.
DEBUG - 2025-02-03 06:22:52 --> Session: Class initialized using 'CodeIgniter\Session\Handlers\FileHandler' driver.
DEBUG - 2025-02-03 06:23:08 --> Session: Class initialized using 'CodeIgniter\Session\Handlers\FileHandler' driver.
DEBUG - 2025-02-03 06:23:08 --> Session: Class initialized using 'CodeIgniter\Session\Handlers\FileHandler' driver.
DEBUG - 2025-02-03 06:34:44 --> Session: Class initialized using 'CodeIgniter\Session\Handlers\FileHandler' driver.
DEBUG - 2025-02-03 06:34:44 --> Session: Class initialized using 'CodeIgniter\Session\Handlers\FileHandler' driver.
DEBUG - 2025-02-03 06:34:56 --> Session: Class initialized using 'CodeIgniter\Session\Handlers\FileHandler' driver.
DEBUG - 2025-02-03 06:34:56 --> Session: Class initialized using 'CodeIgniter\Session\Handlers\FileHandler' driver.
DEBUG - 2025-02-03 06:35:06 --> Session: Class initialized using 'CodeIgniter\Session\Handlers\FileHandler' driver.
DEBUG - 2025-02-03 06:35:06 --> Session: Class initialized using 'CodeIgniter\Session\Handlers\FileHandler' driver.
DEBUG - 2025-02-03 06:35:15 --> Session: Class initialized using 'CodeIgniter\Session\Handlers\FileHandler' driver.
DEBUG - 2025-02-03 06:35:15 --> Session: Class initialized using 'CodeIgniter\Session\Handlers\FileHandler' driver.
DEBUG - 2025-02-03 06:35:48 --> Session: Class initialized using 'CodeIgniter\Session\Handlers\FileHandler' driver.
DEBUG - 2025-02-03 06:35:48 --> Session: Class initialized using 'CodeIgniter\Session\Handlers\FileHandler' driver.
DEBUG - 2025-02-03 06:35:56 --> Session: Class initialized using 'CodeIgniter\Session\Handlers\FileHandler' driver.
DEBUG - 2025-02-03 06:35:56 --> Session: Class initialized using 'CodeIgniter\Session\Handlers\FileHandler' driver.
DEBUG - 2025-02-03 06:36:14 --> Session: Class initialized using 'CodeIgniter\Session\Handlers\FileHandler' driver.
DEBUG - 2025-02-03 06:36:14 --> Session: Class initialized using 'CodeIgniter\Session\Handlers\FileHandler' driver.
DEBUG - 2025-02-03 06:36:26 --> Session: Class initialized using 'CodeIgniter\Session\Handlers\FileHandler' driver.
DEBUG - 2025-02-03 06:36:26 --> Session: Class initialized using 'CodeIgniter\Session\Handlers\FileHandler' driver.
DEBUG - 2025-02-03 06:36:35 --> Session: Class initialized using 'CodeIgniter\Session\Handlers\FileHandler' driver.
DEBUG - 2025-02-03 06:36:36 --> Session: Class initialized using 'CodeIgniter\Session\Handlers\FileHandler' driver.
DEBUG - 2025-02-03 06:36:37 --> Session: Class initialized using 'CodeIgniter\Session\Handlers\FileHandler' driver.
DEBUG - 2025-02-03 06:36:40 --> Session: Class initialized using 'CodeIgniter\Session\Handlers\FileHandler' driver.
DEBUG - 2025-02-03 06:36:48 --> Session: Class initialized using 'CodeIgniter\Session\Handlers\FileHandler' driver.
DEBUG - 2025-02-03 06:36:48 --> Session: Class initialized using 'CodeIgniter\Session\Handlers\FileHandler' driver.
DEBUG - 2025-02-03 06:37:18 --> Session: Class initialized using 'CodeIgniter\Session\Handlers\FileHandler' driver.
DEBUG - 2025-02-03 06:37:50 --> Session: Class initialized using 'CodeIgniter\Session\Handlers\FileHandler' driver.
DEBUG - 2025-02-03 06:37:58 --> Session: Class initialized using 'CodeIgniter\Session\Handlers\FileHandler' driver.
DEBUG - 2025-02-03 06:37:58 --> Session: Class initialized using 'CodeIgniter\Session\Handlers\FileHandler' driver.
DEBUG - 2025-02-03 06:38:30 --> Session: Class initialized using 'CodeIgniter\Session\Handlers\FileHandler' driver.
DEBUG - 2025-02-03 06:38:36 --> Session: Class initialized using 'CodeIgniter\Session\Handlers\FileHandler' driver.
DEBUG - 2025-02-03 06:38:36 --> Session: Class initialized using 'CodeIgniter\Session\Handlers\FileHandler' driver.
DEBUG - 2025-02-03 06:38:43 --> Session: Class initialized using 'CodeIgniter\Session\Handlers\FileHandler' driver.
DEBUG - 2025-02-03 06:38:52 --> Session: Class initialized using 'CodeIgniter\Session\Handlers\FileHandler' driver.
DEBUG - 2025-02-03 06:38:52 --> Session: Class initialized using 'CodeIgniter\Session\Handlers\FileHandler' driver.
DEBUG - 2025-02-03 06:42:18 --> Session: Class initialized using 'CodeIgniter\Session\Handlers\FileHandler' driver.
DEBUG - 2025-02-03 06:42:20 --> Session: Class initialized using 'CodeIgniter\Session\Handlers\FileHandler' driver.
DEBUG - 2025-02-03 06:42:24 --> Session: Class initialized using 'CodeIgniter\Session\Handlers\FileHandler' driver.
DEBUG - 2025-02-03 06:42:24 --> Session: Class initialized using 'CodeIgniter\Session\Handlers\FileHandler' driver.
DEBUG - 2025-02-03 06:42:29 --> Session: Class initialized using 'CodeIgniter\Session\Handlers\FileHandler' driver.
DEBUG - 2025-02-03 06:42:37 --> Session: Class initialized using 'CodeIgniter\Session\Handlers\FileHandler' driver.
DEBUG - 2025-02-03 06:42:37 --> Session: Class initialized using 'CodeIgniter\Session\Handlers\FileHandler' driver.
DEBUG - 2025-02-03 06:43:55 --> Session: Class initialized using 'CodeIgniter\Session\Handlers\FileHandler' driver.
DEBUG - 2025-02-03 06:43:56 --> Session: Class initialized using 'CodeIgniter\Session\Handlers\FileHandler' driver.
DEBUG - 2025-02-03 06:44:08 --> Session: Class initialized using 'CodeIgniter\Session\Handlers\FileHandler' driver.
DEBUG - 2025-02-03 06:44:14 --> Session: Class initialized using 'CodeIgniter\Session\Handlers\FileHandler' driver.
DEBUG - 2025-02-03 06:44:15 --> Session: Class initialized using 'CodeIgniter\Session\Handlers\FileHandler' driver.
DEBUG - 2025-02-03 06:44:16 --> Session: Class initialized using 'CodeIgniter\Session\Handlers\FileHandler' driver.
DEBUG - 2025-02-03 06:44:25 --> Session: Class initialized using 'CodeIgniter\Session\Handlers\FileHandler' driver.
DEBUG - 2025-02-03 06:44:25 --> Session: Class initialized using 'CodeIgniter\Session\Handlers\FileHandler' driver.
DEBUG - 2025-02-03 06:44:38 --> Session: Class initialized using 'CodeIgniter\Session\Handlers\FileHandler' driver.
DEBUG - 2025-02-03 06:44:39 --> Session: Class initialized using 'CodeIgniter\Session\Handlers\FileHandler' driver.
DEBUG - 2025-02-03 06:45:13 --> Session: Class initialized using 'CodeIgniter\Session\Handlers\FileHandler' driver.
DEBUG - 2025-02-03 06:45:43 --> Session: Class initialized using 'CodeIgniter\Session\Handlers\FileHandler' driver.
DEBUG - 2025-02-03 06:46:53 --> Session: Class initialized using 'CodeIgniter\Session\Handlers\FileHandler' driver.
DEBUG - 2025-02-03 06:48:47 --> Session: Class initialized using 'CodeIgniter\Session\Handlers\FileHandler' driver.
DEBUG - 2025-02-03 06:48:53 --> Session: Class initialized using 'CodeIgniter\Session\Handlers\FileHandler' driver.
DEBUG - 2025-02-03 06:48:58 --> Session: Class initialized using 'CodeIgniter\Session\Handlers\FileHandler' driver.
DEBUG - 2025-02-03 06:48:59 --> Session: Class initialized using 'CodeIgniter\Session\Handlers\FileHandler' driver.
DEBUG - 2025-02-03 06:49:01 --> Session: Class initialized using 'CodeIgniter\Session\Handlers\FileHandler' driver.
DEBUG - 2025-02-03 06:49:02 --> Session: Class initialized using 'CodeIgniter\Session\Handlers\FileHandler' driver.
DEBUG - 2025-02-03 06:49:35 --> Session: Class initialized using 'CodeIgniter\Session\Handlers\FileHandler' driver.
DEBUG - 2025-02-03 06:49:35 --> Session: Class initialized using 'CodeIgniter\Session\Handlers\FileHandler' driver.
DEBUG - 2025-02-03 06:50:39 --> Session: Class initialized using 'CodeIgniter\Session\Handlers\FileHandler' driver.
DEBUG - 2025-02-03 06:50:39 --> Session: Class initialized using 'CodeIgniter\Session\Handlers\FileHandler' driver.
DEBUG - 2025-02-03 06:50:51 --> Session: Class initialized using 'CodeIgniter\Session\Handlers\FileHandler' driver.
CRITICAL - 2025-02-03 06:50:51 --> ErrorException: Undefined variable $admin
[Method: GET, Route: manage-siswa/edit/3]
in APPPATH\Views\backend\page\siswa\edit-siswa.php on line 20.
 1 APPPATH\Views\backend\page\siswa\edit-siswa.php(20): CodeIgniter\Debug\Exceptions->errorHandler(2, 'Undefined variable $admin', 'C:\\xampp 8.1.25\\htdocs\\SMKN-10-Semarang\\SiKapTen\\app\\Views\\backend\\page\\siswa\\edit-siswa.php', 20)
 2 SYSTEMPATH\View\View.php(224): include('C:\\xampp 8.1.25\\htdocs\\SMKN-10-Semarang\\SiKapTen\\app\\Views\\backend\\page\\siswa\\edit-siswa.php')
 3 SYSTEMPATH\View\View.php(227): CodeIgniter\View\View->CodeIgniter\View\{closure}()
 4 SYSTEMPATH\Common.php(1173): CodeIgniter\View\View->render('backend/page/siswa/edit-siswa', [], true)
 5 APPPATH\Controllers\ManageSiswaController.php(105): view('backend/page/siswa/edit-siswa', [...])
 6 SYSTEMPATH\CodeIgniter.php(933): App\Controllers\ManageSiswaController->edit('3')
 7 SYSTEMPATH\CodeIgniter.php(507): CodeIgniter\CodeIgniter->runController(Object(App\Controllers\ManageSiswaController))
 8 SYSTEMPATH\CodeIgniter.php(354): CodeIgniter\CodeIgniter->handleRequest(null, Object(Config\Cache), false)
 9 SYSTEMPATH\Boot.php(334): CodeIgniter\CodeIgniter->run()
10 SYSTEMPATH\Boot.php(67): CodeIgniter\Boot::runCodeIgniter(Object(CodeIgniter\CodeIgniter))
11 FCPATH\index.php(56): CodeIgniter\Boot::bootWeb(Object(Config\Paths))
12 SYSTEMPATH\rewrite.php(44): require_once('C:\\xampp 8.1.25\\htdocs\\SMKN-10-Semarang\\SiKapTen\\public\\index.php')
DEBUG - 2025-02-03 06:50:53 --> Session: Class initialized using 'CodeIgniter\Session\Handlers\FileHandler' driver.
DEBUG - 2025-02-03 06:51:40 --> Session: Class initialized using 'CodeIgniter\Session\Handlers\FileHandler' driver.
CRITICAL - 2025-02-03 06:51:40 --> ErrorException: Undefined variable $admin
[Method: GET, Route: manage-siswa/edit/2]
in APPPATH\Views\backend\page\siswa\edit-siswa.php on line 20.
 1 APPPATH\Views\backend\page\siswa\edit-siswa.php(20): CodeIgniter\Debug\Exceptions->errorHandler(2, 'Undefined variable $admin', 'C:\\xampp 8.1.25\\htdocs\\SMKN-10-Semarang\\SiKapTen\\app\\Views\\backend\\page\\siswa\\edit-siswa.php', 20)
 2 SYSTEMPATH\View\View.php(224): include('C:\\xampp 8.1.25\\htdocs\\SMKN-10-Semarang\\SiKapTen\\app\\Views\\backend\\page\\siswa\\edit-siswa.php')
 3 SYSTEMPATH\View\View.php(227): CodeIgniter\View\View->CodeIgniter\View\{closure}()
 4 SYSTEMPATH\Common.php(1173): CodeIgniter\View\View->render('backend/page/siswa/edit-siswa', [], true)
 5 APPPATH\Controllers\ManageSiswaController.php(105): view('backend/page/siswa/edit-siswa', [...])
 6 SYSTEMPATH\CodeIgniter.php(933): App\Controllers\ManageSiswaController->edit('2')
 7 SYSTEMPATH\CodeIgniter.php(507): CodeIgniter\CodeIgniter->runController(Object(App\Controllers\ManageSiswaController))
 8 SYSTEMPATH\CodeIgniter.php(354): CodeIgniter\CodeIgniter->handleRequest(null, Object(Config\Cache), false)
 9 SYSTEMPATH\Boot.php(334): CodeIgniter\CodeIgniter->run()
10 SYSTEMPATH\Boot.php(67): CodeIgniter\Boot::runCodeIgniter(Object(CodeIgniter\CodeIgniter))
11 FCPATH\index.php(56): CodeIgniter\Boot::bootWeb(Object(Config\Paths))
12 SYSTEMPATH\rewrite.php(44): require_once('C:\\xampp 8.1.25\\htdocs\\SMKN-10-Semarang\\SiKapTen\\public\\index.php')
DEBUG - 2025-02-03 06:57:59 --> Session: Class initialized using 'CodeIgniter\Session\Handlers\FileHandler' driver.
DEBUG - 2025-02-03 06:58:00 --> Session: Class initialized using 'CodeIgniter\Session\Handlers\FileHandler' driver.
DEBUG - 2025-02-03 06:58:01 --> Session: Class initialized using 'CodeIgniter\Session\Handlers\FileHandler' driver.
DEBUG - 2025-02-03 07:00:28 --> Session: Class initialized using 'CodeIgniter\Session\Handlers\FileHandler' driver.
CRITICAL - 2025-02-03 07:00:28 --> ErrorException: Undefined variable $kelas
[Method: GET, Route: manage-siswa/edit/2]
in APPPATH\Views\backend\page\siswa\edit-siswa.php on line 56.
 1 APPPATH\Views\backend\page\siswa\edit-siswa.php(56): CodeIgniter\Debug\Exceptions->errorHandler(2, 'Undefined variable $kelas', 'C:\\xampp 8.1.25\\htdocs\\SMKN-10-Semarang\\SiKapTen\\app\\Views\\backend\\page\\siswa\\edit-siswa.php', 56)
 2 SYSTEMPATH\View\View.php(224): include('C:\\xampp 8.1.25\\htdocs\\SMKN-10-Semarang\\SiKapTen\\app\\Views\\backend\\page\\siswa\\edit-siswa.php')
 3 SYSTEMPATH\View\View.php(227): CodeIgniter\View\View->CodeIgniter\View\{closure}()
 4 SYSTEMPATH\Common.php(1173): CodeIgniter\View\View->render('backend/page/siswa/edit-siswa', [], true)
 5 APPPATH\Controllers\ManageSiswaController.php(105): view('backend/page/siswa/edit-siswa', [...])
 6 SYSTEMPATH\CodeIgniter.php(933): App\Controllers\ManageSiswaController->edit('2')
 7 SYSTEMPATH\CodeIgniter.php(507): CodeIgniter\CodeIgniter->runController(Object(App\Controllers\ManageSiswaController))
 8 SYSTEMPATH\CodeIgniter.php(354): CodeIgniter\CodeIgniter->handleRequest(null, Object(Config\Cache), false)
 9 SYSTEMPATH\Boot.php(334): CodeIgniter\CodeIgniter->run()
10 SYSTEMPATH\Boot.php(67): CodeIgniter\Boot::runCodeIgniter(Object(CodeIgniter\CodeIgniter))
11 FCPATH\index.php(56): CodeIgniter\Boot::bootWeb(Object(Config\Paths))
12 SYSTEMPATH\rewrite.php(44): require_once('C:\\xampp 8.1.25\\htdocs\\SMKN-10-Semarang\\SiKapTen\\public\\index.php')
DEBUG - 2025-02-03 07:01:11 --> Session: Class initialized using 'CodeIgniter\Session\Handlers\FileHandler' driver.
DEBUG - 2025-02-03 07:01:15 --> Session: Class initialized using 'CodeIgniter\Session\Handlers\FileHandler' driver.
DEBUG - 2025-02-03 07:01:18 --> Session: Class initialized using 'CodeIgniter\Session\Handlers\FileHandler' driver.
DEBUG - 2025-02-03 07:03:20 --> Session: Class initialized using 'CodeIgniter\Session\Handlers\FileHandler' driver.
DEBUG - 2025-02-03 07:03:22 --> Session: Class initialized using 'CodeIgniter\Session\Handlers\FileHandler' driver.
DEBUG - 2025-02-03 07:03:28 --> Session: Class initialized using 'CodeIgniter\Session\Handlers\FileHandler' driver.
DEBUG - 2025-02-03 07:03:35 --> Session: Class initialized using 'CodeIgniter\Session\Handlers\FileHandler' driver.
DEBUG - 2025-02-03 07:03:38 --> Session: Class initialized using 'CodeIgniter\Session\Handlers\FileHandler' driver.
DEBUG - 2025-02-03 07:03:40 --> Session: Class initialized using 'CodeIgniter\Session\Handlers\FileHandler' driver.
DEBUG - 2025-02-03 07:04:23 --> Session: Class initialized using 'CodeIgniter\Session\Handlers\FileHandler' driver.
DEBUG - 2025-02-03 07:04:25 --> Session: Class initialized using 'CodeIgniter\Session\Handlers\FileHandler' driver.
DEBUG - 2025-02-03 07:04:46 --> Session: Class initialized using 'CodeIgniter\Session\Handlers\FileHandler' driver.
DEBUG - 2025-02-03 07:04:48 --> Session: Class initialized using 'CodeIgniter\Session\Handlers\FileHandler' driver.
DEBUG - 2025-02-03 07:04:49 --> Session: Class initialized using 'CodeIgniter\Session\Handlers\FileHandler' driver.
CRITICAL - 2025-02-03 07:04:49 --> ErrorException: Undefined variable $admin
[Method: GET, Route: manage-siswa/edit/1]
in APPPATH\Views\backend\page\siswa\edit-siswa.php on line 68.
 1 APPPATH\Views\backend\page\siswa\edit-siswa.php(68): CodeIgniter\Debug\Exceptions->errorHandler(2, 'Undefined variable $admin', 'C:\\xampp 8.1.25\\htdocs\\SMKN-10-Semarang\\SiKapTen\\app\\Views\\backend\\page\\siswa\\edit-siswa.php', 68)
 2 SYSTEMPATH\View\View.php(224): include('C:\\xampp 8.1.25\\htdocs\\SMKN-10-Semarang\\SiKapTen\\app\\Views\\backend\\page\\siswa\\edit-siswa.php')
 3 SYSTEMPATH\View\View.php(227): CodeIgniter\View\View->CodeIgniter\View\{closure}()
 4 SYSTEMPATH\Common.php(1173): CodeIgniter\View\View->render('backend/page/siswa/edit-siswa', [], true)
 5 APPPATH\Controllers\ManageSiswaController.php(107): view('backend/page/siswa/edit-siswa', [...])
 6 SYSTEMPATH\CodeIgniter.php(933): App\Controllers\ManageSiswaController->edit('1')
 7 SYSTEMPATH\CodeIgniter.php(507): CodeIgniter\CodeIgniter->runController(Object(App\Controllers\ManageSiswaController))
 8 SYSTEMPATH\CodeIgniter.php(354): CodeIgniter\CodeIgniter->handleRequest(null, Object(Config\Cache), false)
 9 SYSTEMPATH\Boot.php(334): CodeIgniter\CodeIgniter->run()
10 SYSTEMPATH\Boot.php(67): CodeIgniter\Boot::runCodeIgniter(Object(CodeIgniter\CodeIgniter))
11 FCPATH\index.php(56): CodeIgniter\Boot::bootWeb(Object(Config\Paths))
12 SYSTEMPATH\rewrite.php(44): require_once('C:\\xampp 8.1.25\\htdocs\\SMKN-10-Semarang\\SiKapTen\\public\\index.php')
DEBUG - 2025-02-03 07:05:17 --> Session: Class initialized using 'CodeIgniter\Session\Handlers\FileHandler' driver.
CRITICAL - 2025-02-03 07:05:17 --> ErrorException: Undefined array key "full_name"
[Method: GET, Route: manage-siswa/edit/1]
in APPPATH\Views\backend\page\siswa\edit-siswa.php on line 68.
 1 APPPATH\Views\backend\page\siswa\edit-siswa.php(68): CodeIgniter\Debug\Exceptions->errorHandler(2, 'Undefined array key "full_name"', 'C:\\xampp 8.1.25\\htdocs\\SMKN-10-Semarang\\SiKapTen\\app\\Views\\backend\\page\\siswa\\edit-siswa.php', 68)
 2 SYSTEMPATH\View\View.php(224): include('C:\\xampp 8.1.25\\htdocs\\SMKN-10-Semarang\\SiKapTen\\app\\Views\\backend\\page\\siswa\\edit-siswa.php')
 3 SYSTEMPATH\View\View.php(227): CodeIgniter\View\View->CodeIgniter\View\{closure}()
 4 SYSTEMPATH\Common.php(1173): CodeIgniter\View\View->render('backend/page/siswa/edit-siswa', [], true)
 5 APPPATH\Controllers\ManageSiswaController.php(107): view('backend/page/siswa/edit-siswa', [...])
 6 SYSTEMPATH\CodeIgniter.php(933): App\Controllers\ManageSiswaController->edit('1')
 7 SYSTEMPATH\CodeIgniter.php(507): CodeIgniter\CodeIgniter->runController(Object(App\Controllers\ManageSiswaController))
 8 SYSTEMPATH\CodeIgniter.php(354): CodeIgniter\CodeIgniter->handleRequest(null, Object(Config\Cache), false)
 9 SYSTEMPATH\Boot.php(334): CodeIgniter\CodeIgniter->run()
10 SYSTEMPATH\Boot.php(67): CodeIgniter\Boot::runCodeIgniter(Object(CodeIgniter\CodeIgniter))
11 FCPATH\index.php(56): CodeIgniter\Boot::bootWeb(Object(Config\Paths))
12 SYSTEMPATH\rewrite.php(44): require_once('C:\\xampp 8.1.25\\htdocs\\SMKN-10-Semarang\\SiKapTen\\public\\index.php')
DEBUG - 2025-02-03 07:06:27 --> Session: Class initialized using 'CodeIgniter\Session\Handlers\FileHandler' driver.
CRITICAL - 2025-02-03 07:06:27 --> ErrorException: Undefined array key "full_name"
[Method: GET, Route: manage-siswa/edit/1]
in APPPATH\Views\backend\page\siswa\edit-siswa.php on line 68.
 1 APPPATH\Views\backend\page\siswa\edit-siswa.php(68): CodeIgniter\Debug\Exceptions->errorHandler(2, 'Undefined array key "full_name"', 'C:\\xampp 8.1.25\\htdocs\\SMKN-10-Semarang\\SiKapTen\\app\\Views\\backend\\page\\siswa\\edit-siswa.php', 68)
 2 SYSTEMPATH\View\View.php(224): include('C:\\xampp 8.1.25\\htdocs\\SMKN-10-Semarang\\SiKapTen\\app\\Views\\backend\\page\\siswa\\edit-siswa.php')
 3 SYSTEMPATH\View\View.php(227): CodeIgniter\View\View->CodeIgniter\View\{closure}()
 4 SYSTEMPATH\Common.php(1173): CodeIgniter\View\View->render('backend/page/siswa/edit-siswa', [], true)
 5 APPPATH\Controllers\ManageSiswaController.php(107): view('backend/page/siswa/edit-siswa', [...])
 6 SYSTEMPATH\CodeIgniter.php(933): App\Controllers\ManageSiswaController->edit('1')
 7 SYSTEMPATH\CodeIgniter.php(507): CodeIgniter\CodeIgniter->runController(Object(App\Controllers\ManageSiswaController))
 8 SYSTEMPATH\CodeIgniter.php(354): CodeIgniter\CodeIgniter->handleRequest(null, Object(Config\Cache), false)
 9 SYSTEMPATH\Boot.php(334): CodeIgniter\CodeIgniter->run()
10 SYSTEMPATH\Boot.php(67): CodeIgniter\Boot::runCodeIgniter(Object(CodeIgniter\CodeIgniter))
11 FCPATH\index.php(56): CodeIgniter\Boot::bootWeb(Object(Config\Paths))
12 SYSTEMPATH\rewrite.php(44): require_once('C:\\xampp 8.1.25\\htdocs\\SMKN-10-Semarang\\SiKapTen\\public\\index.php')
DEBUG - 2025-02-03 07:06:27 --> Session: Class initialized using 'CodeIgniter\Session\Handlers\FileHandler' driver.
CRITICAL - 2025-02-03 07:06:27 --> ErrorException: Undefined array key "full_name"
[Method: GET, Route: manage-siswa/edit/1]
in APPPATH\Views\backend\page\siswa\edit-siswa.php on line 68.
 1 APPPATH\Views\backend\page\siswa\edit-siswa.php(68): CodeIgniter\Debug\Exceptions->errorHandler(2, 'Undefined array key "full_name"', 'C:\\xampp 8.1.25\\htdocs\\SMKN-10-Semarang\\SiKapTen\\app\\Views\\backend\\page\\siswa\\edit-siswa.php', 68)
 2 SYSTEMPATH\View\View.php(224): include('C:\\xampp 8.1.25\\htdocs\\SMKN-10-Semarang\\SiKapTen\\app\\Views\\backend\\page\\siswa\\edit-siswa.php')
 3 SYSTEMPATH\View\View.php(227): CodeIgniter\View\View->CodeIgniter\View\{closure}()
 4 SYSTEMPATH\Common.php(1173): CodeIgniter\View\View->render('backend/page/siswa/edit-siswa', [], true)
 5 APPPATH\Controllers\ManageSiswaController.php(107): view('backend/page/siswa/edit-siswa', [...])
 6 SYSTEMPATH\CodeIgniter.php(933): App\Controllers\ManageSiswaController->edit('1')
 7 SYSTEMPATH\CodeIgniter.php(507): CodeIgniter\CodeIgniter->runController(Object(App\Controllers\ManageSiswaController))
 8 SYSTEMPATH\CodeIgniter.php(354): CodeIgniter\CodeIgniter->handleRequest(null, Object(Config\Cache), false)
 9 SYSTEMPATH\Boot.php(334): CodeIgniter\CodeIgniter->run()
10 SYSTEMPATH\Boot.php(67): CodeIgniter\Boot::runCodeIgniter(Object(CodeIgniter\CodeIgniter))
11 FCPATH\index.php(56): CodeIgniter\Boot::bootWeb(Object(Config\Paths))
12 SYSTEMPATH\rewrite.php(44): require_once('C:\\xampp 8.1.25\\htdocs\\SMKN-10-Semarang\\SiKapTen\\public\\index.php')
DEBUG - 2025-02-03 07:06:42 --> Session: Class initialized using 'CodeIgniter\Session\Handlers\FileHandler' driver.
CRITICAL - 2025-02-03 07:06:42 --> ErrorException: Undefined array key "group_name"
[Method: GET, Route: manage-siswa/edit/1]
in APPPATH\Views\backend\page\siswa\edit-siswa.php on line 68.
 1 APPPATH\Views\backend\page\siswa\edit-siswa.php(68): CodeIgniter\Debug\Exceptions->errorHandler(2, 'Undefined array key "group_name"', 'C:\\xampp 8.1.25\\htdocs\\SMKN-10-Semarang\\SiKapTen\\app\\Views\\backend\\page\\siswa\\edit-siswa.php', 68)
 2 SYSTEMPATH\View\View.php(224): include('C:\\xampp 8.1.25\\htdocs\\SMKN-10-Semarang\\SiKapTen\\app\\Views\\backend\\page\\siswa\\edit-siswa.php')
 3 SYSTEMPATH\View\View.php(227): CodeIgniter\View\View->CodeIgniter\View\{closure}()
 4 SYSTEMPATH\Common.php(1173): CodeIgniter\View\View->render('backend/page/siswa/edit-siswa', [], true)
 5 APPPATH\Controllers\ManageSiswaController.php(107): view('backend/page/siswa/edit-siswa', [...])
 6 SYSTEMPATH\CodeIgniter.php(933): App\Controllers\ManageSiswaController->edit('1')
 7 SYSTEMPATH\CodeIgniter.php(507): CodeIgniter\CodeIgniter->runController(Object(App\Controllers\ManageSiswaController))
 8 SYSTEMPATH\CodeIgniter.php(354): CodeIgniter\CodeIgniter->handleRequest(null, Object(Config\Cache), false)
 9 SYSTEMPATH\Boot.php(334): CodeIgniter\CodeIgniter->run()
10 SYSTEMPATH\Boot.php(67): CodeIgniter\Boot::runCodeIgniter(Object(CodeIgniter\CodeIgniter))
11 FCPATH\index.php(56): CodeIgniter\Boot::bootWeb(Object(Config\Paths))
12 SYSTEMPATH\rewrite.php(44): require_once('C:\\xampp 8.1.25\\htdocs\\SMKN-10-Semarang\\SiKapTen\\public\\index.php')
DEBUG - 2025-02-03 07:06:43 --> Session: Class initialized using 'CodeIgniter\Session\Handlers\FileHandler' driver.
CRITICAL - 2025-02-03 07:06:43 --> ErrorException: Undefined array key "group_name"
[Method: GET, Route: manage-siswa/edit/1]
in APPPATH\Views\backend\page\siswa\edit-siswa.php on line 68.
 1 APPPATH\Views\backend\page\siswa\edit-siswa.php(68): CodeIgniter\Debug\Exceptions->errorHandler(2, 'Undefined array key "group_name"', 'C:\\xampp 8.1.25\\htdocs\\SMKN-10-Semarang\\SiKapTen\\app\\Views\\backend\\page\\siswa\\edit-siswa.php', 68)
 2 SYSTEMPATH\View\View.php(224): include('C:\\xampp 8.1.25\\htdocs\\SMKN-10-Semarang\\SiKapTen\\app\\Views\\backend\\page\\siswa\\edit-siswa.php')
 3 SYSTEMPATH\View\View.php(227): CodeIgniter\View\View->CodeIgniter\View\{closure}()
 4 SYSTEMPATH\Common.php(1173): CodeIgniter\View\View->render('backend/page/siswa/edit-siswa', [], true)
 5 APPPATH\Controllers\ManageSiswaController.php(107): view('backend/page/siswa/edit-siswa', [...])
 6 SYSTEMPATH\CodeIgniter.php(933): App\Controllers\ManageSiswaController->edit('1')
 7 SYSTEMPATH\CodeIgniter.php(507): CodeIgniter\CodeIgniter->runController(Object(App\Controllers\ManageSiswaController))
 8 SYSTEMPATH\CodeIgniter.php(354): CodeIgniter\CodeIgniter->handleRequest(null, Object(Config\Cache), false)
 9 SYSTEMPATH\Boot.php(334): CodeIgniter\CodeIgniter->run()
10 SYSTEMPATH\Boot.php(67): CodeIgniter\Boot::runCodeIgniter(Object(CodeIgniter\CodeIgniter))
11 FCPATH\index.php(56): CodeIgniter\Boot::bootWeb(Object(Config\Paths))
12 SYSTEMPATH\rewrite.php(44): require_once('C:\\xampp 8.1.25\\htdocs\\SMKN-10-Semarang\\SiKapTen\\public\\index.php')
DEBUG - 2025-02-03 07:13:48 --> Session: Class initialized using 'CodeIgniter\Session\Handlers\FileHandler' driver.
CRITICAL - 2025-02-03 07:13:48 --> ErrorException: Undefined array key "id_siswa"
[Method: GET, Route: manage-siswa/edit/1]
in APPPATH\Views\backend\page\siswa\edit-siswa.php on line 20.
 1 APPPATH\Views\backend\page\siswa\edit-siswa.php(20): CodeIgniter\Debug\Exceptions->errorHandler(2, 'Undefined array key "id_siswa"', 'C:\\xampp 8.1.25\\htdocs\\SMKN-10-Semarang\\SiKapTen\\app\\Views\\backend\\page\\siswa\\edit-siswa.php', 20)
 2 SYSTEMPATH\View\View.php(224): include('C:\\xampp 8.1.25\\htdocs\\SMKN-10-Semarang\\SiKapTen\\app\\Views\\backend\\page\\siswa\\edit-siswa.php')
 3 SYSTEMPATH\View\View.php(227): CodeIgniter\View\View->CodeIgniter\View\{closure}()
 4 SYSTEMPATH\Common.php(1173): CodeIgniter\View\View->render('backend/page/siswa/edit-siswa', [], true)
 5 APPPATH\Controllers\ManageSiswaController.php(107): view('backend/page/siswa/edit-siswa', [...])
 6 SYSTEMPATH\CodeIgniter.php(933): App\Controllers\ManageSiswaController->edit('1')
 7 SYSTEMPATH\CodeIgniter.php(507): CodeIgniter\CodeIgniter->runController(Object(App\Controllers\ManageSiswaController))
 8 SYSTEMPATH\CodeIgniter.php(354): CodeIgniter\CodeIgniter->handleRequest(null, Object(Config\Cache), false)
 9 SYSTEMPATH\Boot.php(334): CodeIgniter\CodeIgniter->run()
10 SYSTEMPATH\Boot.php(67): CodeIgniter\Boot::runCodeIgniter(Object(CodeIgniter\CodeIgniter))
11 FCPATH\index.php(56): CodeIgniter\Boot::bootWeb(Object(Config\Paths))
12 SYSTEMPATH\rewrite.php(44): require_once('C:\\xampp 8.1.25\\htdocs\\SMKN-10-Semarang\\SiKapTen\\public\\index.php')
DEBUG - 2025-02-03 07:14:03 --> Session: Class initialized using 'CodeIgniter\Session\Handlers\FileHandler' driver.
CRITICAL - 2025-02-03 07:14:03 --> ErrorException: Undefined array key "id_siswa"
[Method: GET, Route: manage-siswa/edit/1]
in APPPATH\Views\backend\page\siswa\edit-siswa.php on line 20.
 1 APPPATH\Views\backend\page\siswa\edit-siswa.php(20): CodeIgniter\Debug\Exceptions->errorHandler(2, 'Undefined array key "id_siswa"', 'C:\\xampp 8.1.25\\htdocs\\SMKN-10-Semarang\\SiKapTen\\app\\Views\\backend\\page\\siswa\\edit-siswa.php', 20)
 2 SYSTEMPATH\View\View.php(224): include('C:\\xampp 8.1.25\\htdocs\\SMKN-10-Semarang\\SiKapTen\\app\\Views\\backend\\page\\siswa\\edit-siswa.php')
 3 SYSTEMPATH\View\View.php(227): CodeIgniter\View\View->CodeIgniter\View\{closure}()
 4 SYSTEMPATH\Common.php(1173): CodeIgniter\View\View->render('backend/page/siswa/edit-siswa', [], true)
 5 APPPATH\Controllers\ManageSiswaController.php(107): view('backend/page/siswa/edit-siswa', [...])
 6 SYSTEMPATH\CodeIgniter.php(933): App\Controllers\ManageSiswaController->edit('1')
 7 SYSTEMPATH\CodeIgniter.php(507): CodeIgniter\CodeIgniter->runController(Object(App\Controllers\ManageSiswaController))
 8 SYSTEMPATH\CodeIgniter.php(354): CodeIgniter\CodeIgniter->handleRequest(null, Object(Config\Cache), false)
 9 SYSTEMPATH\Boot.php(334): CodeIgniter\CodeIgniter->run()
10 SYSTEMPATH\Boot.php(67): CodeIgniter\Boot::runCodeIgniter(Object(CodeIgniter\CodeIgniter))
11 FCPATH\index.php(56): CodeIgniter\Boot::bootWeb(Object(Config\Paths))
12 SYSTEMPATH\rewrite.php(44): require_once('C:\\xampp 8.1.25\\htdocs\\SMKN-10-Semarang\\SiKapTen\\public\\index.php')
DEBUG - 2025-02-03 07:14:04 --> Session: Class initialized using 'CodeIgniter\Session\Handlers\FileHandler' driver.
CRITICAL - 2025-02-03 07:14:04 --> ErrorException: Undefined array key "id_siswa"
[Method: GET, Route: manage-siswa/edit/1]
in APPPATH\Views\backend\page\siswa\edit-siswa.php on line 20.
 1 APPPATH\Views\backend\page\siswa\edit-siswa.php(20): CodeIgniter\Debug\Exceptions->errorHandler(2, 'Undefined array key "id_siswa"', 'C:\\xampp 8.1.25\\htdocs\\SMKN-10-Semarang\\SiKapTen\\app\\Views\\backend\\page\\siswa\\edit-siswa.php', 20)
 2 SYSTEMPATH\View\View.php(224): include('C:\\xampp 8.1.25\\htdocs\\SMKN-10-Semarang\\SiKapTen\\app\\Views\\backend\\page\\siswa\\edit-siswa.php')
 3 SYSTEMPATH\View\View.php(227): CodeIgniter\View\View->CodeIgniter\View\{closure}()
 4 SYSTEMPATH\Common.php(1173): CodeIgniter\View\View->render('backend/page/siswa/edit-siswa', [], true)
 5 APPPATH\Controllers\ManageSiswaController.php(107): view('backend/page/siswa/edit-siswa', [...])
 6 SYSTEMPATH\CodeIgniter.php(933): App\Controllers\ManageSiswaController->edit('1')
 7 SYSTEMPATH\CodeIgniter.php(507): CodeIgniter\CodeIgniter->runController(Object(App\Controllers\ManageSiswaController))
 8 SYSTEMPATH\CodeIgniter.php(354): CodeIgniter\CodeIgniter->handleRequest(null, Object(Config\Cache), false)
 9 SYSTEMPATH\Boot.php(334): CodeIgniter\CodeIgniter->run()
10 SYSTEMPATH\Boot.php(67): CodeIgniter\Boot::runCodeIgniter(Object(CodeIgniter\CodeIgniter))
11 FCPATH\index.php(56): CodeIgniter\Boot::bootWeb(Object(Config\Paths))
12 SYSTEMPATH\rewrite.php(44): require_once('C:\\xampp 8.1.25\\htdocs\\SMKN-10-Semarang\\SiKapTen\\public\\index.php')
CRITICAL - 2025-02-03 07:14:15 --> CodeIgniter\Exceptions\BadMethodCallException: Call to undefined method App\Models\AdminModel::getSiswaWithGroupAndKelas
[Method: GET, Route: manage-siswa/edit/1]
in SYSTEMPATH\Model.php on line 930.
 1 APPPATH\Controllers\ManageSiswaController.php(101): CodeIgniter\Model->__call('getSiswaWithGroupAndKelas', [])
 2 SYSTEMPATH\CodeIgniter.php(933): App\Controllers\ManageSiswaController->edit('1')
 3 SYSTEMPATH\CodeIgniter.php(507): CodeIgniter\CodeIgniter->runController(Object(App\Controllers\ManageSiswaController))
 4 SYSTEMPATH\CodeIgniter.php(354): CodeIgniter\CodeIgniter->handleRequest(null, Object(Config\Cache), false)
 5 SYSTEMPATH\Boot.php(334): CodeIgniter\CodeIgniter->run()
 6 SYSTEMPATH\Boot.php(67): CodeIgniter\Boot::runCodeIgniter(Object(CodeIgniter\CodeIgniter))
 7 FCPATH\index.php(56): CodeIgniter\Boot::bootWeb(Object(Config\Paths))
 8 SYSTEMPATH\rewrite.php(44): require_once('C:\\xampp 8.1.25\\htdocs\\SMKN-10-Semarang\\SiKapTen\\public\\index.php')
DEBUG - 2025-02-03 07:14:48 --> Session: Class initialized using 'CodeIgniter\Session\Handlers\FileHandler' driver.
CRITICAL - 2025-02-03 07:14:48 --> ErrorException: Undefined array key "full_name"
[Method: GET, Route: manage-siswa/edit/1]
in APPPATH\Views\backend\page\siswa\edit-siswa.php on line 68.
 1 APPPATH\Views\backend\page\siswa\edit-siswa.php(68): CodeIgniter\Debug\Exceptions->errorHandler(2, 'Undefined array key "full_name"', 'C:\\xampp 8.1.25\\htdocs\\SMKN-10-Semarang\\SiKapTen\\app\\Views\\backend\\page\\siswa\\edit-siswa.php', 68)
 2 SYSTEMPATH\View\View.php(224): include('C:\\xampp 8.1.25\\htdocs\\SMKN-10-Semarang\\SiKapTen\\app\\Views\\backend\\page\\siswa\\edit-siswa.php')
 3 SYSTEMPATH\View\View.php(227): CodeIgniter\View\View->CodeIgniter\View\{closure}()
 4 SYSTEMPATH\Common.php(1173): CodeIgniter\View\View->render('backend/page/siswa/edit-siswa', [], true)
 5 APPPATH\Controllers\ManageSiswaController.php(108): view('backend/page/siswa/edit-siswa', [...])
 6 SYSTEMPATH\CodeIgniter.php(933): App\Controllers\ManageSiswaController->edit('1')
 7 SYSTEMPATH\CodeIgniter.php(507): CodeIgniter\CodeIgniter->runController(Object(App\Controllers\ManageSiswaController))
 8 SYSTEMPATH\CodeIgniter.php(354): CodeIgniter\CodeIgniter->handleRequest(null, Object(Config\Cache), false)
 9 SYSTEMPATH\Boot.php(334): CodeIgniter\CodeIgniter->run()
10 SYSTEMPATH\Boot.php(67): CodeIgniter\Boot::runCodeIgniter(Object(CodeIgniter\CodeIgniter))
11 FCPATH\index.php(56): CodeIgniter\Boot::bootWeb(Object(Config\Paths))
12 SYSTEMPATH\rewrite.php(44): require_once('C:\\xampp 8.1.25\\htdocs\\SMKN-10-Semarang\\SiKapTen\\public\\index.php')
DEBUG - 2025-02-03 07:15:13 --> Session: Class initialized using 'CodeIgniter\Session\Handlers\FileHandler' driver.
CRITICAL - 2025-02-03 07:15:13 --> ErrorException: Undefined array key "full_name"
[Method: GET, Route: manage-siswa/edit/1]
in APPPATH\Views\backend\page\siswa\edit-siswa.php on line 68.
 1 APPPATH\Views\backend\page\siswa\edit-siswa.php(68): CodeIgniter\Debug\Exceptions->errorHandler(2, 'Undefined array key "full_name"', 'C:\\xampp 8.1.25\\htdocs\\SMKN-10-Semarang\\SiKapTen\\app\\Views\\backend\\page\\siswa\\edit-siswa.php', 68)
 2 SYSTEMPATH\View\View.php(224): include('C:\\xampp 8.1.25\\htdocs\\SMKN-10-Semarang\\SiKapTen\\app\\Views\\backend\\page\\siswa\\edit-siswa.php')
 3 SYSTEMPATH\View\View.php(227): CodeIgniter\View\View->CodeIgniter\View\{closure}()
 4 SYSTEMPATH\Common.php(1173): CodeIgniter\View\View->render('backend/page/siswa/edit-siswa', [], true)
 5 APPPATH\Controllers\ManageSiswaController.php(108): view('backend/page/siswa/edit-siswa', [...])
 6 SYSTEMPATH\CodeIgniter.php(933): App\Controllers\ManageSiswaController->edit('1')
 7 SYSTEMPATH\CodeIgniter.php(507): CodeIgniter\CodeIgniter->runController(Object(App\Controllers\ManageSiswaController))
 8 SYSTEMPATH\CodeIgniter.php(354): CodeIgniter\CodeIgniter->handleRequest(null, Object(Config\Cache), false)
 9 SYSTEMPATH\Boot.php(334): CodeIgniter\CodeIgniter->run()
10 SYSTEMPATH\Boot.php(67): CodeIgniter\Boot::runCodeIgniter(Object(CodeIgniter\CodeIgniter))
11 FCPATH\index.php(56): CodeIgniter\Boot::bootWeb(Object(Config\Paths))
12 SYSTEMPATH\rewrite.php(44): require_once('C:\\xampp 8.1.25\\htdocs\\SMKN-10-Semarang\\SiKapTen\\public\\index.php')
DEBUG - 2025-02-03 07:15:14 --> Session: Class initialized using 'CodeIgniter\Session\Handlers\FileHandler' driver.
CRITICAL - 2025-02-03 07:15:14 --> ErrorException: Undefined array key "full_name"
[Method: GET, Route: manage-siswa/edit/1]
in APPPATH\Views\backend\page\siswa\edit-siswa.php on line 68.
 1 APPPATH\Views\backend\page\siswa\edit-siswa.php(68): CodeIgniter\Debug\Exceptions->errorHandler(2, 'Undefined array key "full_name"', 'C:\\xampp 8.1.25\\htdocs\\SMKN-10-Semarang\\SiKapTen\\app\\Views\\backend\\page\\siswa\\edit-siswa.php', 68)
 2 SYSTEMPATH\View\View.php(224): include('C:\\xampp 8.1.25\\htdocs\\SMKN-10-Semarang\\SiKapTen\\app\\Views\\backend\\page\\siswa\\edit-siswa.php')
 3 SYSTEMPATH\View\View.php(227): CodeIgniter\View\View->CodeIgniter\View\{closure}()
 4 SYSTEMPATH\Common.php(1173): CodeIgniter\View\View->render('backend/page/siswa/edit-siswa', [], true)
 5 APPPATH\Controllers\ManageSiswaController.php(108): view('backend/page/siswa/edit-siswa', [...])
 6 SYSTEMPATH\CodeIgniter.php(933): App\Controllers\ManageSiswaController->edit('1')
 7 SYSTEMPATH\CodeIgniter.php(507): CodeIgniter\CodeIgniter->runController(Object(App\Controllers\ManageSiswaController))
 8 SYSTEMPATH\CodeIgniter.php(354): CodeIgniter\CodeIgniter->handleRequest(null, Object(Config\Cache), false)
 9 SYSTEMPATH\Boot.php(334): CodeIgniter\CodeIgniter->run()
10 SYSTEMPATH\Boot.php(67): CodeIgniter\Boot::runCodeIgniter(Object(CodeIgniter\CodeIgniter))
11 FCPATH\index.php(56): CodeIgniter\Boot::bootWeb(Object(Config\Paths))
12 SYSTEMPATH\rewrite.php(44): require_once('C:\\xampp 8.1.25\\htdocs\\SMKN-10-Semarang\\SiKapTen\\public\\index.php')
DEBUG - 2025-02-03 07:15:23 --> Session: Class initialized using 'CodeIgniter\Session\Handlers\FileHandler' driver.
CRITICAL - 2025-02-03 07:15:23 --> ErrorException: Undefined array key "nama_admin"
[Method: GET, Route: manage-siswa/edit/1]
in APPPATH\Views\backend\page\siswa\edit-siswa.php on line 68.
 1 APPPATH\Views\backend\page\siswa\edit-siswa.php(68): CodeIgniter\Debug\Exceptions->errorHandler(2, 'Undefined array key "nama_admin"', 'C:\\xampp 8.1.25\\htdocs\\SMKN-10-Semarang\\SiKapTen\\app\\Views\\backend\\page\\siswa\\edit-siswa.php', 68)
 2 SYSTEMPATH\View\View.php(224): include('C:\\xampp 8.1.25\\htdocs\\SMKN-10-Semarang\\SiKapTen\\app\\Views\\backend\\page\\siswa\\edit-siswa.php')
 3 SYSTEMPATH\View\View.php(227): CodeIgniter\View\View->CodeIgniter\View\{closure}()
 4 SYSTEMPATH\Common.php(1173): CodeIgniter\View\View->render('backend/page/siswa/edit-siswa', [], true)
 5 APPPATH\Controllers\ManageSiswaController.php(108): view('backend/page/siswa/edit-siswa', [...])
 6 SYSTEMPATH\CodeIgniter.php(933): App\Controllers\ManageSiswaController->edit('1')
 7 SYSTEMPATH\CodeIgniter.php(507): CodeIgniter\CodeIgniter->runController(Object(App\Controllers\ManageSiswaController))
 8 SYSTEMPATH\CodeIgniter.php(354): CodeIgniter\CodeIgniter->handleRequest(null, Object(Config\Cache), false)
 9 SYSTEMPATH\Boot.php(334): CodeIgniter\CodeIgniter->run()
10 SYSTEMPATH\Boot.php(67): CodeIgniter\Boot::runCodeIgniter(Object(CodeIgniter\CodeIgniter))
11 FCPATH\index.php(56): CodeIgniter\Boot::bootWeb(Object(Config\Paths))
12 SYSTEMPATH\rewrite.php(44): require_once('C:\\xampp 8.1.25\\htdocs\\SMKN-10-Semarang\\SiKapTen\\public\\index.php')
DEBUG - 2025-02-03 07:15:35 --> Session: Class initialized using 'CodeIgniter\Session\Handlers\FileHandler' driver.
CRITICAL - 2025-02-03 07:15:35 --> ErrorException: Undefined array key "nama_admin"
[Method: GET, Route: manage-siswa/edit/1]
in APPPATH\Views\backend\page\siswa\edit-siswa.php on line 68.
 1 APPPATH\Views\backend\page\siswa\edit-siswa.php(68): CodeIgniter\Debug\Exceptions->errorHandler(2, 'Undefined array key "nama_admin"', 'C:\\xampp 8.1.25\\htdocs\\SMKN-10-Semarang\\SiKapTen\\app\\Views\\backend\\page\\siswa\\edit-siswa.php', 68)
 2 SYSTEMPATH\View\View.php(224): include('C:\\xampp 8.1.25\\htdocs\\SMKN-10-Semarang\\SiKapTen\\app\\Views\\backend\\page\\siswa\\edit-siswa.php')
 3 SYSTEMPATH\View\View.php(227): CodeIgniter\View\View->CodeIgniter\View\{closure}()
 4 SYSTEMPATH\Common.php(1173): CodeIgniter\View\View->render('backend/page/siswa/edit-siswa', [], true)
 5 APPPATH\Controllers\ManageSiswaController.php(108): view('backend/page/siswa/edit-siswa', [...])
 6 SYSTEMPATH\CodeIgniter.php(933): App\Controllers\ManageSiswaController->edit('1')
 7 SYSTEMPATH\CodeIgniter.php(507): CodeIgniter\CodeIgniter->runController(Object(App\Controllers\ManageSiswaController))
 8 SYSTEMPATH\CodeIgniter.php(354): CodeIgniter\CodeIgniter->handleRequest(null, Object(Config\Cache), false)
 9 SYSTEMPATH\Boot.php(334): CodeIgniter\CodeIgniter->run()
10 SYSTEMPATH\Boot.php(67): CodeIgniter\Boot::runCodeIgniter(Object(CodeIgniter\CodeIgniter))
11 FCPATH\index.php(56): CodeIgniter\Boot::bootWeb(Object(Config\Paths))
12 SYSTEMPATH\rewrite.php(44): require_once('C:\\xampp 8.1.25\\htdocs\\SMKN-10-Semarang\\SiKapTen\\public\\index.php')
DEBUG - 2025-02-03 07:15:35 --> Session: Class initialized using 'CodeIgniter\Session\Handlers\FileHandler' driver.
CRITICAL - 2025-02-03 07:15:35 --> ErrorException: Undefined array key "nama_admin"
[Method: GET, Route: manage-siswa/edit/1]
in APPPATH\Views\backend\page\siswa\edit-siswa.php on line 68.
 1 APPPATH\Views\backend\page\siswa\edit-siswa.php(68): CodeIgniter\Debug\Exceptions->errorHandler(2, 'Undefined array key "nama_admin"', 'C:\\xampp 8.1.25\\htdocs\\SMKN-10-Semarang\\SiKapTen\\app\\Views\\backend\\page\\siswa\\edit-siswa.php', 68)
 2 SYSTEMPATH\View\View.php(224): include('C:\\xampp 8.1.25\\htdocs\\SMKN-10-Semarang\\SiKapTen\\app\\Views\\backend\\page\\siswa\\edit-siswa.php')
 3 SYSTEMPATH\View\View.php(227): CodeIgniter\View\View->CodeIgniter\View\{closure}()
 4 SYSTEMPATH\Common.php(1173): CodeIgniter\View\View->render('backend/page/siswa/edit-siswa', [], true)
 5 APPPATH\Controllers\ManageSiswaController.php(108): view('backend/page/siswa/edit-siswa', [...])
 6 SYSTEMPATH\CodeIgniter.php(933): App\Controllers\ManageSiswaController->edit('1')
 7 SYSTEMPATH\CodeIgniter.php(507): CodeIgniter\CodeIgniter->runController(Object(App\Controllers\ManageSiswaController))
 8 SYSTEMPATH\CodeIgniter.php(354): CodeIgniter\CodeIgniter->handleRequest(null, Object(Config\Cache), false)
 9 SYSTEMPATH\Boot.php(334): CodeIgniter\CodeIgniter->run()
10 SYSTEMPATH\Boot.php(67): CodeIgniter\Boot::runCodeIgniter(Object(CodeIgniter\CodeIgniter))
11 FCPATH\index.php(56): CodeIgniter\Boot::bootWeb(Object(Config\Paths))
12 SYSTEMPATH\rewrite.php(44): require_once('C:\\xampp 8.1.25\\htdocs\\SMKN-10-Semarang\\SiKapTen\\public\\index.php')
DEBUG - 2025-02-03 07:16:23 --> Session: Class initialized using 'CodeIgniter\Session\Handlers\FileHandler' driver.
CRITICAL - 2025-02-03 07:16:23 --> ErrorException: Undefined array key "id_siswa"
[Method: GET, Route: manage-siswa/edit/1]
in APPPATH\Views\backend\page\siswa\edit-siswa.php on line 20.
 1 APPPATH\Views\backend\page\siswa\edit-siswa.php(20): CodeIgniter\Debug\Exceptions->errorHandler(2, 'Undefined array key "id_siswa"', 'C:\\xampp 8.1.25\\htdocs\\SMKN-10-Semarang\\SiKapTen\\app\\Views\\backend\\page\\siswa\\edit-siswa.php', 20)
 2 SYSTEMPATH\View\View.php(224): include('C:\\xampp 8.1.25\\htdocs\\SMKN-10-Semarang\\SiKapTen\\app\\Views\\backend\\page\\siswa\\edit-siswa.php')
 3 SYSTEMPATH\View\View.php(227): CodeIgniter\View\View->CodeIgniter\View\{closure}()
 4 SYSTEMPATH\Common.php(1173): CodeIgniter\View\View->render('backend/page/siswa/edit-siswa', [], true)
 5 APPPATH\Controllers\ManageSiswaController.php(108): view('backend/page/siswa/edit-siswa', [...])
 6 SYSTEMPATH\CodeIgniter.php(933): App\Controllers\ManageSiswaController->edit('1')
 7 SYSTEMPATH\CodeIgniter.php(507): CodeIgniter\CodeIgniter->runController(Object(App\Controllers\ManageSiswaController))
 8 SYSTEMPATH\CodeIgniter.php(354): CodeIgniter\CodeIgniter->handleRequest(null, Object(Config\Cache), false)
 9 SYSTEMPATH\Boot.php(334): CodeIgniter\CodeIgniter->run()
10 SYSTEMPATH\Boot.php(67): CodeIgniter\Boot::runCodeIgniter(Object(CodeIgniter\CodeIgniter))
11 FCPATH\index.php(56): CodeIgniter\Boot::bootWeb(Object(Config\Paths))
12 SYSTEMPATH\rewrite.php(44): require_once('C:\\xampp 8.1.25\\htdocs\\SMKN-10-Semarang\\SiKapTen\\public\\index.php')
DEBUG - 2025-02-03 07:16:23 --> Session: Class initialized using 'CodeIgniter\Session\Handlers\FileHandler' driver.
CRITICAL - 2025-02-03 07:16:23 --> ErrorException: Undefined array key "id_siswa"
[Method: GET, Route: manage-siswa/edit/1]
in APPPATH\Views\backend\page\siswa\edit-siswa.php on line 20.
 1 APPPATH\Views\backend\page\siswa\edit-siswa.php(20): CodeIgniter\Debug\Exceptions->errorHandler(2, 'Undefined array key "id_siswa"', 'C:\\xampp 8.1.25\\htdocs\\SMKN-10-Semarang\\SiKapTen\\app\\Views\\backend\\page\\siswa\\edit-siswa.php', 20)
 2 SYSTEMPATH\View\View.php(224): include('C:\\xampp 8.1.25\\htdocs\\SMKN-10-Semarang\\SiKapTen\\app\\Views\\backend\\page\\siswa\\edit-siswa.php')
 3 SYSTEMPATH\View\View.php(227): CodeIgniter\View\View->CodeIgniter\View\{closure}()
 4 SYSTEMPATH\Common.php(1173): CodeIgniter\View\View->render('backend/page/siswa/edit-siswa', [], true)
 5 APPPATH\Controllers\ManageSiswaController.php(108): view('backend/page/siswa/edit-siswa', [...])
 6 SYSTEMPATH\CodeIgniter.php(933): App\Controllers\ManageSiswaController->edit('1')
 7 SYSTEMPATH\CodeIgniter.php(507): CodeIgniter\CodeIgniter->runController(Object(App\Controllers\ManageSiswaController))
 8 SYSTEMPATH\CodeIgniter.php(354): CodeIgniter\CodeIgniter->handleRequest(null, Object(Config\Cache), false)
 9 SYSTEMPATH\Boot.php(334): CodeIgniter\CodeIgniter->run()
10 SYSTEMPATH\Boot.php(67): CodeIgniter\Boot::runCodeIgniter(Object(CodeIgniter\CodeIgniter))
11 FCPATH\index.php(56): CodeIgniter\Boot::bootWeb(Object(Config\Paths))
12 SYSTEMPATH\rewrite.php(44): require_once('C:\\xampp 8.1.25\\htdocs\\SMKN-10-Semarang\\SiKapTen\\public\\index.php')
DEBUG - 2025-02-03 07:18:04 --> Session: Class initialized using 'CodeIgniter\Session\Handlers\FileHandler' driver.
CRITICAL - 2025-02-03 07:18:04 --> ErrorException: Undefined array key "nama_admin"
[Method: GET, Route: manage-siswa/edit/1]
in APPPATH\Views\backend\page\siswa\edit-siswa.php on line 68.
 1 APPPATH\Views\backend\page\siswa\edit-siswa.php(68): CodeIgniter\Debug\Exceptions->errorHandler(2, 'Undefined array key "nama_admin"', 'C:\\xampp 8.1.25\\htdocs\\SMKN-10-Semarang\\SiKapTen\\app\\Views\\backend\\page\\siswa\\edit-siswa.php', 68)
 2 SYSTEMPATH\View\View.php(224): include('C:\\xampp 8.1.25\\htdocs\\SMKN-10-Semarang\\SiKapTen\\app\\Views\\backend\\page\\siswa\\edit-siswa.php')
 3 SYSTEMPATH\View\View.php(227): CodeIgniter\View\View->CodeIgniter\View\{closure}()
 4 SYSTEMPATH\Common.php(1173): CodeIgniter\View\View->render('backend/page/siswa/edit-siswa', [], true)
 5 APPPATH\Controllers\ManageSiswaController.php(108): view('backend/page/siswa/edit-siswa', [...])
 6 SYSTEMPATH\CodeIgniter.php(933): App\Controllers\ManageSiswaController->edit('1')
 7 SYSTEMPATH\CodeIgniter.php(507): CodeIgniter\CodeIgniter->runController(Object(App\Controllers\ManageSiswaController))
 8 SYSTEMPATH\CodeIgniter.php(354): CodeIgniter\CodeIgniter->handleRequest(null, Object(Config\Cache), false)
 9 SYSTEMPATH\Boot.php(334): CodeIgniter\CodeIgniter->run()
10 SYSTEMPATH\Boot.php(67): CodeIgniter\Boot::runCodeIgniter(Object(CodeIgniter\CodeIgniter))
11 FCPATH\index.php(56): CodeIgniter\Boot::bootWeb(Object(Config\Paths))
12 SYSTEMPATH\rewrite.php(44): require_once('C:\\xampp 8.1.25\\htdocs\\SMKN-10-Semarang\\SiKapTen\\public\\index.php')
DEBUG - 2025-02-03 07:18:05 --> Session: Class initialized using 'CodeIgniter\Session\Handlers\FileHandler' driver.
CRITICAL - 2025-02-03 07:18:05 --> ErrorException: Undefined array key "nama_admin"
[Method: GET, Route: manage-siswa/edit/1]
in APPPATH\Views\backend\page\siswa\edit-siswa.php on line 68.
 1 APPPATH\Views\backend\page\siswa\edit-siswa.php(68): CodeIgniter\Debug\Exceptions->errorHandler(2, 'Undefined array key "nama_admin"', 'C:\\xampp 8.1.25\\htdocs\\SMKN-10-Semarang\\SiKapTen\\app\\Views\\backend\\page\\siswa\\edit-siswa.php', 68)
 2 SYSTEMPATH\View\View.php(224): include('C:\\xampp 8.1.25\\htdocs\\SMKN-10-Semarang\\SiKapTen\\app\\Views\\backend\\page\\siswa\\edit-siswa.php')
 3 SYSTEMPATH\View\View.php(227): CodeIgniter\View\View->CodeIgniter\View\{closure}()
 4 SYSTEMPATH\Common.php(1173): CodeIgniter\View\View->render('backend/page/siswa/edit-siswa', [], true)
 5 APPPATH\Controllers\ManageSiswaController.php(108): view('backend/page/siswa/edit-siswa', [...])
 6 SYSTEMPATH\CodeIgniter.php(933): App\Controllers\ManageSiswaController->edit('1')
 7 SYSTEMPATH\CodeIgniter.php(507): CodeIgniter\CodeIgniter->runController(Object(App\Controllers\ManageSiswaController))
 8 SYSTEMPATH\CodeIgniter.php(354): CodeIgniter\CodeIgniter->handleRequest(null, Object(Config\Cache), false)
 9 SYSTEMPATH\Boot.php(334): CodeIgniter\CodeIgniter->run()
10 SYSTEMPATH\Boot.php(67): CodeIgniter\Boot::runCodeIgniter(Object(CodeIgniter\CodeIgniter))
11 FCPATH\index.php(56): CodeIgniter\Boot::bootWeb(Object(Config\Paths))
12 SYSTEMPATH\rewrite.php(44): require_once('C:\\xampp 8.1.25\\htdocs\\SMKN-10-Semarang\\SiKapTen\\public\\index.php')
DEBUG - 2025-02-03 07:18:24 --> Session: Class initialized using 'CodeIgniter\Session\Handlers\FileHandler' driver.
CRITICAL - 2025-02-03 07:18:24 --> ErrorException: Undefined array key "nama_admin"
[Method: GET, Route: manage-siswa/edit/1]
in APPPATH\Views\backend\page\siswa\edit-siswa.php on line 68.
 1 APPPATH\Views\backend\page\siswa\edit-siswa.php(68): CodeIgniter\Debug\Exceptions->errorHandler(2, 'Undefined array key "nama_admin"', 'C:\\xampp 8.1.25\\htdocs\\SMKN-10-Semarang\\SiKapTen\\app\\Views\\backend\\page\\siswa\\edit-siswa.php', 68)
 2 SYSTEMPATH\View\View.php(224): include('C:\\xampp 8.1.25\\htdocs\\SMKN-10-Semarang\\SiKapTen\\app\\Views\\backend\\page\\siswa\\edit-siswa.php')
 3 SYSTEMPATH\View\View.php(227): CodeIgniter\View\View->CodeIgniter\View\{closure}()
 4 SYSTEMPATH\Common.php(1173): CodeIgniter\View\View->render('backend/page/siswa/edit-siswa', [], true)
 5 APPPATH\Controllers\ManageSiswaController.php(108): view('backend/page/siswa/edit-siswa', [...])
 6 SYSTEMPATH\CodeIgniter.php(933): App\Controllers\ManageSiswaController->edit('1')
 7 SYSTEMPATH\CodeIgniter.php(507): CodeIgniter\CodeIgniter->runController(Object(App\Controllers\ManageSiswaController))
 8 SYSTEMPATH\CodeIgniter.php(354): CodeIgniter\CodeIgniter->handleRequest(null, Object(Config\Cache), false)
 9 SYSTEMPATH\Boot.php(334): CodeIgniter\CodeIgniter->run()
10 SYSTEMPATH\Boot.php(67): CodeIgniter\Boot::runCodeIgniter(Object(CodeIgniter\CodeIgniter))
11 FCPATH\index.php(56): CodeIgniter\Boot::bootWeb(Object(Config\Paths))
12 SYSTEMPATH\rewrite.php(44): require_once('C:\\xampp 8.1.25\\htdocs\\SMKN-10-Semarang\\SiKapTen\\public\\index.php')
DEBUG - 2025-02-03 07:18:42 --> Session: Class initialized using 'CodeIgniter\Session\Handlers\FileHandler' driver.
CRITICAL - 2025-02-03 07:18:42 --> ErrorException: Undefined array key "kelas"
[Method: GET, Route: manage-siswa/edit/1]
in APPPATH\Views\backend\page\siswa\edit-siswa.php on line 68.
 1 APPPATH\Views\backend\page\siswa\edit-siswa.php(68): CodeIgniter\Debug\Exceptions->errorHandler(2, 'Undefined array key "kelas"', 'C:\\xampp 8.1.25\\htdocs\\SMKN-10-Semarang\\SiKapTen\\app\\Views\\backend\\page\\siswa\\edit-siswa.php', 68)
 2 SYSTEMPATH\View\View.php(224): include('C:\\xampp 8.1.25\\htdocs\\SMKN-10-Semarang\\SiKapTen\\app\\Views\\backend\\page\\siswa\\edit-siswa.php')
 3 SYSTEMPATH\View\View.php(227): CodeIgniter\View\View->CodeIgniter\View\{closure}()
 4 SYSTEMPATH\Common.php(1173): CodeIgniter\View\View->render('backend/page/siswa/edit-siswa', [], true)
 5 APPPATH\Controllers\ManageSiswaController.php(108): view('backend/page/siswa/edit-siswa', [...])
 6 SYSTEMPATH\CodeIgniter.php(933): App\Controllers\ManageSiswaController->edit('1')
 7 SYSTEMPATH\CodeIgniter.php(507): CodeIgniter\CodeIgniter->runController(Object(App\Controllers\ManageSiswaController))
 8 SYSTEMPATH\CodeIgniter.php(354): CodeIgniter\CodeIgniter->handleRequest(null, Object(Config\Cache), false)
 9 SYSTEMPATH\Boot.php(334): CodeIgniter\CodeIgniter->run()
10 SYSTEMPATH\Boot.php(67): CodeIgniter\Boot::runCodeIgniter(Object(CodeIgniter\CodeIgniter))
11 FCPATH\index.php(56): CodeIgniter\Boot::bootWeb(Object(Config\Paths))
12 SYSTEMPATH\rewrite.php(44): require_once('C:\\xampp 8.1.25\\htdocs\\SMKN-10-Semarang\\SiKapTen\\public\\index.php')
DEBUG - 2025-02-03 07:18:50 --> Session: Class initialized using 'CodeIgniter\Session\Handlers\FileHandler' driver.
CRITICAL - 2025-02-03 07:18:50 --> ErrorException: Undefined array key "id_admin"
[Method: GET, Route: manage-siswa/edit/1]
in APPPATH\Views\backend\page\siswa\edit-siswa.php on line 68.
 1 APPPATH\Views\backend\page\siswa\edit-siswa.php(68): CodeIgniter\Debug\Exceptions->errorHandler(2, 'Undefined array key "id_admin"', 'C:\\xampp 8.1.25\\htdocs\\SMKN-10-Semarang\\SiKapTen\\app\\Views\\backend\\page\\siswa\\edit-siswa.php', 68)
 2 SYSTEMPATH\View\View.php(224): include('C:\\xampp 8.1.25\\htdocs\\SMKN-10-Semarang\\SiKapTen\\app\\Views\\backend\\page\\siswa\\edit-siswa.php')
 3 SYSTEMPATH\View\View.php(227): CodeIgniter\View\View->CodeIgniter\View\{closure}()
 4 SYSTEMPATH\Common.php(1173): CodeIgniter\View\View->render('backend/page/siswa/edit-siswa', [], true)
 5 APPPATH\Controllers\ManageSiswaController.php(108): view('backend/page/siswa/edit-siswa', [...])
 6 SYSTEMPATH\CodeIgniter.php(933): App\Controllers\ManageSiswaController->edit('1')
 7 SYSTEMPATH\CodeIgniter.php(507): CodeIgniter\CodeIgniter->runController(Object(App\Controllers\ManageSiswaController))
 8 SYSTEMPATH\CodeIgniter.php(354): CodeIgniter\CodeIgniter->handleRequest(null, Object(Config\Cache), false)
 9 SYSTEMPATH\Boot.php(334): CodeIgniter\CodeIgniter->run()
10 SYSTEMPATH\Boot.php(67): CodeIgniter\Boot::runCodeIgniter(Object(CodeIgniter\CodeIgniter))
11 FCPATH\index.php(56): CodeIgniter\Boot::bootWeb(Object(Config\Paths))
12 SYSTEMPATH\rewrite.php(44): require_once('C:\\xampp 8.1.25\\htdocs\\SMKN-10-Semarang\\SiKapTen\\public\\index.php')
DEBUG - 2025-02-03 07:18:50 --> Session: Class initialized using 'CodeIgniter\Session\Handlers\FileHandler' driver.
CRITICAL - 2025-02-03 07:18:50 --> ErrorException: Undefined array key "id_admin"
[Method: GET, Route: manage-siswa/edit/1]
in APPPATH\Views\backend\page\siswa\edit-siswa.php on line 68.
 1 APPPATH\Views\backend\page\siswa\edit-siswa.php(68): CodeIgniter\Debug\Exceptions->errorHandler(2, 'Undefined array key "id_admin"', 'C:\\xampp 8.1.25\\htdocs\\SMKN-10-Semarang\\SiKapTen\\app\\Views\\backend\\page\\siswa\\edit-siswa.php', 68)
 2 SYSTEMPATH\View\View.php(224): include('C:\\xampp 8.1.25\\htdocs\\SMKN-10-Semarang\\SiKapTen\\app\\Views\\backend\\page\\siswa\\edit-siswa.php')
 3 SYSTEMPATH\View\View.php(227): CodeIgniter\View\View->CodeIgniter\View\{closure}()
 4 SYSTEMPATH\Common.php(1173): CodeIgniter\View\View->render('backend/page/siswa/edit-siswa', [], true)
 5 APPPATH\Controllers\ManageSiswaController.php(108): view('backend/page/siswa/edit-siswa', [...])
 6 SYSTEMPATH\CodeIgniter.php(933): App\Controllers\ManageSiswaController->edit('1')
 7 SYSTEMPATH\CodeIgniter.php(507): CodeIgniter\CodeIgniter->runController(Object(App\Controllers\ManageSiswaController))
 8 SYSTEMPATH\CodeIgniter.php(354): CodeIgniter\CodeIgniter->handleRequest(null, Object(Config\Cache), false)
 9 SYSTEMPATH\Boot.php(334): CodeIgniter\CodeIgniter->run()
10 SYSTEMPATH\Boot.php(67): CodeIgniter\Boot::runCodeIgniter(Object(CodeIgniter\CodeIgniter))
11 FCPATH\index.php(56): CodeIgniter\Boot::bootWeb(Object(Config\Paths))
12 SYSTEMPATH\rewrite.php(44): require_once('C:\\xampp 8.1.25\\htdocs\\SMKN-10-Semarang\\SiKapTen\\public\\index.php')
DEBUG - 2025-02-03 07:18:57 --> Session: Class initialized using 'CodeIgniter\Session\Handlers\FileHandler' driver.
CRITICAL - 2025-02-03 07:18:57 --> ErrorException: Undefined array key "id_admin"
[Method: GET, Route: manage-siswa/edit/1]
in APPPATH\Views\backend\page\siswa\edit-siswa.php on line 68.
 1 APPPATH\Views\backend\page\siswa\edit-siswa.php(68): CodeIgniter\Debug\Exceptions->errorHandler(2, 'Undefined array key "id_admin"', 'C:\\xampp 8.1.25\\htdocs\\SMKN-10-Semarang\\SiKapTen\\app\\Views\\backend\\page\\siswa\\edit-siswa.php', 68)
 2 SYSTEMPATH\View\View.php(224): include('C:\\xampp 8.1.25\\htdocs\\SMKN-10-Semarang\\SiKapTen\\app\\Views\\backend\\page\\siswa\\edit-siswa.php')
 3 SYSTEMPATH\View\View.php(227): CodeIgniter\View\View->CodeIgniter\View\{closure}()
 4 SYSTEMPATH\Common.php(1173): CodeIgniter\View\View->render('backend/page/siswa/edit-siswa', [], true)
 5 APPPATH\Controllers\ManageSiswaController.php(108): view('backend/page/siswa/edit-siswa', [...])
 6 SYSTEMPATH\CodeIgniter.php(933): App\Controllers\ManageSiswaController->edit('1')
 7 SYSTEMPATH\CodeIgniter.php(507): CodeIgniter\CodeIgniter->runController(Object(App\Controllers\ManageSiswaController))
 8 SYSTEMPATH\CodeIgniter.php(354): CodeIgniter\CodeIgniter->handleRequest(null, Object(Config\Cache), false)
 9 SYSTEMPATH\Boot.php(334): CodeIgniter\CodeIgniter->run()
10 SYSTEMPATH\Boot.php(67): CodeIgniter\Boot::runCodeIgniter(Object(CodeIgniter\CodeIgniter))
11 FCPATH\index.php(56): CodeIgniter\Boot::bootWeb(Object(Config\Paths))
12 SYSTEMPATH\rewrite.php(44): require_once('C:\\xampp 8.1.25\\htdocs\\SMKN-10-Semarang\\SiKapTen\\public\\index.php')
DEBUG - 2025-02-03 07:18:57 --> Session: Class initialized using 'CodeIgniter\Session\Handlers\FileHandler' driver.
CRITICAL - 2025-02-03 07:18:57 --> ErrorException: Undefined array key "id_siswa"
[Method: GET, Route: manage-siswa/edit/1]
in APPPATH\Views\backend\page\siswa\edit-siswa.php on line 68.
 1 APPPATH\Views\backend\page\siswa\edit-siswa.php(68): CodeIgniter\Debug\Exceptions->errorHandler(2, 'Undefined array key "id_siswa"', 'C:\\xampp 8.1.25\\htdocs\\SMKN-10-Semarang\\SiKapTen\\app\\Views\\backend\\page\\siswa\\edit-siswa.php', 68)
 2 SYSTEMPATH\View\View.php(224): include('C:\\xampp 8.1.25\\htdocs\\SMKN-10-Semarang\\SiKapTen\\app\\Views\\backend\\page\\siswa\\edit-siswa.php')
 3 SYSTEMPATH\View\View.php(227): CodeIgniter\View\View->CodeIgniter\View\{closure}()
 4 SYSTEMPATH\Common.php(1173): CodeIgniter\View\View->render('backend/page/siswa/edit-siswa', [], true)
 5 APPPATH\Controllers\ManageSiswaController.php(108): view('backend/page/siswa/edit-siswa', [...])
 6 SYSTEMPATH\CodeIgniter.php(933): App\Controllers\ManageSiswaController->edit('1')
 7 SYSTEMPATH\CodeIgniter.php(507): CodeIgniter\CodeIgniter->runController(Object(App\Controllers\ManageSiswaController))
 8 SYSTEMPATH\CodeIgniter.php(354): CodeIgniter\CodeIgniter->handleRequest(null, Object(Config\Cache), false)
 9 SYSTEMPATH\Boot.php(334): CodeIgniter\CodeIgniter->run()
10 SYSTEMPATH\Boot.php(67): CodeIgniter\Boot::runCodeIgniter(Object(CodeIgniter\CodeIgniter))
11 FCPATH\index.php(56): CodeIgniter\Boot::bootWeb(Object(Config\Paths))
12 SYSTEMPATH\rewrite.php(44): require_once('C:\\xampp 8.1.25\\htdocs\\SMKN-10-Semarang\\SiKapTen\\public\\index.php')
DEBUG - 2025-02-03 07:18:58 --> Session: Class initialized using 'CodeIgniter\Session\Handlers\FileHandler' driver.
CRITICAL - 2025-02-03 07:18:58 --> ErrorException: Undefined array key "id_siswa"
[Method: GET, Route: manage-siswa/edit/1]
in APPPATH\Views\backend\page\siswa\edit-siswa.php on line 68.
 1 APPPATH\Views\backend\page\siswa\edit-siswa.php(68): CodeIgniter\Debug\Exceptions->errorHandler(2, 'Undefined array key "id_siswa"', 'C:\\xampp 8.1.25\\htdocs\\SMKN-10-Semarang\\SiKapTen\\app\\Views\\backend\\page\\siswa\\edit-siswa.php', 68)
 2 SYSTEMPATH\View\View.php(224): include('C:\\xampp 8.1.25\\htdocs\\SMKN-10-Semarang\\SiKapTen\\app\\Views\\backend\\page\\siswa\\edit-siswa.php')
 3 SYSTEMPATH\View\View.php(227): CodeIgniter\View\View->CodeIgniter\View\{closure}()
 4 SYSTEMPATH\Common.php(1173): CodeIgniter\View\View->render('backend/page/siswa/edit-siswa', [], true)
 5 APPPATH\Controllers\ManageSiswaController.php(108): view('backend/page/siswa/edit-siswa', [...])
 6 SYSTEMPATH\CodeIgniter.php(933): App\Controllers\ManageSiswaController->edit('1')
 7 SYSTEMPATH\CodeIgniter.php(507): CodeIgniter\CodeIgniter->runController(Object(App\Controllers\ManageSiswaController))
 8 SYSTEMPATH\CodeIgniter.php(354): CodeIgniter\CodeIgniter->handleRequest(null, Object(Config\Cache), false)
 9 SYSTEMPATH\Boot.php(334): CodeIgniter\CodeIgniter->run()
10 SYSTEMPATH\Boot.php(67): CodeIgniter\Boot::runCodeIgniter(Object(CodeIgniter\CodeIgniter))
11 FCPATH\index.php(56): CodeIgniter\Boot::bootWeb(Object(Config\Paths))
12 SYSTEMPATH\rewrite.php(44): require_once('C:\\xampp 8.1.25\\htdocs\\SMKN-10-Semarang\\SiKapTen\\public\\index.php')
DEBUG - 2025-02-03 07:19:23 --> Session: Class initialized using 'CodeIgniter\Session\Handlers\FileHandler' driver.
CRITICAL - 2025-02-03 07:19:23 --> ErrorException: Undefined array key "nama_admin"
[Method: GET, Route: manage-siswa/edit/1]
in APPPATH\Views\backend\page\siswa\edit-siswa.php on line 68.
 1 APPPATH\Views\backend\page\siswa\edit-siswa.php(68): CodeIgniter\Debug\Exceptions->errorHandler(2, 'Undefined array key "nama_admin"', 'C:\\xampp 8.1.25\\htdocs\\SMKN-10-Semarang\\SiKapTen\\app\\Views\\backend\\page\\siswa\\edit-siswa.php', 68)
 2 SYSTEMPATH\View\View.php(224): include('C:\\xampp 8.1.25\\htdocs\\SMKN-10-Semarang\\SiKapTen\\app\\Views\\backend\\page\\siswa\\edit-siswa.php')
 3 SYSTEMPATH\View\View.php(227): CodeIgniter\View\View->CodeIgniter\View\{closure}()
 4 SYSTEMPATH\Common.php(1173): CodeIgniter\View\View->render('backend/page/siswa/edit-siswa', [], true)
 5 APPPATH\Controllers\ManageSiswaController.php(108): view('backend/page/siswa/edit-siswa', [...])
 6 SYSTEMPATH\CodeIgniter.php(933): App\Controllers\ManageSiswaController->edit('1')
 7 SYSTEMPATH\CodeIgniter.php(507): CodeIgniter\CodeIgniter->runController(Object(App\Controllers\ManageSiswaController))
 8 SYSTEMPATH\CodeIgniter.php(354): CodeIgniter\CodeIgniter->handleRequest(null, Object(Config\Cache), false)
 9 SYSTEMPATH\Boot.php(334): CodeIgniter\CodeIgniter->run()
10 SYSTEMPATH\Boot.php(67): CodeIgniter\Boot::runCodeIgniter(Object(CodeIgniter\CodeIgniter))
11 FCPATH\index.php(56): CodeIgniter\Boot::bootWeb(Object(Config\Paths))
12 SYSTEMPATH\rewrite.php(44): require_once('C:\\xampp 8.1.25\\htdocs\\SMKN-10-Semarang\\SiKapTen\\public\\index.php')
DEBUG - 2025-02-03 07:19:24 --> Session: Class initialized using 'CodeIgniter\Session\Handlers\FileHandler' driver.
CRITICAL - 2025-02-03 07:19:24 --> ErrorException: Undefined array key "nama_admin"
[Method: GET, Route: manage-siswa/edit/1]
in APPPATH\Views\backend\page\siswa\edit-siswa.php on line 68.
 1 APPPATH\Views\backend\page\siswa\edit-siswa.php(68): CodeIgniter\Debug\Exceptions->errorHandler(2, 'Undefined array key "nama_admin"', 'C:\\xampp 8.1.25\\htdocs\\SMKN-10-Semarang\\SiKapTen\\app\\Views\\backend\\page\\siswa\\edit-siswa.php', 68)
 2 SYSTEMPATH\View\View.php(224): include('C:\\xampp 8.1.25\\htdocs\\SMKN-10-Semarang\\SiKapTen\\app\\Views\\backend\\page\\siswa\\edit-siswa.php')
 3 SYSTEMPATH\View\View.php(227): CodeIgniter\View\View->CodeIgniter\View\{closure}()
 4 SYSTEMPATH\Common.php(1173): CodeIgniter\View\View->render('backend/page/siswa/edit-siswa', [], true)
 5 APPPATH\Controllers\ManageSiswaController.php(108): view('backend/page/siswa/edit-siswa', [...])
 6 SYSTEMPATH\CodeIgniter.php(933): App\Controllers\ManageSiswaController->edit('1')
 7 SYSTEMPATH\CodeIgniter.php(507): CodeIgniter\CodeIgniter->runController(Object(App\Controllers\ManageSiswaController))
 8 SYSTEMPATH\CodeIgniter.php(354): CodeIgniter\CodeIgniter->handleRequest(null, Object(Config\Cache), false)
 9 SYSTEMPATH\Boot.php(334): CodeIgniter\CodeIgniter->run()
10 SYSTEMPATH\Boot.php(67): CodeIgniter\Boot::runCodeIgniter(Object(CodeIgniter\CodeIgniter))
11 FCPATH\index.php(56): CodeIgniter\Boot::bootWeb(Object(Config\Paths))
12 SYSTEMPATH\rewrite.php(44): require_once('C:\\xampp 8.1.25\\htdocs\\SMKN-10-Semarang\\SiKapTen\\public\\index.php')
DEBUG - 2025-02-03 07:20:30 --> Session: Class initialized using 'CodeIgniter\Session\Handlers\FileHandler' driver.
CRITICAL - 2025-02-03 07:20:30 --> ErrorException: Undefined variable $admin
[Method: GET, Route: manage-siswa/edit/1]
in APPPATH\Views\backend\page\siswa\edit-siswa.php on line 68.
 1 APPPATH\Views\backend\page\siswa\edit-siswa.php(68): CodeIgniter\Debug\Exceptions->errorHandler(2, 'Undefined variable $admin', 'C:\\xampp 8.1.25\\htdocs\\SMKN-10-Semarang\\SiKapTen\\app\\Views\\backend\\page\\siswa\\edit-siswa.php', 68)
 2 SYSTEMPATH\View\View.php(224): include('C:\\xampp 8.1.25\\htdocs\\SMKN-10-Semarang\\SiKapTen\\app\\Views\\backend\\page\\siswa\\edit-siswa.php')
 3 SYSTEMPATH\View\View.php(227): CodeIgniter\View\View->CodeIgniter\View\{closure}()
 4 SYSTEMPATH\Common.php(1173): CodeIgniter\View\View->render('backend/page/siswa/edit-siswa', [], true)
 5 APPPATH\Controllers\ManageSiswaController.php(108): view('backend/page/siswa/edit-siswa', [...])
 6 SYSTEMPATH\CodeIgniter.php(933): App\Controllers\ManageSiswaController->edit('1')
 7 SYSTEMPATH\CodeIgniter.php(507): CodeIgniter\CodeIgniter->runController(Object(App\Controllers\ManageSiswaController))
 8 SYSTEMPATH\CodeIgniter.php(354): CodeIgniter\CodeIgniter->handleRequest(null, Object(Config\Cache), false)
 9 SYSTEMPATH\Boot.php(334): CodeIgniter\CodeIgniter->run()
10 SYSTEMPATH\Boot.php(67): CodeIgniter\Boot::runCodeIgniter(Object(CodeIgniter\CodeIgniter))
11 FCPATH\index.php(56): CodeIgniter\Boot::bootWeb(Object(Config\Paths))
12 SYSTEMPATH\rewrite.php(44): require_once('C:\\xampp 8.1.25\\htdocs\\SMKN-10-Semarang\\SiKapTen\\public\\index.php')
DEBUG - 2025-02-03 07:20:34 --> Session: Class initialized using 'CodeIgniter\Session\Handlers\FileHandler' driver.
CRITICAL - 2025-02-03 07:20:34 --> ErrorException: Undefined variable $admin
[Method: GET, Route: manage-siswa/edit/1]
in APPPATH\Views\backend\page\siswa\edit-siswa.php on line 68.
 1 APPPATH\Views\backend\page\siswa\edit-siswa.php(68): CodeIgniter\Debug\Exceptions->errorHandler(2, 'Undefined variable $admin', 'C:\\xampp 8.1.25\\htdocs\\SMKN-10-Semarang\\SiKapTen\\app\\Views\\backend\\page\\siswa\\edit-siswa.php', 68)
 2 SYSTEMPATH\View\View.php(224): include('C:\\xampp 8.1.25\\htdocs\\SMKN-10-Semarang\\SiKapTen\\app\\Views\\backend\\page\\siswa\\edit-siswa.php')
 3 SYSTEMPATH\View\View.php(227): CodeIgniter\View\View->CodeIgniter\View\{closure}()
 4 SYSTEMPATH\Common.php(1173): CodeIgniter\View\View->render('backend/page/siswa/edit-siswa', [], true)
 5 APPPATH\Controllers\ManageSiswaController.php(108): view('backend/page/siswa/edit-siswa', [...])
 6 SYSTEMPATH\CodeIgniter.php(933): App\Controllers\ManageSiswaController->edit('1')
 7 SYSTEMPATH\CodeIgniter.php(507): CodeIgniter\CodeIgniter->runController(Object(App\Controllers\ManageSiswaController))
 8 SYSTEMPATH\CodeIgniter.php(354): CodeIgniter\CodeIgniter->handleRequest(null, Object(Config\Cache), false)
 9 SYSTEMPATH\Boot.php(334): CodeIgniter\CodeIgniter->run()
10 SYSTEMPATH\Boot.php(67): CodeIgniter\Boot::runCodeIgniter(Object(CodeIgniter\CodeIgniter))
11 FCPATH\index.php(56): CodeIgniter\Boot::bootWeb(Object(Config\Paths))
12 SYSTEMPATH\rewrite.php(44): require_once('C:\\xampp 8.1.25\\htdocs\\SMKN-10-Semarang\\SiKapTen\\public\\index.php')
DEBUG - 2025-02-03 07:20:35 --> Session: Class initialized using 'CodeIgniter\Session\Handlers\FileHandler' driver.
CRITICAL - 2025-02-03 07:20:35 --> ErrorException: Undefined array key "nama_admin"
[Method: GET, Route: manage-siswa/edit/1]
in APPPATH\Views\backend\page\siswa\edit-siswa.php on line 68.
 1 APPPATH\Views\backend\page\siswa\edit-siswa.php(68): CodeIgniter\Debug\Exceptions->errorHandler(2, 'Undefined array key "nama_admin"', 'C:\\xampp 8.1.25\\htdocs\\SMKN-10-Semarang\\SiKapTen\\app\\Views\\backend\\page\\siswa\\edit-siswa.php', 68)
 2 SYSTEMPATH\View\View.php(224): include('C:\\xampp 8.1.25\\htdocs\\SMKN-10-Semarang\\SiKapTen\\app\\Views\\backend\\page\\siswa\\edit-siswa.php')
 3 SYSTEMPATH\View\View.php(227): CodeIgniter\View\View->CodeIgniter\View\{closure}()
 4 SYSTEMPATH\Common.php(1173): CodeIgniter\View\View->render('backend/page/siswa/edit-siswa', [], true)
 5 APPPATH\Controllers\ManageSiswaController.php(108): view('backend/page/siswa/edit-siswa', [...])
 6 SYSTEMPATH\CodeIgniter.php(933): App\Controllers\ManageSiswaController->edit('1')
 7 SYSTEMPATH\CodeIgniter.php(507): CodeIgniter\CodeIgniter->runController(Object(App\Controllers\ManageSiswaController))
 8 SYSTEMPATH\CodeIgniter.php(354): CodeIgniter\CodeIgniter->handleRequest(null, Object(Config\Cache), false)
 9 SYSTEMPATH\Boot.php(334): CodeIgniter\CodeIgniter->run()
10 SYSTEMPATH\Boot.php(67): CodeIgniter\Boot::runCodeIgniter(Object(CodeIgniter\CodeIgniter))
11 FCPATH\index.php(56): CodeIgniter\Boot::bootWeb(Object(Config\Paths))
12 SYSTEMPATH\rewrite.php(44): require_once('C:\\xampp 8.1.25\\htdocs\\SMKN-10-Semarang\\SiKapTen\\public\\index.php')
DEBUG - 2025-02-03 07:20:36 --> Session: Class initialized using 'CodeIgniter\Session\Handlers\FileHandler' driver.
CRITICAL - 2025-02-03 07:20:36 --> ErrorException: Undefined array key "nama_admin"
[Method: GET, Route: manage-siswa/edit/1]
in APPPATH\Views\backend\page\siswa\edit-siswa.php on line 68.
 1 APPPATH\Views\backend\page\siswa\edit-siswa.php(68): CodeIgniter\Debug\Exceptions->errorHandler(2, 'Undefined array key "nama_admin"', 'C:\\xampp 8.1.25\\htdocs\\SMKN-10-Semarang\\SiKapTen\\app\\Views\\backend\\page\\siswa\\edit-siswa.php', 68)
 2 SYSTEMPATH\View\View.php(224): include('C:\\xampp 8.1.25\\htdocs\\SMKN-10-Semarang\\SiKapTen\\app\\Views\\backend\\page\\siswa\\edit-siswa.php')
 3 SYSTEMPATH\View\View.php(227): CodeIgniter\View\View->CodeIgniter\View\{closure}()
 4 SYSTEMPATH\Common.php(1173): CodeIgniter\View\View->render('backend/page/siswa/edit-siswa', [], true)
 5 APPPATH\Controllers\ManageSiswaController.php(108): view('backend/page/siswa/edit-siswa', [...])
 6 SYSTEMPATH\CodeIgniter.php(933): App\Controllers\ManageSiswaController->edit('1')
 7 SYSTEMPATH\CodeIgniter.php(507): CodeIgniter\CodeIgniter->runController(Object(App\Controllers\ManageSiswaController))
 8 SYSTEMPATH\CodeIgniter.php(354): CodeIgniter\CodeIgniter->handleRequest(null, Object(Config\Cache), false)
 9 SYSTEMPATH\Boot.php(334): CodeIgniter\CodeIgniter->run()
10 SYSTEMPATH\Boot.php(67): CodeIgniter\Boot::runCodeIgniter(Object(CodeIgniter\CodeIgniter))
11 FCPATH\index.php(56): CodeIgniter\Boot::bootWeb(Object(Config\Paths))
12 SYSTEMPATH\rewrite.php(44): require_once('C:\\xampp 8.1.25\\htdocs\\SMKN-10-Semarang\\SiKapTen\\public\\index.php')
CRITICAL - 2025-02-03 07:21:06 --> CodeIgniter\Exceptions\BadMethodCallException: Call to undefined method App\Models\SiswaModel::getPembimbing
[Method: GET, Route: manage-siswa/edit/1]
in SYSTEMPATH\Model.php on line 930.
 1 APPPATH\Controllers\ManageSiswaController.php(103): CodeIgniter\Model->__call('getPembimbing', [])
 2 SYSTEMPATH\CodeIgniter.php(933): App\Controllers\ManageSiswaController->edit('1')
 3 SYSTEMPATH\CodeIgniter.php(507): CodeIgniter\CodeIgniter->runController(Object(App\Controllers\ManageSiswaController))
 4 SYSTEMPATH\CodeIgniter.php(354): CodeIgniter\CodeIgniter->handleRequest(null, Object(Config\Cache), false)
 5 SYSTEMPATH\Boot.php(334): CodeIgniter\CodeIgniter->run()
 6 SYSTEMPATH\Boot.php(67): CodeIgniter\Boot::runCodeIgniter(Object(CodeIgniter\CodeIgniter))
 7 FCPATH\index.php(56): CodeIgniter\Boot::bootWeb(Object(Config\Paths))
 8 SYSTEMPATH\rewrite.php(44): require_once('C:\\xampp 8.1.25\\htdocs\\SMKN-10-Semarang\\SiKapTen\\public\\index.php')
CRITICAL - 2025-02-03 07:21:28 --> CodeIgniter\Exceptions\BadMethodCallException: Call to undefined method App\Models\SiswaModel::getPembimbing
[Method: GET, Route: manage-siswa/edit/1]
in SYSTEMPATH\Model.php on line 930.
 1 APPPATH\Controllers\ManageSiswaController.php(103): CodeIgniter\Model->__call('getPembimbing', [])
 2 SYSTEMPATH\CodeIgniter.php(933): App\Controllers\ManageSiswaController->edit('1')
 3 SYSTEMPATH\CodeIgniter.php(507): CodeIgniter\CodeIgniter->runController(Object(App\Controllers\ManageSiswaController))
 4 SYSTEMPATH\CodeIgniter.php(354): CodeIgniter\CodeIgniter->handleRequest(null, Object(Config\Cache), false)
 5 SYSTEMPATH\Boot.php(334): CodeIgniter\CodeIgniter->run()
 6 SYSTEMPATH\Boot.php(67): CodeIgniter\Boot::runCodeIgniter(Object(CodeIgniter\CodeIgniter))
 7 FCPATH\index.php(56): CodeIgniter\Boot::bootWeb(Object(Config\Paths))
 8 SYSTEMPATH\rewrite.php(44): require_once('C:\\xampp 8.1.25\\htdocs\\SMKN-10-Semarang\\SiKapTen\\public\\index.php')
CRITICAL - 2025-02-03 07:21:28 --> CodeIgniter\Exceptions\BadMethodCallException: Call to undefined method App\Models\SiswaModel::getPembimbing
[Method: GET, Route: manage-siswa/edit/1]
in SYSTEMPATH\Model.php on line 930.
 1 APPPATH\Controllers\ManageSiswaController.php(103): CodeIgniter\Model->__call('getPembimbing', [])
 2 SYSTEMPATH\CodeIgniter.php(933): App\Controllers\ManageSiswaController->edit('1')
 3 SYSTEMPATH\CodeIgniter.php(507): CodeIgniter\CodeIgniter->runController(Object(App\Controllers\ManageSiswaController))
 4 SYSTEMPATH\CodeIgniter.php(354): CodeIgniter\CodeIgniter->handleRequest(null, Object(Config\Cache), false)
 5 SYSTEMPATH\Boot.php(334): CodeIgniter\CodeIgniter->run()
 6 SYSTEMPATH\Boot.php(67): CodeIgniter\Boot::runCodeIgniter(Object(CodeIgniter\CodeIgniter))
 7 FCPATH\index.php(56): CodeIgniter\Boot::bootWeb(Object(Config\Paths))
 8 SYSTEMPATH\rewrite.php(44): require_once('C:\\xampp 8.1.25\\htdocs\\SMKN-10-Semarang\\SiKapTen\\public\\index.php')
CRITICAL - 2025-02-03 07:21:33 --> CodeIgniter\Exceptions\BadMethodCallException: Call to undefined method App\Models\SiswaModel::getPembimbing
[Method: GET, Route: manage-siswa/edit/1]
in SYSTEMPATH\Model.php on line 930.
 1 APPPATH\Controllers\ManageSiswaController.php(103): CodeIgniter\Model->__call('getPembimbing', [])
 2 SYSTEMPATH\CodeIgniter.php(933): App\Controllers\ManageSiswaController->edit('1')
 3 SYSTEMPATH\CodeIgniter.php(507): CodeIgniter\CodeIgniter->runController(Object(App\Controllers\ManageSiswaController))
 4 SYSTEMPATH\CodeIgniter.php(354): CodeIgniter\CodeIgniter->handleRequest(null, Object(Config\Cache), false)
 5 SYSTEMPATH\Boot.php(334): CodeIgniter\CodeIgniter->run()
 6 SYSTEMPATH\Boot.php(67): CodeIgniter\Boot::runCodeIgniter(Object(CodeIgniter\CodeIgniter))
 7 FCPATH\index.php(56): CodeIgniter\Boot::bootWeb(Object(Config\Paths))
 8 SYSTEMPATH\rewrite.php(44): require_once('C:\\xampp 8.1.25\\htdocs\\SMKN-10-Semarang\\SiKapTen\\public\\index.php')
CRITICAL - 2025-02-03 07:21:34 --> CodeIgniter\Exceptions\BadMethodCallException: Call to undefined method App\Models\SiswaModel::getPembimbing
[Method: GET, Route: manage-siswa/edit/1]
in SYSTEMPATH\Model.php on line 930.
 1 APPPATH\Controllers\ManageSiswaController.php(103): CodeIgniter\Model->__call('getPembimbing', [])
 2 SYSTEMPATH\CodeIgniter.php(933): App\Controllers\ManageSiswaController->edit('1')
 3 SYSTEMPATH\CodeIgniter.php(507): CodeIgniter\CodeIgniter->runController(Object(App\Controllers\ManageSiswaController))
 4 SYSTEMPATH\CodeIgniter.php(354): CodeIgniter\CodeIgniter->handleRequest(null, Object(Config\Cache), false)
 5 SYSTEMPATH\Boot.php(334): CodeIgniter\CodeIgniter->run()
 6 SYSTEMPATH\Boot.php(67): CodeIgniter\Boot::runCodeIgniter(Object(CodeIgniter\CodeIgniter))
 7 FCPATH\index.php(56): CodeIgniter\Boot::bootWeb(Object(Config\Paths))
 8 SYSTEMPATH\rewrite.php(44): require_once('C:\\xampp 8.1.25\\htdocs\\SMKN-10-Semarang\\SiKapTen\\public\\index.php')
CRITICAL - 2025-02-03 07:21:46 --> CodeIgniter\Exceptions\BadMethodCallException: Call to undefined method App\Models\SiswaModel::getPembimbing
[Method: GET, Route: manage-siswa/edit/1]
in SYSTEMPATH\Model.php on line 930.
 1 APPPATH\Controllers\ManageSiswaController.php(102): CodeIgniter\Model->__call('getPembimbing', [])
 2 SYSTEMPATH\CodeIgniter.php(933): App\Controllers\ManageSiswaController->edit('1')
 3 SYSTEMPATH\CodeIgniter.php(507): CodeIgniter\CodeIgniter->runController(Object(App\Controllers\ManageSiswaController))
 4 SYSTEMPATH\CodeIgniter.php(354): CodeIgniter\CodeIgniter->handleRequest(null, Object(Config\Cache), false)
 5 SYSTEMPATH\Boot.php(334): CodeIgniter\CodeIgniter->run()
 6 SYSTEMPATH\Boot.php(67): CodeIgniter\Boot::runCodeIgniter(Object(CodeIgniter\CodeIgniter))
 7 FCPATH\index.php(56): CodeIgniter\Boot::bootWeb(Object(Config\Paths))
 8 SYSTEMPATH\rewrite.php(44): require_once('C:\\xampp 8.1.25\\htdocs\\SMKN-10-Semarang\\SiKapTen\\public\\index.php')
CRITICAL - 2025-02-03 07:21:46 --> CodeIgniter\Exceptions\BadMethodCallException: Call to undefined method App\Models\SiswaModel::getPembimbing
[Method: GET, Route: manage-siswa/edit/1]
in SYSTEMPATH\Model.php on line 930.
 1 APPPATH\Controllers\ManageSiswaController.php(102): CodeIgniter\Model->__call('getPembimbing', [])
 2 SYSTEMPATH\CodeIgniter.php(933): App\Controllers\ManageSiswaController->edit('1')
 3 SYSTEMPATH\CodeIgniter.php(507): CodeIgniter\CodeIgniter->runController(Object(App\Controllers\ManageSiswaController))
 4 SYSTEMPATH\CodeIgniter.php(354): CodeIgniter\CodeIgniter->handleRequest(null, Object(Config\Cache), false)
 5 SYSTEMPATH\Boot.php(334): CodeIgniter\CodeIgniter->run()
 6 SYSTEMPATH\Boot.php(67): CodeIgniter\Boot::runCodeIgniter(Object(CodeIgniter\CodeIgniter))
 7 FCPATH\index.php(56): CodeIgniter\Boot::bootWeb(Object(Config\Paths))
 8 SYSTEMPATH\rewrite.php(44): require_once('C:\\xampp 8.1.25\\htdocs\\SMKN-10-Semarang\\SiKapTen\\public\\index.php')
DEBUG - 2025-02-03 07:21:53 --> Session: Class initialized using 'CodeIgniter\Session\Handlers\FileHandler' driver.
CRITICAL - 2025-02-03 07:21:55 --> CodeIgniter\Exceptions\BadMethodCallException: Call to undefined method App\Models\SiswaModel::getPembimbing
[Method: GET, Route: manage-siswa/edit/1]
in SYSTEMPATH\Model.php on line 930.
 1 APPPATH\Controllers\ManageSiswaController.php(102): CodeIgniter\Model->__call('getPembimbing', [])
 2 SYSTEMPATH\CodeIgniter.php(933): App\Controllers\ManageSiswaController->edit('1')
 3 SYSTEMPATH\CodeIgniter.php(507): CodeIgniter\CodeIgniter->runController(Object(App\Controllers\ManageSiswaController))
 4 SYSTEMPATH\CodeIgniter.php(354): CodeIgniter\CodeIgniter->handleRequest(null, Object(Config\Cache), false)
 5 SYSTEMPATH\Boot.php(334): CodeIgniter\CodeIgniter->run()
 6 SYSTEMPATH\Boot.php(67): CodeIgniter\Boot::runCodeIgniter(Object(CodeIgniter\CodeIgniter))
 7 FCPATH\index.php(56): CodeIgniter\Boot::bootWeb(Object(Config\Paths))
 8 SYSTEMPATH\rewrite.php(44): require_once('C:\\xampp 8.1.25\\htdocs\\SMKN-10-Semarang\\SiKapTen\\public\\index.php')
DEBUG - 2025-02-03 07:22:05 --> Session: Class initialized using 'CodeIgniter\Session\Handlers\FileHandler' driver.
CRITICAL - 2025-02-03 07:22:05 --> ErrorException: Undefined array key "nama_admin"
[Method: GET, Route: manage-siswa/edit/1]
in APPPATH\Views\backend\page\siswa\edit-siswa.php on line 68.
 1 APPPATH\Views\backend\page\siswa\edit-siswa.php(68): CodeIgniter\Debug\Exceptions->errorHandler(2, 'Undefined array key "nama_admin"', 'C:\\xampp 8.1.25\\htdocs\\SMKN-10-Semarang\\SiKapTen\\app\\Views\\backend\\page\\siswa\\edit-siswa.php', 68)
 2 SYSTEMPATH\View\View.php(224): include('C:\\xampp 8.1.25\\htdocs\\SMKN-10-Semarang\\SiKapTen\\app\\Views\\backend\\page\\siswa\\edit-siswa.php')
 3 SYSTEMPATH\View\View.php(227): CodeIgniter\View\View->CodeIgniter\View\{closure}()
 4 SYSTEMPATH\Common.php(1173): CodeIgniter\View\View->render('backend/page/siswa/edit-siswa', [], true)
 5 APPPATH\Controllers\ManageSiswaController.php(108): view('backend/page/siswa/edit-siswa', [...])
 6 SYSTEMPATH\CodeIgniter.php(933): App\Controllers\ManageSiswaController->edit('1')
 7 SYSTEMPATH\CodeIgniter.php(507): CodeIgniter\CodeIgniter->runController(Object(App\Controllers\ManageSiswaController))
 8 SYSTEMPATH\CodeIgniter.php(354): CodeIgniter\CodeIgniter->handleRequest(null, Object(Config\Cache), false)
 9 SYSTEMPATH\Boot.php(334): CodeIgniter\CodeIgniter->run()
10 SYSTEMPATH\Boot.php(67): CodeIgniter\Boot::runCodeIgniter(Object(CodeIgniter\CodeIgniter))
11 FCPATH\index.php(56): CodeIgniter\Boot::bootWeb(Object(Config\Paths))
12 SYSTEMPATH\rewrite.php(44): require_once('C:\\xampp 8.1.25\\htdocs\\SMKN-10-Semarang\\SiKapTen\\public\\index.php')
DEBUG - 2025-02-03 07:22:06 --> Session: Class initialized using 'CodeIgniter\Session\Handlers\FileHandler' driver.
CRITICAL - 2025-02-03 07:22:06 --> ErrorException: Undefined array key "nama_admin"
[Method: GET, Route: manage-siswa/edit/1]
in APPPATH\Views\backend\page\siswa\edit-siswa.php on line 68.
 1 APPPATH\Views\backend\page\siswa\edit-siswa.php(68): CodeIgniter\Debug\Exceptions->errorHandler(2, 'Undefined array key "nama_admin"', 'C:\\xampp 8.1.25\\htdocs\\SMKN-10-Semarang\\SiKapTen\\app\\Views\\backend\\page\\siswa\\edit-siswa.php', 68)
 2 SYSTEMPATH\View\View.php(224): include('C:\\xampp 8.1.25\\htdocs\\SMKN-10-Semarang\\SiKapTen\\app\\Views\\backend\\page\\siswa\\edit-siswa.php')
 3 SYSTEMPATH\View\View.php(227): CodeIgniter\View\View->CodeIgniter\View\{closure}()
 4 SYSTEMPATH\Common.php(1173): CodeIgniter\View\View->render('backend/page/siswa/edit-siswa', [], true)
 5 APPPATH\Controllers\ManageSiswaController.php(108): view('backend/page/siswa/edit-siswa', [...])
 6 SYSTEMPATH\CodeIgniter.php(933): App\Controllers\ManageSiswaController->edit('1')
 7 SYSTEMPATH\CodeIgniter.php(507): CodeIgniter\CodeIgniter->runController(Object(App\Controllers\ManageSiswaController))
 8 SYSTEMPATH\CodeIgniter.php(354): CodeIgniter\CodeIgniter->handleRequest(null, Object(Config\Cache), false)
 9 SYSTEMPATH\Boot.php(334): CodeIgniter\CodeIgniter->run()
10 SYSTEMPATH\Boot.php(67): CodeIgniter\Boot::runCodeIgniter(Object(CodeIgniter\CodeIgniter))
11 FCPATH\index.php(56): CodeIgniter\Boot::bootWeb(Object(Config\Paths))
12 SYSTEMPATH\rewrite.php(44): require_once('C:\\xampp 8.1.25\\htdocs\\SMKN-10-Semarang\\SiKapTen\\public\\index.php')
CRITICAL - 2025-02-03 07:30:24 --> CodeIgniter\Exceptions\BadMethodCallException: Call to undefined method App\Models\AdminModel::getSiswaWithGroupAndKelas
[Method: GET, Route: manage-siswa/edit/1]
in SYSTEMPATH\Model.php on line 930.
 1 APPPATH\Controllers\ManageSiswaController.php(101): CodeIgniter\Model->__call('getSiswaWithGroupAndKelas', [])
 2 SYSTEMPATH\CodeIgniter.php(933): App\Controllers\ManageSiswaController->edit('1')
 3 SYSTEMPATH\CodeIgniter.php(507): CodeIgniter\CodeIgniter->runController(Object(App\Controllers\ManageSiswaController))
 4 SYSTEMPATH\CodeIgniter.php(354): CodeIgniter\CodeIgniter->handleRequest(null, Object(Config\Cache), false)
 5 SYSTEMPATH\Boot.php(334): CodeIgniter\CodeIgniter->run()
 6 SYSTEMPATH\Boot.php(67): CodeIgniter\Boot::runCodeIgniter(Object(CodeIgniter\CodeIgniter))
 7 FCPATH\index.php(56): CodeIgniter\Boot::bootWeb(Object(Config\Paths))
 8 SYSTEMPATH\rewrite.php(44): require_once('C:\\xampp 8.1.25\\htdocs\\SMKN-10-Semarang\\SiKapTen\\public\\index.php')
DEBUG - 2025-02-03 07:31:36 --> Session: Class initialized using 'CodeIgniter\Session\Handlers\FileHandler' driver.
DEBUG - 2025-02-03 07:33:14 --> Session: Class initialized using 'CodeIgniter\Session\Handlers\FileHandler' driver.
DEBUG - 2025-02-03 07:33:15 --> Session: Class initialized using 'CodeIgniter\Session\Handlers\FileHandler' driver.
DEBUG - 2025-02-03 07:33:16 --> Session: Class initialized using 'CodeIgniter\Session\Handlers\FileHandler' driver.
DEBUG - 2025-02-03 07:33:17 --> Session: Class initialized using 'CodeIgniter\Session\Handlers\FileHandler' driver.
DEBUG - 2025-02-03 07:33:57 --> Session: Class initialized using 'CodeIgniter\Session\Handlers\FileHandler' driver.
DEBUG - 2025-02-03 07:35:08 --> Session: Class initialized using 'CodeIgniter\Session\Handlers\FileHandler' driver.
DEBUG - 2025-02-03 07:35:09 --> Session: Class initialized using 'CodeIgniter\Session\Handlers\FileHandler' driver.
DEBUG - 2025-02-03 07:35:10 --> Session: Class initialized using 'CodeIgniter\Session\Handlers\FileHandler' driver.
DEBUG - 2025-02-03 07:35:32 --> Session: Class initialized using 'CodeIgniter\Session\Handlers\FileHandler' driver.
DEBUG - 2025-02-03 07:35:35 --> Session: Class initialized using 'CodeIgniter\Session\Handlers\FileHandler' driver.
DEBUG - 2025-02-03 07:35:49 --> Session: Class initialized using 'CodeIgniter\Session\Handlers\FileHandler' driver.
DEBUG - 2025-02-03 07:35:50 --> Session: Class initialized using 'CodeIgniter\Session\Handlers\FileHandler' driver.
DEBUG - 2025-02-03 07:35:52 --> Session: Class initialized using 'CodeIgniter\Session\Handlers\FileHandler' driver.
DEBUG - 2025-02-03 07:36:10 --> Session: Class initialized using 'CodeIgniter\Session\Handlers\FileHandler' driver.
DEBUG - 2025-02-03 07:36:10 --> Session: Class initialized using 'CodeIgniter\Session\Handlers\FileHandler' driver.
DEBUG - 2025-02-03 07:36:15 --> Session: Class initialized using 'CodeIgniter\Session\Handlers\FileHandler' driver.
DEBUG - 2025-02-03 07:36:22 --> Session: Class initialized using 'CodeIgniter\Session\Handlers\FileHandler' driver.
DEBUG - 2025-02-03 07:36:26 --> Session: Class initialized using 'CodeIgniter\Session\Handlers\FileHandler' driver.
DEBUG - 2025-02-03 07:36:36 --> Session: Class initialized using 'CodeIgniter\Session\Handlers\FileHandler' driver.
DEBUG - 2025-02-03 07:36:39 --> Session: Class initialized using 'CodeIgniter\Session\Handlers\FileHandler' driver.
DEBUG - 2025-02-03 07:38:40 --> Session: Class initialized using 'CodeIgniter\Session\Handlers\FileHandler' driver.
DEBUG - 2025-02-03 07:39:47 --> Session: Class initialized using 'CodeIgniter\Session\Handlers\FileHandler' driver.
DEBUG - 2025-02-03 07:41:40 --> Session: Class initialized using 'CodeIgniter\Session\Handlers\FileHandler' driver.
DEBUG - 2025-02-03 07:41:42 --> Session: Class initialized using 'CodeIgniter\Session\Handlers\FileHandler' driver.
DEBUG - 2025-02-03 07:42:01 --> Session: Class initialized using 'CodeIgniter\Session\Handlers\FileHandler' driver.
DEBUG - 2025-02-03 07:42:10 --> Session: Class initialized using 'CodeIgniter\Session\Handlers\FileHandler' driver.
DEBUG - 2025-02-03 07:43:00 --> Session: Class initialized using 'CodeIgniter\Session\Handlers\FileHandler' driver.
DEBUG - 2025-02-03 07:43:07 --> Session: Class initialized using 'CodeIgniter\Session\Handlers\FileHandler' driver.
CRITICAL - 2025-02-03 07:48:34 --> ErrorException: session_start(): Failed to decode session object. Session has been destroyed
[Method: GET, Route: dashboard]
in SYSTEMPATH\Session\Session.php on line 896.
 1 [internal function]: CodeIgniter\Debug\Exceptions->errorHandler(2, 'session_start(): Failed to decode session object. Session has been destroyed', 'C:\\xampp 8.1.25\\htdocs\\SMKN-10-Semarang\\SiKapTen\\vendor\\codeigniter4\\framework\\system\\Session\\Session.php', 896)
 2 SYSTEMPATH\Session\Session.php(896): session_start()
 3 SYSTEMPATH\Session\Session.php(242): CodeIgniter\Session\Session->startSession()
 4 SYSTEMPATH\Config\Services.php(710): CodeIgniter\Session\Session->start()
 5 SYSTEMPATH\Config\BaseService.php(312): CodeIgniter\Config\Services::session(Object(Config\Session), false)
 6 SYSTEMPATH\Config\BaseService.php(251): CodeIgniter\Config\BaseService::__callStatic('session', [...])
 7 SYSTEMPATH\Config\Services.php(668): CodeIgniter\Config\BaseService::getSharedInstance('session', null)
 8 SYSTEMPATH\Config\BaseService.php(321): CodeIgniter\Config\Services::session()
 9 SYSTEMPATH\Config\BaseService.php(202): CodeIgniter\Config\BaseService::__callStatic('session', [])
10 SYSTEMPATH\Common.php(1000): CodeIgniter\Config\BaseService::get('session')
11 SYSTEMPATH\Common.php(973): service('session')
12 APPPATH\Views\backend\layOutTemplate\sidebar.php(436): session('url_image')
13 SYSTEMPATH\View\View.php(224): include('C:\\xampp 8.1.25\\htdocs\\SMKN-10-Semarang\\SiKapTen\\app\\Views\\backend\\layOutTemplate\\sidebar.php')
14 SYSTEMPATH\View\View.php(227): CodeIgniter\View\View->CodeIgniter\View\{closure}()
15 SYSTEMPATH\View\View.php(475): CodeIgniter\View\View->render('backend/layOutTemplate/sidebar', null, true)
16 APPPATH\Views\backend\page\dashboard.php(2): CodeIgniter\View\View->include('backend/layOutTemplate/sidebar')
17 SYSTEMPATH\View\View.php(224): include('C:\\xampp 8.1.25\\htdocs\\SMKN-10-Semarang\\SiKapTen\\app\\Views\\backend\\page\\dashboard.php')
18 SYSTEMPATH\View\View.php(227): CodeIgniter\View\View->CodeIgniter\View\{closure}()
19 SYSTEMPATH\Common.php(1173): CodeIgniter\View\View->render('backend/page/dashboard', [], true)
20 APPPATH\Controllers\DashboardController.php(16): view('backend/page/dashboard', [...])
21 SYSTEMPATH\CodeIgniter.php(933): App\Controllers\DashboardController->dashboard()
22 SYSTEMPATH\CodeIgniter.php(507): CodeIgniter\CodeIgniter->runController(Object(App\Controllers\DashboardController))
23 SYSTEMPATH\CodeIgniter.php(354): CodeIgniter\CodeIgniter->handleRequest(null, Object(Config\Cache), false)
24 SYSTEMPATH\Boot.php(334): CodeIgniter\CodeIgniter->run()
25 SYSTEMPATH\Boot.php(67): CodeIgniter\Boot::runCodeIgniter(Object(CodeIgniter\CodeIgniter))
26 FCPATH\index.php(56): CodeIgniter\Boot::bootWeb(Object(Config\Paths))
27 SYSTEMPATH\rewrite.php(44): require_once('C:\\xampp 8.1.25\\htdocs\\SMKN-10-Semarang\\SiKapTen\\public\\index.php')
DEBUG - 2025-02-03 07:48:37 --> Session: Class initialized using 'CodeIgniter\Session\Handlers\FileHandler' driver.
CRITICAL - 2025-02-03 07:48:37 --> TypeError: CodeIgniter\HTTP\SiteURI::stringifyRelativePath(): Return value must be of type string, null returned
[Method: GET, Route: dashboard]
in SYSTEMPATH\HTTP\SiteURI.php on line 407.
 1 SYSTEMPATH\HTTP\SiteURI.php(381): CodeIgniter\HTTP\SiteURI->stringifyRelativePath(null)
 2 SYSTEMPATH\Helpers\url_helper.php(59): CodeIgniter\HTTP\SiteURI->baseUrl(null, null)
 3 APPPATH\Views\backend\layOutTemplate\sidebar.php(436): base_url(null)
 4 SYSTEMPATH\View\View.php(224): include('C:\\xampp 8.1.25\\htdocs\\SMKN-10-Semarang\\SiKapTen\\app\\Views\\backend\\layOutTemplate\\sidebar.php')
 5 SYSTEMPATH\View\View.php(227): CodeIgniter\View\View->CodeIgniter\View\{closure}()
 6 SYSTEMPATH\View\View.php(475): CodeIgniter\View\View->render('backend/layOutTemplate/sidebar', null, true)
 7 APPPATH\Views\backend\page\dashboard.php(2): CodeIgniter\View\View->include('backend/layOutTemplate/sidebar')
 8 SYSTEMPATH\View\View.php(224): include('C:\\xampp 8.1.25\\htdocs\\SMKN-10-Semarang\\SiKapTen\\app\\Views\\backend\\page\\dashboard.php')
 9 SYSTEMPATH\View\View.php(227): CodeIgniter\View\View->CodeIgniter\View\{closure}()
10 SYSTEMPATH\Common.php(1173): CodeIgniter\View\View->render('backend/page/dashboard', [], true)
11 APPPATH\Controllers\DashboardController.php(16): view('backend/page/dashboard', [...])
12 SYSTEMPATH\CodeIgniter.php(933): App\Controllers\DashboardController->dashboard()
13 SYSTEMPATH\CodeIgniter.php(507): CodeIgniter\CodeIgniter->runController(Object(App\Controllers\DashboardController))
14 SYSTEMPATH\CodeIgniter.php(354): CodeIgniter\CodeIgniter->handleRequest(null, Object(Config\Cache), false)
15 SYSTEMPATH\Boot.php(334): CodeIgniter\CodeIgniter->run()
16 SYSTEMPATH\Boot.php(67): CodeIgniter\Boot::runCodeIgniter(Object(CodeIgniter\CodeIgniter))
17 FCPATH\index.php(56): CodeIgniter\Boot::bootWeb(Object(Config\Paths))
18 SYSTEMPATH\rewrite.php(44): require_once('C:\\xampp 8.1.25\\htdocs\\SMKN-10-Semarang\\SiKapTen\\public\\index.php')
DEBUG - 2025-02-03 07:48:39 --> Session: Class initialized using 'CodeIgniter\Session\Handlers\FileHandler' driver.
CRITICAL - 2025-02-03 07:48:39 --> TypeError: CodeIgniter\HTTP\SiteURI::stringifyRelativePath(): Return value must be of type string, null returned
[Method: GET, Route: dashboard]
in SYSTEMPATH\HTTP\SiteURI.php on line 407.
 1 SYSTEMPATH\HTTP\SiteURI.php(381): CodeIgniter\HTTP\SiteURI->stringifyRelativePath(null)
 2 SYSTEMPATH\Helpers\url_helper.php(59): CodeIgniter\HTTP\SiteURI->baseUrl(null, null)
 3 APPPATH\Views\backend\layOutTemplate\sidebar.php(436): base_url(null)
 4 SYSTEMPATH\View\View.php(224): include('C:\\xampp 8.1.25\\htdocs\\SMKN-10-Semarang\\SiKapTen\\app\\Views\\backend\\layOutTemplate\\sidebar.php')
 5 SYSTEMPATH\View\View.php(227): CodeIgniter\View\View->CodeIgniter\View\{closure}()
 6 SYSTEMPATH\View\View.php(475): CodeIgniter\View\View->render('backend/layOutTemplate/sidebar', null, true)
 7 APPPATH\Views\backend\page\dashboard.php(2): CodeIgniter\View\View->include('backend/layOutTemplate/sidebar')
 8 SYSTEMPATH\View\View.php(224): include('C:\\xampp 8.1.25\\htdocs\\SMKN-10-Semarang\\SiKapTen\\app\\Views\\backend\\page\\dashboard.php')
 9 SYSTEMPATH\View\View.php(227): CodeIgniter\View\View->CodeIgniter\View\{closure}()
10 SYSTEMPATH\Common.php(1173): CodeIgniter\View\View->render('backend/page/dashboard', [], true)
11 APPPATH\Controllers\DashboardController.php(16): view('backend/page/dashboard', [...])
12 SYSTEMPATH\CodeIgniter.php(933): App\Controllers\DashboardController->dashboard()
13 SYSTEMPATH\CodeIgniter.php(507): CodeIgniter\CodeIgniter->runController(Object(App\Controllers\DashboardController))
14 SYSTEMPATH\CodeIgniter.php(354): CodeIgniter\CodeIgniter->handleRequest(null, Object(Config\Cache), false)
15 SYSTEMPATH\Boot.php(334): CodeIgniter\CodeIgniter->run()
16 SYSTEMPATH\Boot.php(67): CodeIgniter\Boot::runCodeIgniter(Object(CodeIgniter\CodeIgniter))
17 FCPATH\index.php(56): CodeIgniter\Boot::bootWeb(Object(Config\Paths))
18 SYSTEMPATH\rewrite.php(44): require_once('C:\\xampp 8.1.25\\htdocs\\SMKN-10-Semarang\\SiKapTen\\public\\index.php')
DEBUG - 2025-02-03 07:48:56 --> Session: Class initialized using 'CodeIgniter\Session\Handlers\FileHandler' driver.
DEBUG - 2025-02-03 07:49:03 --> Session: Class initialized using 'CodeIgniter\Session\Handlers\FileHandler' driver.
DEBUG - 2025-02-03 07:49:04 --> Session: Class initialized using 'CodeIgniter\Session\Handlers\FileHandler' driver.
DEBUG - 2025-02-03 07:49:09 --> Session: Class initialized using 'CodeIgniter\Session\Handlers\FileHandler' driver.
DEBUG - 2025-02-03 07:49:10 --> Session: Class initialized using 'CodeIgniter\Session\Handlers\FileHandler' driver.
DEBUG - 2025-02-03 07:49:13 --> Session: Class initialized using 'CodeIgniter\Session\Handlers\FileHandler' driver.
DEBUG - 2025-02-03 07:52:01 --> Session: Class initialized using 'CodeIgniter\Session\Handlers\FileHandler' driver.
DEBUG - 2025-02-03 07:52:04 --> Session: Class initialized using 'CodeIgniter\Session\Handlers\FileHandler' driver.
DEBUG - 2025-02-03 07:52:23 --> Session: Class initialized using 'CodeIgniter\Session\Handlers\FileHandler' driver.
DEBUG - 2025-02-03 07:52:30 --> Session: Class initialized using 'CodeIgniter\Session\Handlers\FileHandler' driver.
DEBUG - 2025-02-03 07:52:47 --> Session: Class initialized using 'CodeIgniter\Session\Handlers\FileHandler' driver.
DEBUG - 2025-02-03 07:52:50 --> Session: Class initialized using 'CodeIgniter\Session\Handlers\FileHandler' driver.
DEBUG - 2025-02-03 07:52:51 --> Session: Class initialized using 'CodeIgniter\Session\Handlers\FileHandler' driver.
DEBUG - 2025-02-03 07:52:53 --> Session: Class initialized using 'CodeIgniter\Session\Handlers\FileHandler' driver.
DEBUG - 2025-02-03 07:53:31 --> Session: Class initialized using 'CodeIgniter\Session\Handlers\FileHandler' driver.
DEBUG - 2025-02-03 07:53:33 --> Session: Class initialized using 'CodeIgniter\Session\Handlers\FileHandler' driver.
DEBUG - 2025-02-03 07:53:44 --> Session: Class initialized using 'CodeIgniter\Session\Handlers\FileHandler' driver.
DEBUG - 2025-02-03 07:54:34 --> Session: Class initialized using 'CodeIgniter\Session\Handlers\FileHandler' driver.
DEBUG - 2025-02-03 07:54:48 --> Session: Class initialized using 'CodeIgniter\Session\Handlers\FileHandler' driver.
DEBUG - 2025-02-03 07:55:54 --> Session: Class initialized using 'CodeIgniter\Session\Handlers\FileHandler' driver.
DEBUG - 2025-02-03 07:56:38 --> Session: Class initialized using 'CodeIgniter\Session\Handlers\FileHandler' driver.
DEBUG - 2025-02-03 07:57:16 --> Session: Class initialized using 'CodeIgniter\Session\Handlers\FileHandler' driver.
DEBUG - 2025-02-03 07:57:19 --> Session: Class initialized using 'CodeIgniter\Session\Handlers\FileHandler' driver.
DEBUG - 2025-02-03 07:57:21 --> Session: Class initialized using 'CodeIgniter\Session\Handlers\FileHandler' driver.
