<<<<<<< HEAD
DEBUG - 2025-02-28 03:44:28 --> Session: Class initialized using 'CodeIgniter\Session\Handlers\FileHandler' driver.
DEBUG - 2025-02-28 03:44:40 --> Session: Class initialized using 'CodeIgniter\Session\Handlers\FileHandler' driver.
DEBUG - 2025-02-28 03:45:08 --> Session: Class initialized using 'CodeIgniter\Session\Handlers\FileHandler' driver.
DEBUG - 2025-02-28 03:45:33 --> Session: Class initialized using 'CodeIgniter\Session\Handlers\FileHandler' driver.
DEBUG - 2025-02-28 03:45:38 --> Session: Class initialized using 'CodeIgniter\Session\Handlers\FileHandler' driver.
DEBUG - 2025-02-28 03:45:38 --> Session: Class initialized using 'CodeIgniter\Session\Handlers\FileHandler' driver.
DEBUG - 2025-02-28 03:45:51 --> Session: Class initialized using 'CodeIgniter\Session\Handlers\FileHandler' driver.
DEBUG - 2025-02-28 03:51:56 --> Session: Class initialized using 'CodeIgniter\Session\Handlers\FileHandler' driver.
DEBUG - 2025-02-28 03:53:07 --> Session: Class initialized using 'CodeIgniter\Session\Handlers\FileHandler' driver.
DEBUG - 2025-02-28 03:58:48 --> Session: Class initialized using 'CodeIgniter\Session\Handlers\FileHandler' driver.
DEBUG - 2025-02-28 03:59:34 --> Session: Class initialized using 'CodeIgniter\Session\Handlers\FileHandler' driver.
DEBUG - 2025-02-28 06:45:16 --> Session: Class initialized using 'CodeIgniter\Session\Handlers\FileHandler' driver.
DEBUG - 2025-02-28 06:45:25 --> Session: Class initialized using 'CodeIgniter\Session\Handlers\FileHandler' driver.
DEBUG - 2025-02-28 06:45:26 --> Session: Class initialized using 'CodeIgniter\Session\Handlers\FileHandler' driver.
DEBUG - 2025-02-28 06:45:34 --> Session: Class initialized using 'CodeIgniter\Session\Handlers\FileHandler' driver.
DEBUG - 2025-02-28 06:45:35 --> Session: Class initialized using 'CodeIgniter\Session\Handlers\FileHandler' driver.
DEBUG - 2025-02-28 06:45:38 --> Session: Class initialized using 'CodeIgniter\Session\Handlers\FileHandler' driver.
DEBUG - 2025-02-28 06:50:45 --> Session: Class initialized using 'CodeIgniter\Session\Handlers\FileHandler' driver.
DEBUG - 2025-02-28 06:50:46 --> Session: Class initialized using 'CodeIgniter\Session\Handlers\FileHandler' driver.
DEBUG - 2025-02-28 06:50:52 --> Session: Class initialized using 'CodeIgniter\Session\Handlers\FileHandler' driver.
DEBUG - 2025-02-28 06:50:52 --> Session: Class initialized using 'CodeIgniter\Session\Handlers\FileHandler' driver.
DEBUG - 2025-02-28 06:50:58 --> Session: Class initialized using 'CodeIgniter\Session\Handlers\FileHandler' driver.
DEBUG - 2025-02-28 06:51:20 --> Session: Class initialized using 'CodeIgniter\Session\Handlers\FileHandler' driver.
DEBUG - 2025-02-28 06:51:20 --> Session: Class initialized using 'CodeIgniter\Session\Handlers\FileHandler' driver.
DEBUG - 2025-02-28 06:51:26 --> Session: Class initialized using 'CodeIgniter\Session\Handlers\FileHandler' driver.
DEBUG - 2025-02-28 06:51:26 --> Session: Class initialized using 'CodeIgniter\Session\Handlers\FileHandler' driver.
DEBUG - 2025-02-28 06:51:33 --> Session: Class initialized using 'CodeIgniter\Session\Handlers\FileHandler' driver.
CRITICAL - 2025-02-28 06:51:51 --> ErrorException: Undefined variable $password
[Method: POST, Route: update-profile-admin]
in APPPATH\Controllers\MyProfileController.php on line 24.
 1 APPPATH\Controllers\MyProfileController.php(24): CodeIgniter\Debug\Exceptions->errorHandler(2, 'Undefined variable $password', 'C:\\xampp\\htdocs\\Lapak-Siswa\\app\\Controllers\\MyProfileController.php', 24)
 2 SYSTEMPATH\CodeIgniter.php(933): App\Controllers\MyProfileController->update()
 3 SYSTEMPATH\CodeIgniter.php(507): CodeIgniter\CodeIgniter->runController(Object(App\Controllers\MyProfileController))
 4 SYSTEMPATH\CodeIgniter.php(354): CodeIgniter\CodeIgniter->handleRequest(null, Object(Config\Cache), false)
 5 SYSTEMPATH\Boot.php(334): CodeIgniter\CodeIgniter->run()
 6 SYSTEMPATH\Boot.php(67): CodeIgniter\Boot::runCodeIgniter(Object(CodeIgniter\CodeIgniter))
 7 FCPATH\index.php(56): CodeIgniter\Boot::bootWeb(Object(Config\Paths))
 8 SYSTEMPATH\rewrite.php(44): require_once('C:\\xampp\\htdocs\\Lapak-Siswa\\public\\index.php')
DEBUG - 2025-02-28 06:52:58 --> Session: Class initialized using 'CodeIgniter\Session\Handlers\FileHandler' driver.
DEBUG - 2025-02-28 06:53:00 --> Session: Class initialized using 'CodeIgniter\Session\Handlers\FileHandler' driver.
CRITICAL - 2025-02-28 06:53:05 --> ErrorException: Undefined variable $password
[Method: POST, Route: update-profile-admin]
in APPPATH\Controllers\MyProfileController.php on line 24.
 1 APPPATH\Controllers\MyProfileController.php(24): CodeIgniter\Debug\Exceptions->errorHandler(2, 'Undefined variable $password', 'C:\\xampp\\htdocs\\Lapak-Siswa\\app\\Controllers\\MyProfileController.php', 24)
 2 SYSTEMPATH\CodeIgniter.php(933): App\Controllers\MyProfileController->update()
 3 SYSTEMPATH\CodeIgniter.php(507): CodeIgniter\CodeIgniter->runController(Object(App\Controllers\MyProfileController))
 4 SYSTEMPATH\CodeIgniter.php(354): CodeIgniter\CodeIgniter->handleRequest(null, Object(Config\Cache), false)
 5 SYSTEMPATH\Boot.php(334): CodeIgniter\CodeIgniter->run()
 6 SYSTEMPATH\Boot.php(67): CodeIgniter\Boot::runCodeIgniter(Object(CodeIgniter\CodeIgniter))
 7 FCPATH\index.php(56): CodeIgniter\Boot::bootWeb(Object(Config\Paths))
 8 SYSTEMPATH\rewrite.php(44): require_once('C:\\xampp\\htdocs\\Lapak-Siswa\\public\\index.php')
DEBUG - 2025-02-28 06:54:01 --> Session: Class initialized using 'CodeIgniter\Session\Handlers\FileHandler' driver.
DEBUG - 2025-02-28 06:54:03 --> Session: Class initialized using 'CodeIgniter\Session\Handlers\FileHandler' driver.
CRITICAL - 2025-02-28 06:54:09 --> CodeIgniter\Database\Exceptions\DatabaseException: Updates are not allowed unless they contain a "where" or "like" clause.
[Method: POST, Route: update-profile-admin]
in SYSTEMPATH\Model.php on line 456.
 1 SYSTEMPATH\BaseModel.php(1027): CodeIgniter\Model->doUpdate(null, [...])
 2 SYSTEMPATH\Model.php(863): CodeIgniter\BaseModel->update(null, [...])
 3 APPPATH\Controllers\MyProfileController.php(30): CodeIgniter\Model->update(null, [...])
 4 SYSTEMPATH\CodeIgniter.php(933): App\Controllers\MyProfileController->update()
 5 SYSTEMPATH\CodeIgniter.php(507): CodeIgniter\CodeIgniter->runController(Object(App\Controllers\MyProfileController))
=======
DEBUG - 2025-02-28 03:57:06 --> Session: Class initialized using 'CodeIgniter\Session\Handlers\FileHandler' driver.
ERROR - 2025-02-28 04:43:23 --> mysqli_sql_exception: Table 'lapak-siswa.kategori' doesn't exist in C:\xampp 8.1.25\htdocs\SMKN-10-Semarang\SiKapTen\vendor\codeigniter4\framework\system\Database\MySQLi\Connection.php:327
Stack trace:
#0 C:\xampp 8.1.25\htdocs\SMKN-10-Semarang\SiKapTen\vendor\codeigniter4\framework\system\Database\MySQLi\Connection.php(327): mysqli->query('SELECT `product...', 0)
#1 C:\xampp 8.1.25\htdocs\SMKN-10-Semarang\SiKapTen\vendor\codeigniter4\framework\system\Database\BaseConnection.php(738): CodeIgniter\Database\MySQLi\Connection->execute('SELECT `product...')
#2 C:\xampp 8.1.25\htdocs\SMKN-10-Semarang\SiKapTen\vendor\codeigniter4\framework\system\Database\BaseConnection.php(652): CodeIgniter\Database\BaseConnection->simpleQuery('SELECT `product...')
#3 C:\xampp 8.1.25\htdocs\SMKN-10-Semarang\SiKapTen\vendor\codeigniter4\framework\system\Database\BaseBuilder.php(1649): CodeIgniter\Database\BaseConnection->query('SELECT `product...', Array, false)
#4 C:\xampp 8.1.25\htdocs\SMKN-10-Semarang\SiKapTen\app\Models\ProductSiswaModel.php(36): CodeIgniter\Database\BaseBuilder->get()
#5 C:\xampp 8.1.25\htdocs\SMKN-10-Semarang\SiKapTen\app\Controllers\Home.php(51): App\Models\ProductSiswaModel->getProductsWithDetails()
#6 C:\xampp 8.1.25\htdocs\SMKN-10-Semarang\SiKapTen\vendor\codeigniter4\framework\system\CodeIgniter.php(933): App\Controllers\Home->shop()
#7 C:\xampp 8.1.25\htdocs\SMKN-10-Semarang\SiKapTen\vendor\codeigniter4\framework\system\CodeIgniter.php(507): CodeIgniter\CodeIgniter->runController(Object(App\Controllers\Home))
#8 C:\xampp 8.1.25\htdocs\SMKN-10-Semarang\SiKapTen\vendor\codeigniter4\framework\system\CodeIgniter.php(354): CodeIgniter\CodeIgniter->handleRequest(NULL, Object(Config\Cache), false)
#9 C:\xampp 8.1.25\htdocs\SMKN-10-Semarang\SiKapTen\vendor\codeigniter4\framework\system\Boot.php(334): CodeIgniter\CodeIgniter->run()
#10 C:\xampp 8.1.25\htdocs\SMKN-10-Semarang\SiKapTen\vendor\codeigniter4\framework\system\Boot.php(67): CodeIgniter\Boot::runCodeIgniter(Object(CodeIgniter\CodeIgniter))
#11 C:\xampp 8.1.25\htdocs\SMKN-10-Semarang\SiKapTen\public\index.php(56): CodeIgniter\Boot::bootWeb(Object(Config\Paths))
#12 C:\xampp 8.1.25\htdocs\SMKN-10-Semarang\SiKapTen\vendor\codeigniter4\framework\system\rewrite.php(44): require_once('C:\\xampp 8.1.25...')
#13 {main}
CRITICAL - 2025-02-28 04:43:23 --> CodeIgniter\Database\Exceptions\DatabaseException: Table 'lapak-siswa.kategori' doesn't exist
[Method: GET, Route: shop]
in SYSTEMPATH\Database\BaseConnection.php on line 692.
 1 SYSTEMPATH\Database\BaseBuilder.php(1649): CodeIgniter\Database\BaseConnection->query('SELECT `product_siswa`.*, `kategori`.`nama` as `nama_kategori`, `admin`.`full_name` as `nama_admin`, `admin`.`group_name`
FROM `product_siswa`
LEFT JOIN `kategori` ON `kategori`.`id_kategori` = `product_siswa`.`id_kategori`
LEFT JOIN `admin` ON `admin`.`id_admin` = `product_siswa`.`id_admin`', [], false)
 2 APPPATH\Models\ProductSiswaModel.php(36): CodeIgniter\Database\BaseBuilder->get()
 3 APPPATH\Controllers\Home.php(51): App\Models\ProductSiswaModel->getProductsWithDetails()
 4 SYSTEMPATH\CodeIgniter.php(933): App\Controllers\Home->shop()
 5 SYSTEMPATH\CodeIgniter.php(507): CodeIgniter\CodeIgniter->runController(Object(App\Controllers\Home))
>>>>>>> b893c30efbc691ee89dca97e7a3df9706530ec8d
 6 SYSTEMPATH\CodeIgniter.php(354): CodeIgniter\CodeIgniter->handleRequest(null, Object(Config\Cache), false)
 7 SYSTEMPATH\Boot.php(334): CodeIgniter\CodeIgniter->run()
 8 SYSTEMPATH\Boot.php(67): CodeIgniter\Boot::runCodeIgniter(Object(CodeIgniter\CodeIgniter))
 9 FCPATH\index.php(56): CodeIgniter\Boot::bootWeb(Object(Config\Paths))
<<<<<<< HEAD
10 SYSTEMPATH\rewrite.php(44): require_once('C:\\xampp\\htdocs\\Lapak-Siswa\\public\\index.php')
DEBUG - 2025-02-28 06:57:37 --> Session: Class initialized using 'CodeIgniter\Session\Handlers\FileHandler' driver.
DEBUG - 2025-02-28 06:57:42 --> Session: Class initialized using 'CodeIgniter\Session\Handlers\FileHandler' driver.
DEBUG - 2025-02-28 06:57:49 --> Session: Class initialized using 'CodeIgniter\Session\Handlers\FileHandler' driver.
DEBUG - 2025-02-28 06:57:49 --> Session: Class initialized using 'CodeIgniter\Session\Handlers\FileHandler' driver.
DEBUG - 2025-02-28 06:58:52 --> Session: Class initialized using 'CodeIgniter\Session\Handlers\FileHandler' driver.
DEBUG - 2025-02-28 06:59:11 --> Session: Class initialized using 'CodeIgniter\Session\Handlers\FileHandler' driver.
DEBUG - 2025-02-28 06:59:11 --> Session: Class initialized using 'CodeIgniter\Session\Handlers\FileHandler' driver.
DEBUG - 2025-02-28 06:59:57 --> Session: Class initialized using 'CodeIgniter\Session\Handlers\FileHandler' driver.
DEBUG - 2025-02-28 07:00:17 --> Session: Class initialized using 'CodeIgniter\Session\Handlers\FileHandler' driver.
DEBUG - 2025-02-28 07:00:17 --> Session: Class initialized using 'CodeIgniter\Session\Handlers\FileHandler' driver.
=======
10 SYSTEMPATH\rewrite.php(44): require_once('C:\\xampp 8.1.25\\htdocs\\SMKN-10-Semarang\\SiKapTen\\public\\index.php')
CRITICAL - 2025-02-28 04:43:23 --> [Caused by] CodeIgniter\Database\Exceptions\DatabaseException: Table 'lapak-siswa.kategori' doesn't exist
in SYSTEMPATH\Database\MySQLi\Connection.php on line 332.
 1 SYSTEMPATH\Database\BaseConnection.php(738): CodeIgniter\Database\MySQLi\Connection->execute('SELECT `product_siswa`.*, `kategori`.`nama` as `nama_kategori`, `admin`.`full_name` as `nama_admin`, `admin`.`group_name`
FROM `product_siswa`
LEFT JOIN `kategori` ON `kategori`.`id_kategori` = `product_siswa`.`id_kategori`
LEFT JOIN `admin` ON `admin`.`id_admin` = `product_siswa`.`id_admin`')
 2 SYSTEMPATH\Database\BaseConnection.php(652): CodeIgniter\Database\BaseConnection->simpleQuery('SELECT `product_siswa`.*, `kategori`.`nama` as `nama_kategori`, `admin`.`full_name` as `nama_admin`, `admin`.`group_name`
FROM `product_siswa`
LEFT JOIN `kategori` ON `kategori`.`id_kategori` = `product_siswa`.`id_kategori`
LEFT JOIN `admin` ON `admin`.`id_admin` = `product_siswa`.`id_admin`')
 3 SYSTEMPATH\Database\BaseBuilder.php(1649): CodeIgniter\Database\BaseConnection->query('SELECT `product_siswa`.*, `kategori`.`nama` as `nama_kategori`, `admin`.`full_name` as `nama_admin`, `admin`.`group_name`
FROM `product_siswa`
LEFT JOIN `kategori` ON `kategori`.`id_kategori` = `product_siswa`.`id_kategori`
LEFT JOIN `admin` ON `admin`.`id_admin` = `product_siswa`.`id_admin`', [], false)
 4 APPPATH\Models\ProductSiswaModel.php(36): CodeIgniter\Database\BaseBuilder->get()
 5 APPPATH\Controllers\Home.php(51): App\Models\ProductSiswaModel->getProductsWithDetails()
 6 SYSTEMPATH\CodeIgniter.php(933): App\Controllers\Home->shop()
 7 SYSTEMPATH\CodeIgniter.php(507): CodeIgniter\CodeIgniter->runController(Object(App\Controllers\Home))
 8 SYSTEMPATH\CodeIgniter.php(354): CodeIgniter\CodeIgniter->handleRequest(null, Object(Config\Cache), false)
 9 SYSTEMPATH\Boot.php(334): CodeIgniter\CodeIgniter->run()
10 SYSTEMPATH\Boot.php(67): CodeIgniter\Boot::runCodeIgniter(Object(CodeIgniter\CodeIgniter))
11 FCPATH\index.php(56): CodeIgniter\Boot::bootWeb(Object(Config\Paths))
12 SYSTEMPATH\rewrite.php(44): require_once('C:\\xampp 8.1.25\\htdocs\\SMKN-10-Semarang\\SiKapTen\\public\\index.php')
CRITICAL - 2025-02-28 04:43:23 --> [Caused by] mysqli_sql_exception: Table 'lapak-siswa.kategori' doesn't exist
in SYSTEMPATH\Database\MySQLi\Connection.php on line 327.
 1 SYSTEMPATH\Database\MySQLi\Connection.php(327): mysqli->query('SELECT `product_siswa`.*, `kategori`.`nama` as `nama_kategori`, `admin`.`full_name` as `nama_admin`, `admin`.`group_name`
FROM `product_siswa`
LEFT JOIN `kategori` ON `kategori`.`id_kategori` = `product_siswa`.`id_kategori`
LEFT JOIN `admin` ON `admin`.`id_admin` = `product_siswa`.`id_admin`', 0)
 2 SYSTEMPATH\Database\BaseConnection.php(738): CodeIgniter\Database\MySQLi\Connection->execute('SELECT `product_siswa`.*, `kategori`.`nama` as `nama_kategori`, `admin`.`full_name` as `nama_admin`, `admin`.`group_name`
FROM `product_siswa`
LEFT JOIN `kategori` ON `kategori`.`id_kategori` = `product_siswa`.`id_kategori`
LEFT JOIN `admin` ON `admin`.`id_admin` = `product_siswa`.`id_admin`')
 3 SYSTEMPATH\Database\BaseConnection.php(652): CodeIgniter\Database\BaseConnection->simpleQuery('SELECT `product_siswa`.*, `kategori`.`nama` as `nama_kategori`, `admin`.`full_name` as `nama_admin`, `admin`.`group_name`
FROM `product_siswa`
LEFT JOIN `kategori` ON `kategori`.`id_kategori` = `product_siswa`.`id_kategori`
LEFT JOIN `admin` ON `admin`.`id_admin` = `product_siswa`.`id_admin`')
 4 SYSTEMPATH\Database\BaseBuilder.php(1649): CodeIgniter\Database\BaseConnection->query('SELECT `product_siswa`.*, `kategori`.`nama` as `nama_kategori`, `admin`.`full_name` as `nama_admin`, `admin`.`group_name`
FROM `product_siswa`
LEFT JOIN `kategori` ON `kategori`.`id_kategori` = `product_siswa`.`id_kategori`
LEFT JOIN `admin` ON `admin`.`id_admin` = `product_siswa`.`id_admin`', [], false)
 5 APPPATH\Models\ProductSiswaModel.php(36): CodeIgniter\Database\BaseBuilder->get()
 6 APPPATH\Controllers\Home.php(51): App\Models\ProductSiswaModel->getProductsWithDetails()
 7 SYSTEMPATH\CodeIgniter.php(933): App\Controllers\Home->shop()
 8 SYSTEMPATH\CodeIgniter.php(507): CodeIgniter\CodeIgniter->runController(Object(App\Controllers\Home))
 9 SYSTEMPATH\CodeIgniter.php(354): CodeIgniter\CodeIgniter->handleRequest(null, Object(Config\Cache), false)
10 SYSTEMPATH\Boot.php(334): CodeIgniter\CodeIgniter->run()
11 SYSTEMPATH\Boot.php(67): CodeIgniter\Boot::runCodeIgniter(Object(CodeIgniter\CodeIgniter))
12 FCPATH\index.php(56): CodeIgniter\Boot::bootWeb(Object(Config\Paths))
13 SYSTEMPATH\rewrite.php(44): require_once('C:\\xampp 8.1.25\\htdocs\\SMKN-10-Semarang\\SiKapTen\\public\\index.php')
CRITICAL - 2025-02-28 04:54:32 --> ParseError: syntax error, unexpected token "endforeach"
[Method: GET, Route: shop]
in APPPATH\Views\frontend\shop.php on line 124.
 1 SYSTEMPATH\View\View.php(227): CodeIgniter\View\View->CodeIgniter\View\{closure}()
 2 SYSTEMPATH\Common.php(1173): CodeIgniter\View\View->render('frontend/shop', [], true)
 3 APPPATH\Controllers\Home.php(68): view('frontend/shop', [...])
 4 SYSTEMPATH\CodeIgniter.php(933): App\Controllers\Home->shop()
 5 SYSTEMPATH\CodeIgniter.php(507): CodeIgniter\CodeIgniter->runController(Object(App\Controllers\Home))
 6 SYSTEMPATH\CodeIgniter.php(354): CodeIgniter\CodeIgniter->handleRequest(null, Object(Config\Cache), false)
 7 SYSTEMPATH\Boot.php(334): CodeIgniter\CodeIgniter->run()
 8 SYSTEMPATH\Boot.php(67): CodeIgniter\Boot::runCodeIgniter(Object(CodeIgniter\CodeIgniter))
 9 FCPATH\index.php(56): CodeIgniter\Boot::bootWeb(Object(Config\Paths))
10 SYSTEMPATH\rewrite.php(44): require_once('C:\\xampp 8.1.25\\htdocs\\SMKN-10-Semarang\\SiKapTen\\public\\index.php')
>>>>>>> b893c30efbc691ee89dca97e7a3df9706530ec8d
