DEBUG - 2025-02-25 05:49:36 --> Session: Class initialized using 'CodeIgniter\Session\Handlers\FileHandler' driver.
DEBUG - 2025-02-25 05:49:49 --> Session: Class initialized using 'CodeIgniter\Session\Handlers\FileHandler' driver.
DEBUG - 2025-02-25 05:49:49 --> Session: Class initialized using 'CodeIgniter\Session\Handlers\FileHandler' driver.
DEBUG - 2025-02-25 06:01:35 --> Session: Class initialized using 'CodeIgniter\Session\Handlers\FileHandler' driver.
DEBUG - 2025-02-25 06:01:55 --> Session: Class initialized using 'CodeIgniter\Session\Handlers\FileHandler' driver.
DEBUG - 2025-02-25 06:01:55 --> Session: Class initialized using 'CodeIgniter\Session\Handlers\FileHandler' driver.
DEBUG - 2025-02-25 06:02:47 --> Session: Class initialized using 'CodeIgniter\Session\Handlers\FileHandler' driver.
DEBUG - 2025-02-25 06:05:17 --> Session: Class initialized using 'CodeIgniter\Session\Handlers\FileHandler' driver.
DEBUG - 2025-02-25 06:06:02 --> Session: Class initialized using 'CodeIgniter\Session\Handlers\FileHandler' driver.
DEBUG - 2025-02-25 06:06:20 --> Session: Class initialized using 'CodeIgniter\Session\Handlers\FileHandler' driver.
DEBUG - 2025-02-25 06:06:23 --> Session: Class initialized using 'CodeIgniter\Session\Handlers\FileHandler' driver.
CRITICAL - 2025-02-25 06:06:23 --> ErrorException: Undefined array key "id_transaksi"
[Method: GET, Route: manage-order-product-siswa/edit/1]
in APPPATH\Views\backend\page\order-product-siswa\edit-order-product-siswa.php on line 20.
 1 APPPATH\Views\backend\page\order-product-siswa\edit-order-product-siswa.php(20): CodeIgniter\Debug\Exceptions->errorHandler(2, 'Undefined array key "id_transaksi"', 'C:\\xampp 8.1.25\\htdocs\\SMKN-10-Semarang\\SiKapTen\\app\\Views\\backend\\page\\order-product-siswa\\edit-order-product-siswa.php', 20)
 2 SYSTEMPATH\View\View.php(224): include('C:\\xampp 8.1.25\\htdocs\\SMKN-10-Semarang\\SiKapTen\\app\\Views\\backend\\page\\order-product-siswa\\edit-order-product-siswa.php')
 3 SYSTEMPATH\View\View.php(227): CodeIgniter\View\View->CodeIgniter\View\{closure}()
 4 SYSTEMPATH\Common.php(1173): CodeIgniter\View\View->render('backend/page/order-product-siswa/edit-order-product-siswa', [], true)
 5 APPPATH\Controllers\ManageOrderProductSiswaController.php(126): view('backend/page/order-product-siswa/edit-order-product-siswa', [...])
 6 SYSTEMPATH\CodeIgniter.php(933): App\Controllers\ManageOrderProductSiswaController->edit('1')
 7 SYSTEMPATH\CodeIgniter.php(507): CodeIgniter\CodeIgniter->runController(Object(App\Controllers\ManageOrderProductSiswaController))
 8 SYSTEMPATH\CodeIgniter.php(354): CodeIgniter\CodeIgniter->handleRequest(null, Object(Config\Cache), false)
 9 SYSTEMPATH\Boot.php(334): CodeIgniter\CodeIgniter->run()
10 SYSTEMPATH\Boot.php(67): CodeIgniter\Boot::runCodeIgniter(Object(CodeIgniter\CodeIgniter))
11 FCPATH\index.php(56): CodeIgniter\Boot::bootWeb(Object(Config\Paths))
12 SYSTEMPATH\rewrite.php(44): require_once('C:\\xampp 8.1.25\\htdocs\\SMKN-10-Semarang\\SiKapTen\\public\\index.php')
DEBUG - 2025-02-25 06:06:27 --> Session: Class initialized using 'CodeIgniter\Session\Handlers\FileHandler' driver.
DEBUG - 2025-02-25 06:06:29 --> Session: Class initialized using 'CodeIgniter\Session\Handlers\FileHandler' driver.
DEBUG - 2025-02-25 06:06:31 --> Session: Class initialized using 'CodeIgniter\Session\Handlers\FileHandler' driver.
DEBUG - 2025-02-25 06:08:01 --> Session: Class initialized using 'CodeIgniter\Session\Handlers\FileHandler' driver.
DEBUG - 2025-02-25 06:09:08 --> Session: Class initialized using 'CodeIgniter\Session\Handlers\FileHandler' driver.
DEBUG - 2025-02-25 06:09:40 --> Session: Class initialized using 'CodeIgniter\Session\Handlers\FileHandler' driver.
DEBUG - 2025-02-25 06:11:27 --> Session: Class initialized using 'CodeIgniter\Session\Handlers\FileHandler' driver.
CRITICAL - 2025-02-25 06:11:27 --> ErrorException: Undefined array key "no_telp"
[Method: GET, Route: manage-order-product-siswa]
in APPPATH\Views\backend\page\order-product-siswa\manage-order-product-siswa.php on line 47.
 1 APPPATH\Views\backend\page\order-product-siswa\manage-order-product-siswa.php(47): CodeIgniter\Debug\Exceptions->errorHandler(2, 'Undefined array key "no_telp"', 'C:\\xampp 8.1.25\\htdocs\\SMKN-10-Semarang\\SiKapTen\\app\\Views\\backend\\page\\order-product-siswa\\manage-order-product-siswa.php', 47)
 2 SYSTEMPATH\View\View.php(224): include('C:\\xampp 8.1.25\\htdocs\\SMKN-10-Semarang\\SiKapTen\\app\\Views\\backend\\page\\order-product-siswa\\manage-order-product-siswa.php')
 3 SYSTEMPATH\View\View.php(227): CodeIgniter\View\View->CodeIgniter\View\{closure}()
 4 SYSTEMPATH\Common.php(1173): CodeIgniter\View\View->render('backend/page/order-product-siswa/manage-order-product-siswa', [], true)
 5 APPPATH\Controllers\ManageOrderProductSiswaController.php(40): view('backend/page/order-product-siswa/manage-order-product-siswa', [...])
 6 SYSTEMPATH\CodeIgniter.php(933): App\Controllers\ManageOrderProductSiswaController->index()
 7 SYSTEMPATH\CodeIgniter.php(507): CodeIgniter\CodeIgniter->runController(Object(App\Controllers\ManageOrderProductSiswaController))
 8 SYSTEMPATH\CodeIgniter.php(354): CodeIgniter\CodeIgniter->handleRequest(null, Object(Config\Cache), false)
 9 SYSTEMPATH\Boot.php(334): CodeIgniter\CodeIgniter->run()
10 SYSTEMPATH\Boot.php(67): CodeIgniter\Boot::runCodeIgniter(Object(CodeIgniter\CodeIgniter))
11 FCPATH\index.php(56): CodeIgniter\Boot::bootWeb(Object(Config\Paths))
12 SYSTEMPATH\rewrite.php(44): require_once('C:\\xampp 8.1.25\\htdocs\\SMKN-10-Semarang\\SiKapTen\\public\\index.php')
DEBUG - 2025-02-25 06:11:49 --> Session: Class initialized using 'CodeIgniter\Session\Handlers\FileHandler' driver.
DEBUG - 2025-02-25 06:12:35 --> Session: Class initialized using 'CodeIgniter\Session\Handlers\FileHandler' driver.
DEBUG - 2025-02-25 06:13:58 --> Session: Class initialized using 'CodeIgniter\Session\Handlers\FileHandler' driver.
DEBUG - 2025-02-25 06:14:57 --> Session: Class initialized using 'CodeIgniter\Session\Handlers\FileHandler' driver.
DEBUG - 2025-02-25 06:15:10 --> Session: Class initialized using 'CodeIgniter\Session\Handlers\FileHandler' driver.
DEBUG - 2025-02-25 06:15:29 --> Session: Class initialized using 'CodeIgniter\Session\Handlers\FileHandler' driver.
DEBUG - 2025-02-25 06:15:32 --> Session: Class initialized using 'CodeIgniter\Session\Handlers\FileHandler' driver.
DEBUG - 2025-02-25 06:15:44 --> Session: Class initialized using 'CodeIgniter\Session\Handlers\FileHandler' driver.
DEBUG - 2025-02-25 06:15:45 --> Session: Class initialized using 'CodeIgniter\Session\Handlers\FileHandler' driver.
DEBUG - 2025-02-25 06:15:46 --> Session: Class initialized using 'CodeIgniter\Session\Handlers\FileHandler' driver.
DEBUG - 2025-02-25 06:16:05 --> Session: Class initialized using 'CodeIgniter\Session\Handlers\FileHandler' driver.
DEBUG - 2025-02-25 06:18:49 --> Session: Class initialized using 'CodeIgniter\Session\Handlers\FileHandler' driver.
DEBUG - 2025-02-25 06:18:54 --> Session: Class initialized using 'CodeIgniter\Session\Handlers\FileHandler' driver.
DEBUG - 2025-02-25 06:19:12 --> Session: Class initialized using 'CodeIgniter\Session\Handlers\FileHandler' driver.
DEBUG - 2025-02-25 06:19:34 --> Session: Class initialized using 'CodeIgniter\Session\Handlers\FileHandler' driver.
DEBUG - 2025-02-25 06:19:53 --> Session: Class initialized using 'CodeIgniter\Session\Handlers\FileHandler' driver.
DEBUG - 2025-02-25 06:20:29 --> Session: Class initialized using 'CodeIgniter\Session\Handlers\FileHandler' driver.
DEBUG - 2025-02-25 06:20:30 --> Session: Class initialized using 'CodeIgniter\Session\Handlers\FileHandler' driver.
DEBUG - 2025-02-25 06:20:43 --> Session: Class initialized using 'CodeIgniter\Session\Handlers\FileHandler' driver.
DEBUG - 2025-02-25 06:20:43 --> Session: Class initialized using 'CodeIgniter\Session\Handlers\FileHandler' driver.
DEBUG - 2025-02-25 06:20:57 --> Session: Class initialized using 'CodeIgniter\Session\Handlers\FileHandler' driver.
DEBUG - 2025-02-25 06:24:42 --> Session: Class initialized using 'CodeIgniter\Session\Handlers\FileHandler' driver.
DEBUG - 2025-02-25 06:25:04 --> Session: Class initialized using 'CodeIgniter\Session\Handlers\FileHandler' driver.
DEBUG - 2025-02-25 06:25:26 --> Session: Class initialized using 'CodeIgniter\Session\Handlers\FileHandler' driver.
DEBUG - 2025-02-25 06:25:52 --> Session: Class initialized using 'CodeIgniter\Session\Handlers\FileHandler' driver.
DEBUG - 2025-02-25 06:26:51 --> Session: Class initialized using 'CodeIgniter\Session\Handlers\FileHandler' driver.
DEBUG - 2025-02-25 06:27:06 --> Session: Class initialized using 'CodeIgniter\Session\Handlers\FileHandler' driver.
DEBUG - 2025-02-25 06:27:38 --> Session: Class initialized using 'CodeIgniter\Session\Handlers\FileHandler' driver.
DEBUG - 2025-02-25 06:28:33 --> Session: Class initialized using 'CodeIgniter\Session\Handlers\FileHandler' driver.
DEBUG - 2025-02-25 06:29:15 --> Session: Class initialized using 'CodeIgniter\Session\Handlers\FileHandler' driver.
DEBUG - 2025-02-25 06:29:20 --> Session: Class initialized using 'CodeIgniter\Session\Handlers\FileHandler' driver.
DEBUG - 2025-02-25 06:30:38 --> Session: Class initialized using 'CodeIgniter\Session\Handlers\FileHandler' driver.
DEBUG - 2025-02-25 06:30:49 --> Session: Class initialized using 'CodeIgniter\Session\Handlers\FileHandler' driver.
DEBUG - 2025-02-25 06:30:49 --> Session: Class initialized using 'CodeIgniter\Session\Handlers\FileHandler' driver.
DEBUG - 2025-02-25 06:31:17 --> Session: Class initialized using 'CodeIgniter\Session\Handlers\FileHandler' driver.
DEBUG - 2025-02-25 06:32:23 --> Session: Class initialized using 'CodeIgniter\Session\Handlers\FileHandler' driver.
DEBUG - 2025-02-25 06:32:35 --> Session: Class initialized using 'CodeIgniter\Session\Handlers\FileHandler' driver.
DEBUG - 2025-02-25 06:32:48 --> Session: Class initialized using 'CodeIgniter\Session\Handlers\FileHandler' driver.
DEBUG - 2025-02-25 06:32:49 --> Session: Class initialized using 'CodeIgniter\Session\Handlers\FileHandler' driver.
DEBUG - 2025-02-25 06:32:57 --> Session: Class initialized using 'CodeIgniter\Session\Handlers\FileHandler' driver.
DEBUG - 2025-02-25 06:32:58 --> Session: Class initialized using 'CodeIgniter\Session\Handlers\FileHandler' driver.
DEBUG - 2025-02-25 06:32:58 --> Session: Class initialized using 'CodeIgniter\Session\Handlers\FileHandler' driver.
DEBUG - 2025-02-25 06:33:04 --> Session: Class initialized using 'CodeIgniter\Session\Handlers\FileHandler' driver.
DEBUG - 2025-02-25 06:33:05 --> Session: Class initialized using 'CodeIgniter\Session\Handlers\FileHandler' driver.
DEBUG - 2025-02-25 06:33:19 --> Session: Class initialized using 'CodeIgniter\Session\Handlers\FileHandler' driver.
DEBUG - 2025-02-25 06:33:20 --> Session: Class initialized using 'CodeIgniter\Session\Handlers\FileHandler' driver.
DEBUG - 2025-02-25 06:33:52 --> Session: Class initialized using 'CodeIgniter\Session\Handlers\FileHandler' driver.
DEBUG - 2025-02-25 06:34:15 --> Session: Class initialized using 'CodeIgniter\Session\Handlers\FileHandler' driver.
DEBUG - 2025-02-25 06:34:16 --> Session: Class initialized using 'CodeIgniter\Session\Handlers\FileHandler' driver.
DEBUG - 2025-02-25 06:34:20 --> Session: Class initialized using 'CodeIgniter\Session\Handlers\FileHandler' driver.
DEBUG - 2025-02-25 06:34:21 --> Session: Class initialized using 'CodeIgniter\Session\Handlers\FileHandler' driver.
DEBUG - 2025-02-25 06:34:50 --> Session: Class initialized using 'CodeIgniter\Session\Handlers\FileHandler' driver.
DEBUG - 2025-02-25 06:34:51 --> Session: Class initialized using 'CodeIgniter\Session\Handlers\FileHandler' driver.
DEBUG - 2025-02-25 06:35:12 --> Session: Class initialized using 'CodeIgniter\Session\Handlers\FileHandler' driver.
DEBUG - 2025-02-25 06:35:39 --> Session: Class initialized using 'CodeIgniter\Session\Handlers\FileHandler' driver.
DEBUG - 2025-02-25 06:35:40 --> Session: Class initialized using 'CodeIgniter\Session\Handlers\FileHandler' driver.
DEBUG - 2025-02-25 06:36:12 --> Session: Class initialized using 'CodeIgniter\Session\Handlers\FileHandler' driver.
DEBUG - 2025-02-25 06:36:18 --> Session: Class initialized using 'CodeIgniter\Session\Handlers\FileHandler' driver.
DEBUG - 2025-02-25 06:36:18 --> Session: Class initialized using 'CodeIgniter\Session\Handlers\FileHandler' driver.
DEBUG - 2025-02-25 06:37:17 --> Session: Class initialized using 'CodeIgniter\Session\Handlers\FileHandler' driver.
DEBUG - 2025-02-25 06:37:18 --> Session: Class initialized using 'CodeIgniter\Session\Handlers\FileHandler' driver.
DEBUG - 2025-02-25 06:37:21 --> Session: Class initialized using 'CodeIgniter\Session\Handlers\FileHandler' driver.
DEBUG - 2025-02-25 06:37:21 --> Session: Class initialized using 'CodeIgniter\Session\Handlers\FileHandler' driver.
DEBUG - 2025-02-25 06:37:42 --> Session: Class initialized using 'CodeIgniter\Session\Handlers\FileHandler' driver.
DEBUG - 2025-02-25 06:37:42 --> Session: Class initialized using 'CodeIgniter\Session\Handlers\FileHandler' driver.
DEBUG - 2025-02-25 06:37:47 --> Session: Class initialized using 'CodeIgniter\Session\Handlers\FileHandler' driver.
DEBUG - 2025-02-25 06:38:00 --> Session: Class initialized using 'CodeIgniter\Session\Handlers\FileHandler' driver.
DEBUG - 2025-02-25 06:38:16 --> Session: Class initialized using 'CodeIgniter\Session\Handlers\FileHandler' driver.
DEBUG - 2025-02-25 06:38:44 --> Session: Class initialized using 'CodeIgniter\Session\Handlers\FileHandler' driver.
DEBUG - 2025-02-25 06:38:45 --> Session: Class initialized using 'CodeIgniter\Session\Handlers\FileHandler' driver.
DEBUG - 2025-02-25 06:39:02 --> Session: Class initialized using 'CodeIgniter\Session\Handlers\FileHandler' driver.
DEBUG - 2025-02-25 06:39:06 --> Session: Class initialized using 'CodeIgniter\Session\Handlers\FileHandler' driver.
DEBUG - 2025-02-25 06:39:06 --> Session: Class initialized using 'CodeIgniter\Session\Handlers\FileHandler' driver.
DEBUG - 2025-02-25 06:39:45 --> Session: Class initialized using 'CodeIgniter\Session\Handlers\FileHandler' driver.
DEBUG - 2025-02-25 06:39:46 --> Session: Class initialized using 'CodeIgniter\Session\Handlers\FileHandler' driver.
DEBUG - 2025-02-25 06:39:46 --> Session: Class initialized using 'CodeIgniter\Session\Handlers\FileHandler' driver.
DEBUG - 2025-02-25 06:39:54 --> Session: Class initialized using 'CodeIgniter\Session\Handlers\FileHandler' driver.
DEBUG - 2025-02-25 06:50:06 --> Session: Class initialized using 'CodeIgniter\Session\Handlers\FileHandler' driver.
DEBUG - 2025-02-25 06:50:07 --> Session: Class initialized using 'CodeIgniter\Session\Handlers\FileHandler' driver.
DEBUG - 2025-02-25 06:50:09 --> Session: Class initialized using 'CodeIgniter\Session\Handlers\FileHandler' driver.
DEBUG - 2025-02-25 06:50:11 --> Session: Class initialized using 'CodeIgniter\Session\Handlers\FileHandler' driver.
CRITICAL - 2025-02-25 06:50:11 --> ErrorException: Undefined array key "id_transaksi"
[Method: GET, Route: manage-order-product-siswa/edit/1]
in APPPATH\Views\backend\page\order-product-siswa\edit-order-product-siswa.php on line 20.
 1 APPPATH\Views\backend\page\order-product-siswa\edit-order-product-siswa.php(20): CodeIgniter\Debug\Exceptions->errorHandler(2, 'Undefined array key "id_transaksi"', 'C:\\xampp 8.1.25\\htdocs\\SMKN-10-Semarang\\SiKapTen\\app\\Views\\backend\\page\\order-product-siswa\\edit-order-product-siswa.php', 20)
 2 SYSTEMPATH\View\View.php(224): include('C:\\xampp 8.1.25\\htdocs\\SMKN-10-Semarang\\SiKapTen\\app\\Views\\backend\\page\\order-product-siswa\\edit-order-product-siswa.php')
 3 SYSTEMPATH\View\View.php(227): CodeIgniter\View\View->CodeIgniter\View\{closure}()
 4 SYSTEMPATH\Common.php(1173): CodeIgniter\View\View->render('backend/page/order-product-siswa/edit-order-product-siswa', [], true)
 5 APPPATH\Controllers\ManageOrderProductSiswaController.php(126): view('backend/page/order-product-siswa/edit-order-product-siswa', [...])
 6 SYSTEMPATH\CodeIgniter.php(933): App\Controllers\ManageOrderProductSiswaController->edit('1')
 7 SYSTEMPATH\CodeIgniter.php(507): CodeIgniter\CodeIgniter->runController(Object(App\Controllers\ManageOrderProductSiswaController))
 8 SYSTEMPATH\CodeIgniter.php(354): CodeIgniter\CodeIgniter->handleRequest(null, Object(Config\Cache), false)
 9 SYSTEMPATH\Boot.php(334): CodeIgniter\CodeIgniter->run()
10 SYSTEMPATH\Boot.php(67): CodeIgniter\Boot::runCodeIgniter(Object(CodeIgniter\CodeIgniter))
11 FCPATH\index.php(56): CodeIgniter\Boot::bootWeb(Object(Config\Paths))
12 SYSTEMPATH\rewrite.php(44): require_once('C:\\xampp 8.1.25\\htdocs\\SMKN-10-Semarang\\SiKapTen\\public\\index.php')
DEBUG - 2025-02-25 06:53:11 --> Session: Class initialized using 'CodeIgniter\Session\Handlers\FileHandler' driver.
CRITICAL - 2025-02-25 06:53:11 --> ErrorException: Undefined array key "product_name"
[Method: GET, Route: manage-order-product-siswa/edit/1]
in APPPATH\Views\backend\page\order-product-siswa\edit-order-product-siswa.php on line 26.
 1 APPPATH\Views\backend\page\order-product-siswa\edit-order-product-siswa.php(26): CodeIgniter\Debug\Exceptions->errorHandler(2, 'Undefined array key "product_name"', 'C:\\xampp 8.1.25\\htdocs\\SMKN-10-Semarang\\SiKapTen\\app\\Views\\backend\\page\\order-product-siswa\\edit-order-product-siswa.php', 26)
 2 SYSTEMPATH\View\View.php(224): include('C:\\xampp 8.1.25\\htdocs\\SMKN-10-Semarang\\SiKapTen\\app\\Views\\backend\\page\\order-product-siswa\\edit-order-product-siswa.php')
 3 SYSTEMPATH\View\View.php(227): CodeIgniter\View\View->CodeIgniter\View\{closure}()
 4 SYSTEMPATH\Common.php(1173): CodeIgniter\View\View->render('backend/page/order-product-siswa/edit-order-product-siswa', [], true)
 5 APPPATH\Controllers\ManageOrderProductSiswaController.php(133): view('backend/page/order-product-siswa/edit-order-product-siswa', [...])
 6 SYSTEMPATH\CodeIgniter.php(933): App\Controllers\ManageOrderProductSiswaController->edit('1')
 7 SYSTEMPATH\CodeIgniter.php(507): CodeIgniter\CodeIgniter->runController(Object(App\Controllers\ManageOrderProductSiswaController))
 8 SYSTEMPATH\CodeIgniter.php(354): CodeIgniter\CodeIgniter->handleRequest(null, Object(Config\Cache), false)
 9 SYSTEMPATH\Boot.php(334): CodeIgniter\CodeIgniter->run()
10 SYSTEMPATH\Boot.php(67): CodeIgniter\Boot::runCodeIgniter(Object(CodeIgniter\CodeIgniter))
11 FCPATH\index.php(56): CodeIgniter\Boot::bootWeb(Object(Config\Paths))
12 SYSTEMPATH\rewrite.php(44): require_once('C:\\xampp 8.1.25\\htdocs\\SMKN-10-Semarang\\SiKapTen\\public\\index.php')
DEBUG - 2025-02-25 06:56:54 --> Session: Class initialized using 'CodeIgniter\Session\Handlers\FileHandler' driver.
CRITICAL - 2025-02-25 06:56:54 --> ErrorException: Undefined array key "product_name"
[Method: GET, Route: manage-order-product-siswa/edit/1]
in APPPATH\Views\backend\page\order-product-siswa\edit-order-product-siswa.php on line 27.
 1 APPPATH\Views\backend\page\order-product-siswa\edit-order-product-siswa.php(27): CodeIgniter\Debug\Exceptions->errorHandler(2, 'Undefined array key "product_name"', 'C:\\xampp 8.1.25\\htdocs\\SMKN-10-Semarang\\SiKapTen\\app\\Views\\backend\\page\\order-product-siswa\\edit-order-product-siswa.php', 27)
 2 SYSTEMPATH\View\View.php(224): include('C:\\xampp 8.1.25\\htdocs\\SMKN-10-Semarang\\SiKapTen\\app\\Views\\backend\\page\\order-product-siswa\\edit-order-product-siswa.php')
 3 SYSTEMPATH\View\View.php(227): CodeIgniter\View\View->CodeIgniter\View\{closure}()
 4 SYSTEMPATH\Common.php(1173): CodeIgniter\View\View->render('backend/page/order-product-siswa/edit-order-product-siswa', [], true)
 5 APPPATH\Controllers\ManageOrderProductSiswaController.php(133): view('backend/page/order-product-siswa/edit-order-product-siswa', [...])
 6 SYSTEMPATH\CodeIgniter.php(933): App\Controllers\ManageOrderProductSiswaController->edit('1')
 7 SYSTEMPATH\CodeIgniter.php(507): CodeIgniter\CodeIgniter->runController(Object(App\Controllers\ManageOrderProductSiswaController))
 8 SYSTEMPATH\CodeIgniter.php(354): CodeIgniter\CodeIgniter->handleRequest(null, Object(Config\Cache), false)
 9 SYSTEMPATH\Boot.php(334): CodeIgniter\CodeIgniter->run()
10 SYSTEMPATH\Boot.php(67): CodeIgniter\Boot::runCodeIgniter(Object(CodeIgniter\CodeIgniter))
11 FCPATH\index.php(56): CodeIgniter\Boot::bootWeb(Object(Config\Paths))
12 SYSTEMPATH\rewrite.php(44): require_once('C:\\xampp 8.1.25\\htdocs\\SMKN-10-Semarang\\SiKapTen\\public\\index.php')
DEBUG - 2025-02-25 06:57:16 --> Session: Class initialized using 'CodeIgniter\Session\Handlers\FileHandler' driver.
CRITICAL - 2025-02-25 06:57:16 --> ErrorException: Undefined array key "name"
[Method: GET, Route: manage-order-product-siswa/edit/1]
in APPPATH\Views\backend\page\order-product-siswa\edit-order-product-siswa.php on line 27.
 1 APPPATH\Views\backend\page\order-product-siswa\edit-order-product-siswa.php(27): CodeIgniter\Debug\Exceptions->errorHandler(2, 'Undefined array key "name"', 'C:\\xampp 8.1.25\\htdocs\\SMKN-10-Semarang\\SiKapTen\\app\\Views\\backend\\page\\order-product-siswa\\edit-order-product-siswa.php', 27)
 2 SYSTEMPATH\View\View.php(224): include('C:\\xampp 8.1.25\\htdocs\\SMKN-10-Semarang\\SiKapTen\\app\\Views\\backend\\page\\order-product-siswa\\edit-order-product-siswa.php')
 3 SYSTEMPATH\View\View.php(227): CodeIgniter\View\View->CodeIgniter\View\{closure}()
 4 SYSTEMPATH\Common.php(1173): CodeIgniter\View\View->render('backend/page/order-product-siswa/edit-order-product-siswa', [], true)
 5 APPPATH\Controllers\ManageOrderProductSiswaController.php(133): view('backend/page/order-product-siswa/edit-order-product-siswa', [...])
 6 SYSTEMPATH\CodeIgniter.php(933): App\Controllers\ManageOrderProductSiswaController->edit('1')
 7 SYSTEMPATH\CodeIgniter.php(507): CodeIgniter\CodeIgniter->runController(Object(App\Controllers\ManageOrderProductSiswaController))
 8 SYSTEMPATH\CodeIgniter.php(354): CodeIgniter\CodeIgniter->handleRequest(null, Object(Config\Cache), false)
 9 SYSTEMPATH\Boot.php(334): CodeIgniter\CodeIgniter->run()
10 SYSTEMPATH\Boot.php(67): CodeIgniter\Boot::runCodeIgniter(Object(CodeIgniter\CodeIgniter))
11 FCPATH\index.php(56): CodeIgniter\Boot::bootWeb(Object(Config\Paths))
12 SYSTEMPATH\rewrite.php(44): require_once('C:\\xampp 8.1.25\\htdocs\\SMKN-10-Semarang\\SiKapTen\\public\\index.php')
DEBUG - 2025-02-25 06:57:39 --> Session: Class initialized using 'CodeIgniter\Session\Handlers\FileHandler' driver.
DEBUG - 2025-02-25 06:57:40 --> Session: Class initialized using 'CodeIgniter\Session\Handlers\FileHandler' driver.
DEBUG - 2025-02-25 06:57:41 --> Session: Class initialized using 'CodeIgniter\Session\Handlers\FileHandler' driver.
CRITICAL - 2025-02-25 06:57:41 --> ErrorException: Undefined array key "product_name"
[Method: GET, Route: manage-order-product-siswa/edit/1]
in APPPATH\Views\backend\page\order-product-siswa\edit-order-product-siswa.php on line 27.
 1 APPPATH\Views\backend\page\order-product-siswa\edit-order-product-siswa.php(27): CodeIgniter\Debug\Exceptions->errorHandler(2, 'Undefined array key "product_name"', 'C:\\xampp 8.1.25\\htdocs\\SMKN-10-Semarang\\SiKapTen\\app\\Views\\backend\\page\\order-product-siswa\\edit-order-product-siswa.php', 27)
 2 SYSTEMPATH\View\View.php(224): include('C:\\xampp 8.1.25\\htdocs\\SMKN-10-Semarang\\SiKapTen\\app\\Views\\backend\\page\\order-product-siswa\\edit-order-product-siswa.php')
 3 SYSTEMPATH\View\View.php(227): CodeIgniter\View\View->CodeIgniter\View\{closure}()
 4 SYSTEMPATH\Common.php(1173): CodeIgniter\View\View->render('backend/page/order-product-siswa/edit-order-product-siswa', [], true)
 5 APPPATH\Controllers\ManageOrderProductSiswaController.php(133): view('backend/page/order-product-siswa/edit-order-product-siswa', [...])
 6 SYSTEMPATH\CodeIgniter.php(933): App\Controllers\ManageOrderProductSiswaController->edit('1')
 7 SYSTEMPATH\CodeIgniter.php(507): CodeIgniter\CodeIgniter->runController(Object(App\Controllers\ManageOrderProductSiswaController))
 8 SYSTEMPATH\CodeIgniter.php(354): CodeIgniter\CodeIgniter->handleRequest(null, Object(Config\Cache), false)
 9 SYSTEMPATH\Boot.php(334): CodeIgniter\CodeIgniter->run()
10 SYSTEMPATH\Boot.php(67): CodeIgniter\Boot::runCodeIgniter(Object(CodeIgniter\CodeIgniter))
11 FCPATH\index.php(56): CodeIgniter\Boot::bootWeb(Object(Config\Paths))
12 SYSTEMPATH\rewrite.php(44): require_once('C:\\xampp 8.1.25\\htdocs\\SMKN-10-Semarang\\SiKapTen\\public\\index.php')
CRITICAL - 2025-02-25 07:03:03 --> CodeIgniter\Exceptions\BadMethodCallException: Call to undefined method App\Models\OrderProductSiswaModel::getTransactionWithDetails
[Method: GET, Route: manage-order-product-siswa/edit/1]
in SYSTEMPATH\Model.php on line 930.
 1 APPPATH\Controllers\ManageOrderProductSiswaController.php(117): CodeIgniter\Model->__call('getTransactionWithDetails', [...])
 2 SYSTEMPATH\CodeIgniter.php(933): App\Controllers\ManageOrderProductSiswaController->edit('1')
 3 SYSTEMPATH\CodeIgniter.php(507): CodeIgniter\CodeIgniter->runController(Object(App\Controllers\ManageOrderProductSiswaController))
 4 SYSTEMPATH\CodeIgniter.php(354): CodeIgniter\CodeIgniter->handleRequest(null, Object(Config\Cache), false)
 5 SYSTEMPATH\Boot.php(334): CodeIgniter\CodeIgniter->run()
 6 SYSTEMPATH\Boot.php(67): CodeIgniter\Boot::runCodeIgniter(Object(CodeIgniter\CodeIgniter))
 7 FCPATH\index.php(56): CodeIgniter\Boot::bootWeb(Object(Config\Paths))
 8 SYSTEMPATH\rewrite.php(44): require_once('C:\\xampp 8.1.25\\htdocs\\SMKN-10-Semarang\\SiKapTen\\public\\index.php')
DEBUG - 2025-02-25 07:03:06 --> Session: Class initialized using 'CodeIgniter\Session\Handlers\FileHandler' driver.
DEBUG - 2025-02-25 07:03:07 --> Session: Class initialized using 'CodeIgniter\Session\Handlers\FileHandler' driver.
CRITICAL - 2025-02-25 07:03:08 --> CodeIgniter\Exceptions\BadMethodCallException: Call to undefined method App\Models\OrderProductSiswaModel::getTransactionWithDetails
[Method: GET, Route: manage-order-product-siswa/edit/1]
in SYSTEMPATH\Model.php on line 930.
 1 APPPATH\Controllers\ManageOrderProductSiswaController.php(117): CodeIgniter\Model->__call('getTransactionWithDetails', [...])
 2 SYSTEMPATH\CodeIgniter.php(933): App\Controllers\ManageOrderProductSiswaController->edit('1')
 3 SYSTEMPATH\CodeIgniter.php(507): CodeIgniter\CodeIgniter->runController(Object(App\Controllers\ManageOrderProductSiswaController))
 4 SYSTEMPATH\CodeIgniter.php(354): CodeIgniter\CodeIgniter->handleRequest(null, Object(Config\Cache), false)
 5 SYSTEMPATH\Boot.php(334): CodeIgniter\CodeIgniter->run()
 6 SYSTEMPATH\Boot.php(67): CodeIgniter\Boot::runCodeIgniter(Object(CodeIgniter\CodeIgniter))
 7 FCPATH\index.php(56): CodeIgniter\Boot::bootWeb(Object(Config\Paths))
 8 SYSTEMPATH\rewrite.php(44): require_once('C:\\xampp 8.1.25\\htdocs\\SMKN-10-Semarang\\SiKapTen\\public\\index.php')
CRITICAL - 2025-02-25 07:03:24 --> CodeIgniter\Exceptions\BadMethodCallException: Call to undefined method App\Models\OrderProductSiswaModel::getTransactionWithDetails
[Method: GET, Route: manage-order-product-siswa/edit/1]
in SYSTEMPATH\Model.php on line 930.
 1 APPPATH\Controllers\ManageOrderProductSiswaController.php(117): CodeIgniter\Model->__call('getTransactionWithDetails', [...])
 2 SYSTEMPATH\CodeIgniter.php(933): App\Controllers\ManageOrderProductSiswaController->edit('1')
 3 SYSTEMPATH\CodeIgniter.php(507): CodeIgniter\CodeIgniter->runController(Object(App\Controllers\ManageOrderProductSiswaController))
 4 SYSTEMPATH\CodeIgniter.php(354): CodeIgniter\CodeIgniter->handleRequest(null, Object(Config\Cache), false)
 5 SYSTEMPATH\Boot.php(334): CodeIgniter\CodeIgniter->run()
 6 SYSTEMPATH\Boot.php(67): CodeIgniter\Boot::runCodeIgniter(Object(CodeIgniter\CodeIgniter))
 7 FCPATH\index.php(56): CodeIgniter\Boot::bootWeb(Object(Config\Paths))
 8 SYSTEMPATH\rewrite.php(44): require_once('C:\\xampp 8.1.25\\htdocs\\SMKN-10-Semarang\\SiKapTen\\public\\index.php')
DEBUG - 2025-02-25 07:03:38 --> Session: Class initialized using 'CodeIgniter\Session\Handlers\FileHandler' driver.
CRITICAL - 2025-02-25 07:03:38 --> ErrorException: Undefined array key "id_transaksi"
[Method: GET, Route: manage-order-product-siswa/edit/1]
in APPPATH\Views\backend\page\order-product-siswa\edit-order-product-siswa.php on line 21.
 1 APPPATH\Views\backend\page\order-product-siswa\edit-order-product-siswa.php(21): CodeIgniter\Debug\Exceptions->errorHandler(2, 'Undefined array key "id_transaksi"', 'C:\\xampp 8.1.25\\htdocs\\SMKN-10-Semarang\\SiKapTen\\app\\Views\\backend\\page\\order-product-siswa\\edit-order-product-siswa.php', 21)
 2 SYSTEMPATH\View\View.php(224): include('C:\\xampp 8.1.25\\htdocs\\SMKN-10-Semarang\\SiKapTen\\app\\Views\\backend\\page\\order-product-siswa\\edit-order-product-siswa.php')
 3 SYSTEMPATH\View\View.php(227): CodeIgniter\View\View->CodeIgniter\View\{closure}()
 4 SYSTEMPATH\Common.php(1173): CodeIgniter\View\View->render('backend/page/order-product-siswa/edit-order-product-siswa', [], true)
 5 APPPATH\Controllers\ManageOrderProductSiswaController.php(130): view('backend/page/order-product-siswa/edit-order-product-siswa', [...])
 6 SYSTEMPATH\CodeIgniter.php(933): App\Controllers\ManageOrderProductSiswaController->edit('1')
 7 SYSTEMPATH\CodeIgniter.php(507): CodeIgniter\CodeIgniter->runController(Object(App\Controllers\ManageOrderProductSiswaController))
 8 SYSTEMPATH\CodeIgniter.php(354): CodeIgniter\CodeIgniter->handleRequest(null, Object(Config\Cache), false)
 9 SYSTEMPATH\Boot.php(334): CodeIgniter\CodeIgniter->run()
10 SYSTEMPATH\Boot.php(67): CodeIgniter\Boot::runCodeIgniter(Object(CodeIgniter\CodeIgniter))
11 FCPATH\index.php(56): CodeIgniter\Boot::bootWeb(Object(Config\Paths))
12 SYSTEMPATH\rewrite.php(44): require_once('C:\\xampp 8.1.25\\htdocs\\SMKN-10-Semarang\\SiKapTen\\public\\index.php')
DEBUG - 2025-02-25 07:04:45 --> Session: Class initialized using 'CodeIgniter\Session\Handlers\FileHandler' driver.
CRITICAL - 2025-02-25 07:04:45 --> ErrorException: Undefined array key "saldo"
[Method: GET, Route: manage-order-product-siswa/edit/1]
in APPPATH\Views\backend\page\order-product-siswa\edit-order-product-siswa.php on line 34.
 1 APPPATH\Views\backend\page\order-product-siswa\edit-order-product-siswa.php(34): CodeIgniter\Debug\Exceptions->errorHandler(2, 'Undefined array key "saldo"', 'C:\\xampp 8.1.25\\htdocs\\SMKN-10-Semarang\\SiKapTen\\app\\Views\\backend\\page\\order-product-siswa\\edit-order-product-siswa.php', 34)
 2 SYSTEMPATH\View\View.php(224): include('C:\\xampp 8.1.25\\htdocs\\SMKN-10-Semarang\\SiKapTen\\app\\Views\\backend\\page\\order-product-siswa\\edit-order-product-siswa.php')
 3 SYSTEMPATH\View\View.php(227): CodeIgniter\View\View->CodeIgniter\View\{closure}()
 4 SYSTEMPATH\Common.php(1173): CodeIgniter\View\View->render('backend/page/order-product-siswa/edit-order-product-siswa', [], true)
 5 APPPATH\Controllers\ManageOrderProductSiswaController.php(130): view('backend/page/order-product-siswa/edit-order-product-siswa', [...])
 6 SYSTEMPATH\CodeIgniter.php(933): App\Controllers\ManageOrderProductSiswaController->edit('1')
 7 SYSTEMPATH\CodeIgniter.php(507): CodeIgniter\CodeIgniter->runController(Object(App\Controllers\ManageOrderProductSiswaController))
 8 SYSTEMPATH\CodeIgniter.php(354): CodeIgniter\CodeIgniter->handleRequest(null, Object(Config\Cache), false)
 9 SYSTEMPATH\Boot.php(334): CodeIgniter\CodeIgniter->run()
10 SYSTEMPATH\Boot.php(67): CodeIgniter\Boot::runCodeIgniter(Object(CodeIgniter\CodeIgniter))
11 FCPATH\index.php(56): CodeIgniter\Boot::bootWeb(Object(Config\Paths))
12 SYSTEMPATH\rewrite.php(44): require_once('C:\\xampp 8.1.25\\htdocs\\SMKN-10-Semarang\\SiKapTen\\public\\index.php')
DEBUG - 2025-02-25 07:05:27 --> Session: Class initialized using 'CodeIgniter\Session\Handlers\FileHandler' driver.
CRITICAL - 2025-02-25 07:05:27 --> ErrorException: Undefined array key "status"
[Method: GET, Route: manage-order-product-siswa/edit/1]
in APPPATH\Views\backend\page\order-product-siswa\edit-order-product-siswa.php on line 55.
 1 APPPATH\Views\backend\page\order-product-siswa\edit-order-product-siswa.php(55): CodeIgniter\Debug\Exceptions->errorHandler(2, 'Undefined array key "status"', 'C:\\xampp 8.1.25\\htdocs\\SMKN-10-Semarang\\SiKapTen\\app\\Views\\backend\\page\\order-product-siswa\\edit-order-product-siswa.php', 55)
 2 SYSTEMPATH\View\View.php(224): include('C:\\xampp 8.1.25\\htdocs\\SMKN-10-Semarang\\SiKapTen\\app\\Views\\backend\\page\\order-product-siswa\\edit-order-product-siswa.php')
 3 SYSTEMPATH\View\View.php(227): CodeIgniter\View\View->CodeIgniter\View\{closure}()
 4 SYSTEMPATH\Common.php(1173): CodeIgniter\View\View->render('backend/page/order-product-siswa/edit-order-product-siswa', [], true)
 5 APPPATH\Controllers\ManageOrderProductSiswaController.php(130): view('backend/page/order-product-siswa/edit-order-product-siswa', [...])
 6 SYSTEMPATH\CodeIgniter.php(933): App\Controllers\ManageOrderProductSiswaController->edit('1')
 7 SYSTEMPATH\CodeIgniter.php(507): CodeIgniter\CodeIgniter->runController(Object(App\Controllers\ManageOrderProductSiswaController))
 8 SYSTEMPATH\CodeIgniter.php(354): CodeIgniter\CodeIgniter->handleRequest(null, Object(Config\Cache), false)
 9 SYSTEMPATH\Boot.php(334): CodeIgniter\CodeIgniter->run()
10 SYSTEMPATH\Boot.php(67): CodeIgniter\Boot::runCodeIgniter(Object(CodeIgniter\CodeIgniter))
11 FCPATH\index.php(56): CodeIgniter\Boot::bootWeb(Object(Config\Paths))
12 SYSTEMPATH\rewrite.php(44): require_once('C:\\xampp 8.1.25\\htdocs\\SMKN-10-Semarang\\SiKapTen\\public\\index.php')
DEBUG - 2025-02-25 07:07:02 --> Session: Class initialized using 'CodeIgniter\Session\Handlers\FileHandler' driver.
DEBUG - 2025-02-25 07:07:51 --> Session: Class initialized using 'CodeIgniter\Session\Handlers\FileHandler' driver.
DEBUG - 2025-02-25 07:08:01 --> Session: Class initialized using 'CodeIgniter\Session\Handlers\FileHandler' driver.
DEBUG - 2025-02-25 07:08:02 --> Session: Class initialized using 'CodeIgniter\Session\Handlers\FileHandler' driver.
DEBUG - 2025-02-25 07:09:05 --> Session: Class initialized using 'CodeIgniter\Session\Handlers\FileHandler' driver.
