ERROR - 2025-03-06 06:43:07 --> Error connecting to the database: mysqli_sql_exception: No connection could be made because the target machine actively refused it in C:\xampp\htdocs\SMKN-10-Semarang\Lapak-Siswa\vendor\codeigniter4\framework\system\Database\MySQLi\Connection.php:201
Stack trace:
#0 C:\xampp\htdocs\SMKN-10-Semarang\Lapak-Siswa\vendor\codeigniter4\framework\system\Database\MySQLi\Connection.php(201): mysqli->real_connect('localhost', 'root', Object(SensitiveParameterValue), 'lapak-siswa', 3306, '', 0)
#1 C:\xampp\htdocs\SMKN-10-Semarang\Lapak-Siswa\vendor\codeigniter4\framework\system\Database\BaseConnection.php(421): CodeIgniter\Database\MySQLi\Connection->connect(false)
#2 C:\xampp\htdocs\SMKN-10-Semarang\Lapak-Siswa\vendor\codeigniter4\framework\system\Database\BaseConnection.php(620): CodeIgniter\Database\BaseConnection->initialize()
#3 C:\xampp\htdocs\SMKN-10-Semarang\Lapak-Siswa\vendor\codeigniter4\framework\system\Database\BaseBuilder.php(1649): CodeIgniter\Database\BaseConnection->query('SELECT `product...', Array, false)
#4 C:\xampp\htdocs\SMKN-10-Semarang\Lapak-Siswa\app\Models\ProductSiswaModel.php(36): CodeIgniter\Database\BaseBuilder->get()
#5 C:\xampp\htdocs\SMKN-10-Semarang\Lapak-Siswa\app\Controllers\Home.php(27): App\Models\ProductSiswaModel->getProductsWithDetails()
#6 C:\xampp\htdocs\SMKN-10-Semarang\Lapak-Siswa\vendor\codeigniter4\framework\system\CodeIgniter.php(933): App\Controllers\Home->index()
#7 C:\xampp\htdocs\SMKN-10-Semarang\Lapak-Siswa\vendor\codeigniter4\framework\system\CodeIgniter.php(507): CodeIgniter\CodeIgniter->runController(Object(App\Controllers\Home))
#8 C:\xampp\htdocs\SMKN-10-Semarang\Lapak-Siswa\vendor\codeigniter4\framework\system\CodeIgniter.php(354): CodeIgniter\CodeIgniter->handleRequest(NULL, Object(Config\Cache), false)
#9 C:\xampp\htdocs\SMKN-10-Semarang\Lapak-Siswa\vendor\codeigniter4\framework\system\Boot.php(334): CodeIgniter\CodeIgniter->run()
#10 C:\xampp\htdocs\SMKN-10-Semarang\Lapak-Siswa\vendor\codeigniter4\framework\system\Boot.php(67): CodeIgniter\Boot::runCodeIgniter(Object(CodeIgniter\CodeIgniter))
#11 C:\xampp\htdocs\SMKN-10-Semarang\Lapak-Siswa\public\index.php(56): CodeIgniter\Boot::bootWeb(Object(Config\Paths))
#12 C:\xampp\htdocs\SMKN-10-Semarang\Lapak-Siswa\vendor\codeigniter4\framework\system\rewrite.php(44): require_once('C:\\xampp\\htdocs...')
#13 {main}

Next CodeIgniter\Database\Exceptions\DatabaseException: No connection could be made because the target machine actively refused it in C:\xampp\htdocs\SMKN-10-Semarang\Lapak-Siswa\vendor\codeigniter4\framework\system\Database\MySQLi\Connection.php:246
Stack trace:
#0 C:\xampp\htdocs\SMKN-10-Semarang\Lapak-Siswa\vendor\codeigniter4\framework\system\Database\BaseConnection.php(421): CodeIgniter\Database\MySQLi\Connection->connect(false)
#1 C:\xampp\htdocs\SMKN-10-Semarang\Lapak-Siswa\vendor\codeigniter4\framework\system\Database\BaseConnection.php(620): CodeIgniter\Database\BaseConnection->initialize()
#2 C:\xampp\htdocs\SMKN-10-Semarang\Lapak-Siswa\vendor\codeigniter4\framework\system\Database\BaseBuilder.php(1649): CodeIgniter\Database\BaseConnection->query('SELECT `product...', Array, false)
#3 C:\xampp\htdocs\SMKN-10-Semarang\Lapak-Siswa\app\Models\ProductSiswaModel.php(36): CodeIgniter\Database\BaseBuilder->get()
#4 C:\xampp\htdocs\SMKN-10-Semarang\Lapak-Siswa\app\Controllers\Home.php(27): App\Models\ProductSiswaModel->getProductsWithDetails()
#5 C:\xampp\htdocs\SMKN-10-Semarang\Lapak-Siswa\vendor\codeigniter4\framework\system\CodeIgniter.php(933): App\Controllers\Home->index()
#6 C:\xampp\htdocs\SMKN-10-Semarang\Lapak-Siswa\vendor\codeigniter4\framework\system\CodeIgniter.php(507): CodeIgniter\CodeIgniter->runController(Object(App\Controllers\Home))
#7 C:\xampp\htdocs\SMKN-10-Semarang\Lapak-Siswa\vendor\codeigniter4\framework\system\CodeIgniter.php(354): CodeIgniter\CodeIgniter->handleRequest(NULL, Object(Config\Cache), false)
#8 C:\xampp\htdocs\SMKN-10-Semarang\Lapak-Siswa\vendor\codeigniter4\framework\system\Boot.php(334): CodeIgniter\CodeIgniter->run()
#9 C:\xampp\htdocs\SMKN-10-Semarang\Lapak-Siswa\vendor\codeigniter4\framework\system\Boot.php(67): CodeIgniter\Boot::runCodeIgniter(Object(CodeIgniter\CodeIgniter))
#10 C:\xampp\htdocs\SMKN-10-Semarang\Lapak-Siswa\public\index.php(56): CodeIgniter\Boot::bootWeb(Object(Config\Paths))
#11 C:\xampp\htdocs\SMKN-10-Semarang\Lapak-Siswa\vendor\codeigniter4\framework\system\rewrite.php(44): require_once('C:\\xampp\\htdocs...')
#12 {main}
CRITICAL - 2025-03-06 06:43:07 --> CodeIgniter\Database\Exceptions\DatabaseException: Unable to connect to the database.
Main connection [MySQLi]: No connection could be made because the target machine actively refused it
[Method: GET, Route: /]
in SYSTEMPATH\Database\BaseConnection.php on line 467.
 1 SYSTEMPATH\Database\BaseConnection.php(620): CodeIgniter\Database\BaseConnection->initialize()
 2 SYSTEMPATH\Database\BaseBuilder.php(1649): CodeIgniter\Database\BaseConnection->query('SELECT `product_siswa`.*, `kategori_product`.`nama` as `nama_kategori`, `admin`.`full_name` as `nama_admin`, `admin`.`group_name`
FROM `product_siswa`
LEFT JOIN `kategori_product` ON `kategori_product`.`id_kategori` = `product_siswa`.`id_kategori`
LEFT JOIN `admin` ON `admin`.`id_admin` = `product_siswa`.`id_admin`', [], false)
 3 APPPATH\Models\ProductSiswaModel.php(36): CodeIgniter\Database\BaseBuilder->get()
 4 APPPATH\Controllers\Home.php(27): App\Models\ProductSiswaModel->getProductsWithDetails()
 5 SYSTEMPATH\CodeIgniter.php(933): App\Controllers\Home->index()
 6 SYSTEMPATH\CodeIgniter.php(507): CodeIgniter\CodeIgniter->runController(Object(App\Controllers\Home))
 7 SYSTEMPATH\CodeIgniter.php(354): CodeIgniter\CodeIgniter->handleRequest(null, Object(Config\Cache), false)
 8 SYSTEMPATH\Boot.php(334): CodeIgniter\CodeIgniter->run()
 9 SYSTEMPATH\Boot.php(67): CodeIgniter\Boot::runCodeIgniter(Object(CodeIgniter\CodeIgniter))
10 FCPATH\index.php(56): CodeIgniter\Boot::bootWeb(Object(Config\Paths))
11 SYSTEMPATH\rewrite.php(44): require_once('C:\\xampp\\htdocs\\SMKN-10-Semarang\\Lapak-Siswa\\public\\index.php')
DEBUG - 2025-03-06 06:44:08 --> Session: Class initialized using 'CodeIgniter\Session\Handlers\FileHandler' driver.
DEBUG - 2025-03-06 06:44:13 --> Session: Class initialized using 'CodeIgniter\Session\Handlers\FileHandler' driver.
DEBUG - 2025-03-06 06:44:20 --> Session: Class initialized using 'CodeIgniter\Session\Handlers\FileHandler' driver.
DEBUG - 2025-03-06 06:46:02 --> Session: Class initialized using 'CodeIgniter\Session\Handlers\FileHandler' driver.
DEBUG - 2025-03-06 06:46:14 --> Session: Class initialized using 'CodeIgniter\Session\Handlers\FileHandler' driver.
CRITICAL - 2025-03-06 06:46:14 --> CodeIgniter\View\Exceptions\ViewException: Invalid file: "frontend/dashboard/profilenew.php"
[Method: GET, Route: dashboard]
in SYSTEMPATH\Exceptions\FrameworkException.php on line 39.
 1 SYSTEMPATH\View\View.php(212): CodeIgniter\Exceptions\FrameworkException::forInvalidFile('frontend/dashboard/profilenew.php')
 2 SYSTEMPATH\Common.php(1173): CodeIgniter\View\View->render('frontend/dashboard/profilenew', [], true)
 3 APPPATH\Controllers\DashboardController.php(16): view('frontend/dashboard/profilenew', [...])
 4 SYSTEMPATH\CodeIgniter.php(933): App\Controllers\DashboardController->dashboard()
 5 SYSTEMPATH\CodeIgniter.php(507): CodeIgniter\CodeIgniter->runController(Object(App\Controllers\DashboardController))
 6 SYSTEMPATH\CodeIgniter.php(354): CodeIgniter\CodeIgniter->handleRequest(null, Object(Config\Cache), false)
 7 SYSTEMPATH\Boot.php(334): CodeIgniter\CodeIgniter->run()
 8 SYSTEMPATH\Boot.php(67): CodeIgniter\Boot::runCodeIgniter(Object(CodeIgniter\CodeIgniter))
 9 FCPATH\index.php(56): CodeIgniter\Boot::bootWeb(Object(Config\Paths))
10 SYSTEMPATH\rewrite.php(44): require_once('C:\\xampp\\htdocs\\SMKN-10-Semarang\\Lapak-Siswa\\public\\index.php')
DEBUG - 2025-03-06 06:46:25 --> Session: Class initialized using 'CodeIgniter\Session\Handlers\FileHandler' driver.
CRITICAL - 2025-03-06 06:46:25 --> CodeIgniter\View\Exceptions\ViewException: Invalid file: "frontend/dashboard/profilenew.php"
[Method: GET, Route: dashboard]
in SYSTEMPATH\Exceptions\FrameworkException.php on line 39.
 1 SYSTEMPATH\View\View.php(212): CodeIgniter\Exceptions\FrameworkException::forInvalidFile('frontend/dashboard/profilenew.php')
 2 SYSTEMPATH\Common.php(1173): CodeIgniter\View\View->render('frontend/dashboard/profilenew', [], true)
 3 APPPATH\Controllers\DashboardController.php(16): view('frontend/dashboard/profilenew', [...])
 4 SYSTEMPATH\CodeIgniter.php(933): App\Controllers\DashboardController->dashboard()
 5 SYSTEMPATH\CodeIgniter.php(507): CodeIgniter\CodeIgniter->runController(Object(App\Controllers\DashboardController))
 6 SYSTEMPATH\CodeIgniter.php(354): CodeIgniter\CodeIgniter->handleRequest(null, Object(Config\Cache), false)
 7 SYSTEMPATH\Boot.php(334): CodeIgniter\CodeIgniter->run()
 8 SYSTEMPATH\Boot.php(67): CodeIgniter\Boot::runCodeIgniter(Object(CodeIgniter\CodeIgniter))
 9 FCPATH\index.php(56): CodeIgniter\Boot::bootWeb(Object(Config\Paths))
10 SYSTEMPATH\rewrite.php(44): require_once('C:\\xampp\\htdocs\\SMKN-10-Semarang\\Lapak-Siswa\\public\\index.php')
