DEBUG - 2025-02-27 02:38:19 --> Session: Class initialized using 'CodeIgniter\Session\Handlers\FileHandler' driver.
DEBUG - 2025-02-27 02:38:32 --> Session: Class initialized using 'CodeIgniter\Session\Handlers\FileHandler' driver.
DEBUG - 2025-02-27 02:38:33 --> Session: Class initialized using 'CodeIgniter\Session\Handlers\FileHandler' driver.
DEBUG - 2025-02-27 02:38:37 --> Session: Class initialized using 'CodeIgniter\Session\Handlers\FileHandler' driver.
DEBUG - 2025-02-27 02:45:56 --> Session: Class initialized using 'CodeIgniter\Session\Handlers\FileHandler' driver.
DEBUG - 2025-02-27 02:47:38 --> Session: Class initialized using 'CodeIgniter\Session\Handlers\FileHandler' driver.
CRITICAL - 2025-02-27 02:47:38 --> ErrorException: Undefined variable $product
[Method: GET, Route: manage-order-product-siswa]
in APPPATH\Views\backend\page\order-product-siswa\manage-order-product-siswa.php on line 46.
 1 APPPATH\Views\backend\page\order-product-siswa\manage-order-product-siswa.php(46): CodeIgniter\Debug\Exceptions->errorHandler(2, 'Undefined variable $product', 'C:\\xampp 8.1.25\\htdocs\\SMKN-10-Semarang\\SiKapTen\\app\\Views\\backend\\page\\order-product-siswa\\manage-order-product-siswa.php', 46)
 2 SYSTEMPATH\View\View.php(224): include('C:\\xampp 8.1.25\\htdocs\\SMKN-10-Semarang\\SiKapTen\\app\\Views\\backend\\page\\order-product-siswa\\manage-order-product-siswa.php')
 3 SYSTEMPATH\View\View.php(227): CodeIgniter\View\View->CodeIgniter\View\{closure}()
 4 SYSTEMPATH\Common.php(1173): CodeIgniter\View\View->render('backend/page/order-product-siswa/manage-order-product-siswa', [], true)
 5 APPPATH\Controllers\ManageOrderProductSiswaController.php(42): view('backend/page/order-product-siswa/manage-order-product-siswa', [...])
 6 SYSTEMPATH\CodeIgniter.php(933): App\Controllers\ManageOrderProductSiswaController->index()
 7 SYSTEMPATH\CodeIgniter.php(507): CodeIgniter\CodeIgniter->runController(Object(App\Controllers\ManageOrderProductSiswaController))
 8 SYSTEMPATH\CodeIgniter.php(354): CodeIgniter\CodeIgniter->handleRequest(null, Object(Config\Cache), false)
 9 SYSTEMPATH\Boot.php(334): CodeIgniter\CodeIgniter->run()
10 SYSTEMPATH\Boot.php(67): CodeIgniter\Boot::runCodeIgniter(Object(CodeIgniter\CodeIgniter))
11 FCPATH\index.php(56): CodeIgniter\Boot::bootWeb(Object(Config\Paths))
12 SYSTEMPATH\rewrite.php(44): require_once('C:\\xampp 8.1.25\\htdocs\\SMKN-10-Semarang\\SiKapTen\\public\\index.php')
DEBUG - 2025-02-27 02:48:14 --> Session: Class initialized using 'CodeIgniter\Session\Handlers\FileHandler' driver.
CRITICAL - 2025-02-27 02:48:14 --> ErrorException: Undefined array key "images"
[Method: GET, Route: manage-order-product-siswa]
in APPPATH\Views\backend\page\order-product-siswa\manage-order-product-siswa.php on line 46.
 1 APPPATH\Views\backend\page\order-product-siswa\manage-order-product-siswa.php(46): CodeIgniter\Debug\Exceptions->errorHandler(2, 'Undefined array key "images"', 'C:\\xampp 8.1.25\\htdocs\\SMKN-10-Semarang\\SiKapTen\\app\\Views\\backend\\page\\order-product-siswa\\manage-order-product-siswa.php', 46)
 2 SYSTEMPATH\View\View.php(224): include('C:\\xampp 8.1.25\\htdocs\\SMKN-10-Semarang\\SiKapTen\\app\\Views\\backend\\page\\order-product-siswa\\manage-order-product-siswa.php')
 3 SYSTEMPATH\View\View.php(227): CodeIgniter\View\View->CodeIgniter\View\{closure}()
 4 SYSTEMPATH\Common.php(1173): CodeIgniter\View\View->render('backend/page/order-product-siswa/manage-order-product-siswa', [], true)
 5 APPPATH\Controllers\ManageOrderProductSiswaController.php(42): view('backend/page/order-product-siswa/manage-order-product-siswa', [...])
 6 SYSTEMPATH\CodeIgniter.php(933): App\Controllers\ManageOrderProductSiswaController->index()
 7 SYSTEMPATH\CodeIgniter.php(507): CodeIgniter\CodeIgniter->runController(Object(App\Controllers\ManageOrderProductSiswaController))
 8 SYSTEMPATH\CodeIgniter.php(354): CodeIgniter\CodeIgniter->handleRequest(null, Object(Config\Cache), false)
 9 SYSTEMPATH\Boot.php(334): CodeIgniter\CodeIgniter->run()
10 SYSTEMPATH\Boot.php(67): CodeIgniter\Boot::runCodeIgniter(Object(CodeIgniter\CodeIgniter))
11 FCPATH\index.php(56): CodeIgniter\Boot::bootWeb(Object(Config\Paths))
12 SYSTEMPATH\rewrite.php(44): require_once('C:\\xampp 8.1.25\\htdocs\\SMKN-10-Semarang\\SiKapTen\\public\\index.php')
DEBUG - 2025-02-27 02:48:15 --> Session: Class initialized using 'CodeIgniter\Session\Handlers\FileHandler' driver.
CRITICAL - 2025-02-27 02:48:15 --> ErrorException: Undefined array key "images"
[Method: GET, Route: manage-order-product-siswa]
in APPPATH\Views\backend\page\order-product-siswa\manage-order-product-siswa.php on line 46.
 1 APPPATH\Views\backend\page\order-product-siswa\manage-order-product-siswa.php(46): CodeIgniter\Debug\Exceptions->errorHandler(2, 'Undefined array key "images"', 'C:\\xampp 8.1.25\\htdocs\\SMKN-10-Semarang\\SiKapTen\\app\\Views\\backend\\page\\order-product-siswa\\manage-order-product-siswa.php', 46)
 2 SYSTEMPATH\View\View.php(224): include('C:\\xampp 8.1.25\\htdocs\\SMKN-10-Semarang\\SiKapTen\\app\\Views\\backend\\page\\order-product-siswa\\manage-order-product-siswa.php')
 3 SYSTEMPATH\View\View.php(227): CodeIgniter\View\View->CodeIgniter\View\{closure}()
 4 SYSTEMPATH\Common.php(1173): CodeIgniter\View\View->render('backend/page/order-product-siswa/manage-order-product-siswa', [], true)
 5 APPPATH\Controllers\ManageOrderProductSiswaController.php(42): view('backend/page/order-product-siswa/manage-order-product-siswa', [...])
 6 SYSTEMPATH\CodeIgniter.php(933): App\Controllers\ManageOrderProductSiswaController->index()
 7 SYSTEMPATH\CodeIgniter.php(507): CodeIgniter\CodeIgniter->runController(Object(App\Controllers\ManageOrderProductSiswaController))
 8 SYSTEMPATH\CodeIgniter.php(354): CodeIgniter\CodeIgniter->handleRequest(null, Object(Config\Cache), false)
 9 SYSTEMPATH\Boot.php(334): CodeIgniter\CodeIgniter->run()
10 SYSTEMPATH\Boot.php(67): CodeIgniter\Boot::runCodeIgniter(Object(CodeIgniter\CodeIgniter))
11 FCPATH\index.php(56): CodeIgniter\Boot::bootWeb(Object(Config\Paths))
12 SYSTEMPATH\rewrite.php(44): require_once('C:\\xampp 8.1.25\\htdocs\\SMKN-10-Semarang\\SiKapTen\\public\\index.php')
DEBUG - 2025-02-27 02:48:44 --> Session: Class initialized using 'CodeIgniter\Session\Handlers\FileHandler' driver.
CRITICAL - 2025-02-27 02:48:44 --> ErrorException: Undefined array key "images"
[Method: GET, Route: manage-order-product-siswa]
in APPPATH\Views\backend\page\order-product-siswa\manage-order-product-siswa.php on line 46.
 1 APPPATH\Views\backend\page\order-product-siswa\manage-order-product-siswa.php(46): CodeIgniter\Debug\Exceptions->errorHandler(2, 'Undefined array key "images"', 'C:\\xampp 8.1.25\\htdocs\\SMKN-10-Semarang\\SiKapTen\\app\\Views\\backend\\page\\order-product-siswa\\manage-order-product-siswa.php', 46)
 2 SYSTEMPATH\View\View.php(224): include('C:\\xampp 8.1.25\\htdocs\\SMKN-10-Semarang\\SiKapTen\\app\\Views\\backend\\page\\order-product-siswa\\manage-order-product-siswa.php')
 3 SYSTEMPATH\View\View.php(227): CodeIgniter\View\View->CodeIgniter\View\{closure}()
 4 SYSTEMPATH\Common.php(1173): CodeIgniter\View\View->render('backend/page/order-product-siswa/manage-order-product-siswa', [], true)
 5 APPPATH\Controllers\ManageOrderProductSiswaController.php(42): view('backend/page/order-product-siswa/manage-order-product-siswa', [...])
 6 SYSTEMPATH\CodeIgniter.php(933): App\Controllers\ManageOrderProductSiswaController->index()
 7 SYSTEMPATH\CodeIgniter.php(507): CodeIgniter\CodeIgniter->runController(Object(App\Controllers\ManageOrderProductSiswaController))
 8 SYSTEMPATH\CodeIgniter.php(354): CodeIgniter\CodeIgniter->handleRequest(null, Object(Config\Cache), false)
 9 SYSTEMPATH\Boot.php(334): CodeIgniter\CodeIgniter->run()
10 SYSTEMPATH\Boot.php(67): CodeIgniter\Boot::runCodeIgniter(Object(CodeIgniter\CodeIgniter))
11 FCPATH\index.php(56): CodeIgniter\Boot::bootWeb(Object(Config\Paths))
12 SYSTEMPATH\rewrite.php(44): require_once('C:\\xampp 8.1.25\\htdocs\\SMKN-10-Semarang\\SiKapTen\\public\\index.php')
DEBUG - 2025-02-27 02:48:45 --> Session: Class initialized using 'CodeIgniter\Session\Handlers\FileHandler' driver.
CRITICAL - 2025-02-27 02:48:45 --> ErrorException: Undefined array key "images"
[Method: GET, Route: manage-order-product-siswa]
in APPPATH\Views\backend\page\order-product-siswa\manage-order-product-siswa.php on line 46.
 1 APPPATH\Views\backend\page\order-product-siswa\manage-order-product-siswa.php(46): CodeIgniter\Debug\Exceptions->errorHandler(2, 'Undefined array key "images"', 'C:\\xampp 8.1.25\\htdocs\\SMKN-10-Semarang\\SiKapTen\\app\\Views\\backend\\page\\order-product-siswa\\manage-order-product-siswa.php', 46)
 2 SYSTEMPATH\View\View.php(224): include('C:\\xampp 8.1.25\\htdocs\\SMKN-10-Semarang\\SiKapTen\\app\\Views\\backend\\page\\order-product-siswa\\manage-order-product-siswa.php')
 3 SYSTEMPATH\View\View.php(227): CodeIgniter\View\View->CodeIgniter\View\{closure}()
 4 SYSTEMPATH\Common.php(1173): CodeIgniter\View\View->render('backend/page/order-product-siswa/manage-order-product-siswa', [], true)
 5 APPPATH\Controllers\ManageOrderProductSiswaController.php(42): view('backend/page/order-product-siswa/manage-order-product-siswa', [...])
 6 SYSTEMPATH\CodeIgniter.php(933): App\Controllers\ManageOrderProductSiswaController->index()
 7 SYSTEMPATH\CodeIgniter.php(507): CodeIgniter\CodeIgniter->runController(Object(App\Controllers\ManageOrderProductSiswaController))
 8 SYSTEMPATH\CodeIgniter.php(354): CodeIgniter\CodeIgniter->handleRequest(null, Object(Config\Cache), false)
 9 SYSTEMPATH\Boot.php(334): CodeIgniter\CodeIgniter->run()
10 SYSTEMPATH\Boot.php(67): CodeIgniter\Boot::runCodeIgniter(Object(CodeIgniter\CodeIgniter))
11 FCPATH\index.php(56): CodeIgniter\Boot::bootWeb(Object(Config\Paths))
12 SYSTEMPATH\rewrite.php(44): require_once('C:\\xampp 8.1.25\\htdocs\\SMKN-10-Semarang\\SiKapTen\\public\\index.php')
DEBUG - 2025-02-27 02:49:10 --> Session: Class initialized using 'CodeIgniter\Session\Handlers\FileHandler' driver.
CRITICAL - 2025-02-27 02:49:10 --> ErrorException: Undefined array key "url_image"
[Method: GET, Route: manage-order-product-siswa]
in APPPATH\Views\backend\page\order-product-siswa\manage-order-product-siswa.php on line 46.
 1 APPPATH\Views\backend\page\order-product-siswa\manage-order-product-siswa.php(46): CodeIgniter\Debug\Exceptions->errorHandler(2, 'Undefined array key "url_image"', 'C:\\xampp 8.1.25\\htdocs\\SMKN-10-Semarang\\SiKapTen\\app\\Views\\backend\\page\\order-product-siswa\\manage-order-product-siswa.php', 46)
 2 SYSTEMPATH\View\View.php(224): include('C:\\xampp 8.1.25\\htdocs\\SMKN-10-Semarang\\SiKapTen\\app\\Views\\backend\\page\\order-product-siswa\\manage-order-product-siswa.php')
 3 SYSTEMPATH\View\View.php(227): CodeIgniter\View\View->CodeIgniter\View\{closure}()
 4 SYSTEMPATH\Common.php(1173): CodeIgniter\View\View->render('backend/page/order-product-siswa/manage-order-product-siswa', [], true)
 5 APPPATH\Controllers\ManageOrderProductSiswaController.php(42): view('backend/page/order-product-siswa/manage-order-product-siswa', [...])
 6 SYSTEMPATH\CodeIgniter.php(933): App\Controllers\ManageOrderProductSiswaController->index()
 7 SYSTEMPATH\CodeIgniter.php(507): CodeIgniter\CodeIgniter->runController(Object(App\Controllers\ManageOrderProductSiswaController))
 8 SYSTEMPATH\CodeIgniter.php(354): CodeIgniter\CodeIgniter->handleRequest(null, Object(Config\Cache), false)
 9 SYSTEMPATH\Boot.php(334): CodeIgniter\CodeIgniter->run()
10 SYSTEMPATH\Boot.php(67): CodeIgniter\Boot::runCodeIgniter(Object(CodeIgniter\CodeIgniter))
11 FCPATH\index.php(56): CodeIgniter\Boot::bootWeb(Object(Config\Paths))
12 SYSTEMPATH\rewrite.php(44): require_once('C:\\xampp 8.1.25\\htdocs\\SMKN-10-Semarang\\SiKapTen\\public\\index.php')
DEBUG - 2025-02-27 02:57:57 --> Session: Class initialized using 'CodeIgniter\Session\Handlers\FileHandler' driver.
DEBUG - 2025-02-27 02:58:28 --> Session: Class initialized using 'CodeIgniter\Session\Handlers\FileHandler' driver.
DEBUG - 2025-02-27 02:58:39 --> Session: Class initialized using 'CodeIgniter\Session\Handlers\FileHandler' driver.
DEBUG - 2025-02-27 02:58:41 --> Session: Class initialized using 'CodeIgniter\Session\Handlers\FileHandler' driver.
DEBUG - 2025-02-27 02:59:16 --> Session: Class initialized using 'CodeIgniter\Session\Handlers\FileHandler' driver.
DEBUG - 2025-02-27 03:00:10 --> Session: Class initialized using 'CodeIgniter\Session\Handlers\FileHandler' driver.
DEBUG - 2025-02-27 03:00:17 --> Session: Class initialized using 'CodeIgniter\Session\Handlers\FileHandler' driver.
DEBUG - 2025-02-27 03:00:18 --> Session: Class initialized using 'CodeIgniter\Session\Handlers\FileHandler' driver.
DEBUG - 2025-02-27 03:00:19 --> Session: Class initialized using 'CodeIgniter\Session\Handlers\FileHandler' driver.
DEBUG - 2025-02-27 03:47:59 --> Session: Class initialized using 'CodeIgniter\Session\Handlers\FileHandler' driver.
CRITICAL - 2025-02-27 03:47:59 --> TypeError: CodeIgniter\HTTP\SiteURI::stringifyRelativePath(): Return value must be of type string, null returned
[Method: GET, Route: manage-order-product-siswa]
in SYSTEMPATH\HTTP\SiteURI.php on line 407.
 1 SYSTEMPATH\HTTP\SiteURI.php(381): CodeIgniter\HTTP\SiteURI->stringifyRelativePath(null)
 2 SYSTEMPATH\Helpers\url_helper.php(59): CodeIgniter\HTTP\SiteURI->baseUrl(null, null)
 3 APPPATH\Views\backend\layOutTemplate\sidebar.php(198): base_url(null)
 4 SYSTEMPATH\View\View.php(224): include('C:\\xampp 8.1.25\\htdocs\\SMKN-10-Semarang\\SiKapTen\\app\\Views\\backend\\layOutTemplate\\sidebar.php')
 5 SYSTEMPATH\View\View.php(227): CodeIgniter\View\View->CodeIgniter\View\{closure}()
 6 SYSTEMPATH\View\View.php(475): CodeIgniter\View\View->render('backend/layOutTemplate/sidebar', null, true)
 7 APPPATH\Views\backend\page\order-product-siswa\manage-order-product-siswa.php(2): CodeIgniter\View\View->include('backend/layOutTemplate/sidebar')
 8 SYSTEMPATH\View\View.php(224): include('C:\\xampp 8.1.25\\htdocs\\SMKN-10-Semarang\\SiKapTen\\app\\Views\\backend\\page\\order-product-siswa\\manage-order-product-siswa.php')
 9 SYSTEMPATH\View\View.php(227): CodeIgniter\View\View->CodeIgniter\View\{closure}()
10 SYSTEMPATH\Common.php(1173): CodeIgniter\View\View->render('backend/page/order-product-siswa/manage-order-product-siswa', [], true)
11 APPPATH\Controllers\ManageOrderProductSiswaController.php(56): view('backend/page/order-product-siswa/manage-order-product-siswa', [...])
12 SYSTEMPATH\CodeIgniter.php(933): App\Controllers\ManageOrderProductSiswaController->index()
13 SYSTEMPATH\CodeIgniter.php(507): CodeIgniter\CodeIgniter->runController(Object(App\Controllers\ManageOrderProductSiswaController))
14 SYSTEMPATH\CodeIgniter.php(354): CodeIgniter\CodeIgniter->handleRequest(null, Object(Config\Cache), false)
15 SYSTEMPATH\Boot.php(334): CodeIgniter\CodeIgniter->run()
16 SYSTEMPATH\Boot.php(67): CodeIgniter\Boot::runCodeIgniter(Object(CodeIgniter\CodeIgniter))
17 FCPATH\index.php(56): CodeIgniter\Boot::bootWeb(Object(Config\Paths))
18 SYSTEMPATH\rewrite.php(44): require_once('C:\\xampp 8.1.25\\htdocs\\SMKN-10-Semarang\\SiKapTen\\public\\index.php')
DEBUG - 2025-02-27 03:48:08 --> Session: Class initialized using 'CodeIgniter\Session\Handlers\FileHandler' driver.
DEBUG - 2025-02-27 03:48:17 --> Session: Class initialized using 'CodeIgniter\Session\Handlers\FileHandler' driver.
DEBUG - 2025-02-27 03:48:17 --> Session: Class initialized using 'CodeIgniter\Session\Handlers\FileHandler' driver.
DEBUG - 2025-02-27 03:48:19 --> Session: Class initialized using 'CodeIgniter\Session\Handlers\FileHandler' driver.
DEBUG - 2025-02-27 04:13:09 --> Session: Class initialized using 'CodeIgniter\Session\Handlers\FileHandler' driver.
DEBUG - 2025-02-27 04:14:24 --> Session: Class initialized using 'CodeIgniter\Session\Handlers\FileHandler' driver.
DEBUG - 2025-02-27 04:14:37 --> Session: Class initialized using 'CodeIgniter\Session\Handlers\FileHandler' driver.
DEBUG - 2025-02-27 04:14:38 --> Session: Class initialized using 'CodeIgniter\Session\Handlers\FileHandler' driver.
DEBUG - 2025-02-27 04:15:02 --> Session: Class initialized using 'CodeIgniter\Session\Handlers\FileHandler' driver.
DEBUG - 2025-02-27 04:15:50 --> Session: Class initialized using 'CodeIgniter\Session\Handlers\FileHandler' driver.
