<<<<<<< HEAD
DEBUG - 2025-03-07 06:58:00 --> Session: Class initialized using 'CodeIgniter\Session\Handlers\FileHandler' driver.
DEBUG - 2025-03-07 06:58:21 --> Session: Class initialized using 'CodeIgniter\Session\Handlers\FileHandler' driver.
DEBUG - 2025-03-07 06:58:29 --> Session: Class initialized using 'CodeIgniter\Session\Handlers\FileHandler' driver.
DEBUG - 2025-03-07 06:58:41 --> Session: Class initialized using 'CodeIgniter\Session\Handlers\FileHandler' driver.
DEBUG - 2025-03-07 06:58:48 --> Session: Class initialized using 'CodeIgniter\Session\Handlers\FileHandler' driver.
DEBUG - 2025-03-07 07:01:14 --> Session: Class initialized using 'CodeIgniter\Session\Handlers\FileHandler' driver.
DEBUG - 2025-03-07 07:01:33 --> Session: Class initialized using 'CodeIgniter\Session\Handlers\FileHandler' driver.
DEBUG - 2025-03-07 07:01:37 --> Session: Class initialized using 'CodeIgniter\Session\Handlers\FileHandler' driver.
DEBUG - 2025-03-07 07:01:51 --> Session: Class initialized using 'CodeIgniter\Session\Handlers\FileHandler' driver.
DEBUG - 2025-03-07 07:02:13 --> Session: Class initialized using 'CodeIgniter\Session\Handlers\FileHandler' driver.
DEBUG - 2025-03-07 07:02:31 --> Session: Class initialized using 'CodeIgniter\Session\Handlers\FileHandler' driver.
DEBUG - 2025-03-07 07:02:42 --> Session: Class initialized using 'CodeIgniter\Session\Handlers\FileHandler' driver.
DEBUG - 2025-03-07 07:02:55 --> Session: Class initialized using 'CodeIgniter\Session\Handlers\FileHandler' driver.
DEBUG - 2025-03-07 07:03:00 --> Session: Class initialized using 'CodeIgniter\Session\Handlers\FileHandler' driver.
DEBUG - 2025-03-07 07:03:13 --> Session: Class initialized using 'CodeIgniter\Session\Handlers\FileHandler' driver.
DEBUG - 2025-03-07 07:03:22 --> Session: Class initialized using 'CodeIgniter\Session\Handlers\FileHandler' driver.
DEBUG - 2025-03-07 07:03:35 --> Session: Class initialized using 'CodeIgniter\Session\Handlers\FileHandler' driver.
DEBUG - 2025-03-07 07:03:49 --> Session: Class initialized using 'CodeIgniter\Session\Handlers\FileHandler' driver.
DEBUG - 2025-03-07 07:04:08 --> Session: Class initialized using 'CodeIgniter\Session\Handlers\FileHandler' driver.
DEBUG - 2025-03-07 07:04:18 --> Session: Class initialized using 'CodeIgniter\Session\Handlers\FileHandler' driver.
DEBUG - 2025-03-07 07:04:29 --> Session: Class initialized using 'CodeIgniter\Session\Handlers\FileHandler' driver.
DEBUG - 2025-03-07 07:04:53 --> Session: Class initialized using 'CodeIgniter\Session\Handlers\FileHandler' driver.
DEBUG - 2025-03-07 07:05:26 --> Session: Class initialized using 'CodeIgniter\Session\Handlers\FileHandler' driver.
DEBUG - 2025-03-07 07:05:52 --> Session: Class initialized using 'CodeIgniter\Session\Handlers\FileHandler' driver.
DEBUG - 2025-03-07 07:06:14 --> Session: Class initialized using 'CodeIgniter\Session\Handlers\FileHandler' driver.
DEBUG - 2025-03-07 07:06:31 --> Session: Class initialized using 'CodeIgniter\Session\Handlers\FileHandler' driver.
DEBUG - 2025-03-07 07:06:55 --> Session: Class initialized using 'CodeIgniter\Session\Handlers\FileHandler' driver.
DEBUG - 2025-03-07 07:07:09 --> Session: Class initialized using 'CodeIgniter\Session\Handlers\FileHandler' driver.
DEBUG - 2025-03-07 07:08:23 --> Session: Class initialized using 'CodeIgniter\Session\Handlers\FileHandler' driver.
DEBUG - 2025-03-07 07:13:37 --> Session: Class initialized using 'CodeIgniter\Session\Handlers\FileHandler' driver.
DEBUG - 2025-03-07 07:14:05 --> Session: Class initialized using 'CodeIgniter\Session\Handlers\FileHandler' driver.
DEBUG - 2025-03-07 07:14:37 --> Session: Class initialized using 'CodeIgniter\Session\Handlers\FileHandler' driver.
DEBUG - 2025-03-07 07:15:52 --> Session: Class initialized using 'CodeIgniter\Session\Handlers\FileHandler' driver.
DEBUG - 2025-03-07 07:15:55 --> Session: Class initialized using 'CodeIgniter\Session\Handlers\FileHandler' driver.
DEBUG - 2025-03-07 07:16:35 --> Session: Class initialized using 'CodeIgniter\Session\Handlers\FileHandler' driver.
DEBUG - 2025-03-07 07:16:38 --> Session: Class initialized using 'CodeIgniter\Session\Handlers\FileHandler' driver.
DEBUG - 2025-03-07 07:22:02 --> Session: Class initialized using 'CodeIgniter\Session\Handlers\FileHandler' driver.
DEBUG - 2025-03-07 07:25:33 --> Session: Class initialized using 'CodeIgniter\Session\Handlers\FileHandler' driver.
DEBUG - 2025-03-07 07:26:11 --> Session: Class initialized using 'CodeIgniter\Session\Handlers\FileHandler' driver.
=======
ERROR - 2025-03-07 06:20:02 --> Error connecting to the database: ErrorException: mysqli::real_connect(): Error while reading greeting packet. PID=17288 in C:\xampp 8.1.25\htdocs\SMKN-10-Semarang\SiKapTen\vendor\codeigniter4\framework\system\Database\MySQLi\Connection.php:202
Stack trace:
#0 [internal function]: CodeIgniter\Debug\Exceptions->errorHandler(2, 'mysqli::real_co...', 'C:\\xampp 8.1.25...', 202)
#1 C:\xampp 8.1.25\htdocs\SMKN-10-Semarang\SiKapTen\vendor\codeigniter4\framework\system\Database\MySQLi\Connection.php(202): mysqli->real_connect('localhost', 'root', '', 'lapak-siswa', 3306, '', 0)
#2 C:\xampp 8.1.25\htdocs\SMKN-10-Semarang\SiKapTen\vendor\codeigniter4\framework\system\Database\BaseConnection.php(421): CodeIgniter\Database\MySQLi\Connection->connect(false)
#3 C:\xampp 8.1.25\htdocs\SMKN-10-Semarang\SiKapTen\vendor\codeigniter4\framework\system\Database\BaseConnection.php(620): CodeIgniter\Database\BaseConnection->initialize()
#4 C:\xampp 8.1.25\htdocs\SMKN-10-Semarang\SiKapTen\vendor\codeigniter4\framework\system\Database\BaseBuilder.php(1649): CodeIgniter\Database\BaseConnection->query('SELECT `product...', Array, false)
#5 C:\xampp 8.1.25\htdocs\SMKN-10-Semarang\SiKapTen\app\Models\ProductSiswaModel.php(36): CodeIgniter\Database\BaseBuilder->get()
#6 C:\xampp 8.1.25\htdocs\SMKN-10-Semarang\SiKapTen\app\Controllers\Home.php(27): App\Models\ProductSiswaModel->getProductsWithDetails()
#7 C:\xampp 8.1.25\htdocs\SMKN-10-Semarang\SiKapTen\vendor\codeigniter4\framework\system\CodeIgniter.php(933): App\Controllers\Home->index()
#8 C:\xampp 8.1.25\htdocs\SMKN-10-Semarang\SiKapTen\vendor\codeigniter4\framework\system\CodeIgniter.php(507): CodeIgniter\CodeIgniter->runController(Object(App\Controllers\Home))
#9 C:\xampp 8.1.25\htdocs\SMKN-10-Semarang\SiKapTen\vendor\codeigniter4\framework\system\CodeIgniter.php(354): CodeIgniter\CodeIgniter->handleRequest(NULL, Object(Config\Cache), false)
#10 C:\xampp 8.1.25\htdocs\SMKN-10-Semarang\SiKapTen\vendor\codeigniter4\framework\system\Boot.php(334): CodeIgniter\CodeIgniter->run()
#11 C:\xampp 8.1.25\htdocs\SMKN-10-Semarang\SiKapTen\vendor\codeigniter4\framework\system\Boot.php(67): CodeIgniter\Boot::runCodeIgniter(Object(CodeIgniter\CodeIgniter))
#12 C:\xampp 8.1.25\htdocs\SMKN-10-Semarang\SiKapTen\public\index.php(56): CodeIgniter\Boot::bootWeb(Object(Config\Paths))
#13 C:\xampp 8.1.25\htdocs\SMKN-10-Semarang\SiKapTen\vendor\codeigniter4\framework\system\rewrite.php(44): require_once('C:\\xampp 8.1.25...')
#14 {main}

Next mysqli_sql_exception: MySQL server has gone away in C:\xampp 8.1.25\htdocs\SMKN-10-Semarang\SiKapTen\vendor\codeigniter4\framework\system\Database\MySQLi\Connection.php:202
Stack trace:
#0 C:\xampp 8.1.25\htdocs\SMKN-10-Semarang\SiKapTen\vendor\codeigniter4\framework\system\Database\MySQLi\Connection.php(202): mysqli->real_connect('localhost', 'root', '', 'lapak-siswa', 3306, '', 0)
#1 C:\xampp 8.1.25\htdocs\SMKN-10-Semarang\SiKapTen\vendor\codeigniter4\framework\system\Database\BaseConnection.php(421): CodeIgniter\Database\MySQLi\Connection->connect(false)
#2 C:\xampp 8.1.25\htdocs\SMKN-10-Semarang\SiKapTen\vendor\codeigniter4\framework\system\Database\BaseConnection.php(620): CodeIgniter\Database\BaseConnection->initialize()
#3 C:\xampp 8.1.25\htdocs\SMKN-10-Semarang\SiKapTen\vendor\codeigniter4\framework\system\Database\BaseBuilder.php(1649): CodeIgniter\Database\BaseConnection->query('SELECT `product...', Array, false)
#4 C:\xampp 8.1.25\htdocs\SMKN-10-Semarang\SiKapTen\app\Models\ProductSiswaModel.php(36): CodeIgniter\Database\BaseBuilder->get()
#5 C:\xampp 8.1.25\htdocs\SMKN-10-Semarang\SiKapTen\app\Controllers\Home.php(27): App\Models\ProductSiswaModel->getProductsWithDetails()
#6 C:\xampp 8.1.25\htdocs\SMKN-10-Semarang\SiKapTen\vendor\codeigniter4\framework\system\CodeIgniter.php(933): App\Controllers\Home->index()
#7 C:\xampp 8.1.25\htdocs\SMKN-10-Semarang\SiKapTen\vendor\codeigniter4\framework\system\CodeIgniter.php(507): CodeIgniter\CodeIgniter->runController(Object(App\Controllers\Home))
#8 C:\xampp 8.1.25\htdocs\SMKN-10-Semarang\SiKapTen\vendor\codeigniter4\framework\system\CodeIgniter.php(354): CodeIgniter\CodeIgniter->handleRequest(NULL, Object(Config\Cache), false)
#9 C:\xampp 8.1.25\htdocs\SMKN-10-Semarang\SiKapTen\vendor\codeigniter4\framework\system\Boot.php(334): CodeIgniter\CodeIgniter->run()
#10 C:\xampp 8.1.25\htdocs\SMKN-10-Semarang\SiKapTen\vendor\codeigniter4\framework\system\Boot.php(67): CodeIgniter\Boot::runCodeIgniter(Object(CodeIgniter\CodeIgniter))
#11 C:\xampp 8.1.25\htdocs\SMKN-10-Semarang\SiKapTen\public\index.php(56): CodeIgniter\Boot::bootWeb(Object(Config\Paths))
#12 C:\xampp 8.1.25\htdocs\SMKN-10-Semarang\SiKapTen\vendor\codeigniter4\framework\system\rewrite.php(44): require_once('C:\\xampp 8.1.25...')
#13 {main}

Next CodeIgniter\Database\Exceptions\DatabaseException: MySQL server has gone away in C:\xampp 8.1.25\htdocs\SMKN-10-Semarang\SiKapTen\vendor\codeigniter4\framework\system\Database\MySQLi\Connection.php:246
Stack trace:
#0 C:\xampp 8.1.25\htdocs\SMKN-10-Semarang\SiKapTen\vendor\codeigniter4\framework\system\Database\BaseConnection.php(421): CodeIgniter\Database\MySQLi\Connection->connect(false)
#1 C:\xampp 8.1.25\htdocs\SMKN-10-Semarang\SiKapTen\vendor\codeigniter4\framework\system\Database\BaseConnection.php(620): CodeIgniter\Database\BaseConnection->initialize()
#2 C:\xampp 8.1.25\htdocs\SMKN-10-Semarang\SiKapTen\vendor\codeigniter4\framework\system\Database\BaseBuilder.php(1649): CodeIgniter\Database\BaseConnection->query('SELECT `product...', Array, false)
#3 C:\xampp 8.1.25\htdocs\SMKN-10-Semarang\SiKapTen\app\Models\ProductSiswaModel.php(36): CodeIgniter\Database\BaseBuilder->get()
#4 C:\xampp 8.1.25\htdocs\SMKN-10-Semarang\SiKapTen\app\Controllers\Home.php(27): App\Models\ProductSiswaModel->getProductsWithDetails()
#5 C:\xampp 8.1.25\htdocs\SMKN-10-Semarang\SiKapTen\vendor\codeigniter4\framework\system\CodeIgniter.php(933): App\Controllers\Home->index()
#6 C:\xampp 8.1.25\htdocs\SMKN-10-Semarang\SiKapTen\vendor\codeigniter4\framework\system\CodeIgniter.php(507): CodeIgniter\CodeIgniter->runController(Object(App\Controllers\Home))
#7 C:\xampp 8.1.25\htdocs\SMKN-10-Semarang\SiKapTen\vendor\codeigniter4\framework\system\CodeIgniter.php(354): CodeIgniter\CodeIgniter->handleRequest(NULL, Object(Config\Cache), false)
#8 C:\xampp 8.1.25\htdocs\SMKN-10-Semarang\SiKapTen\vendor\codeigniter4\framework\system\Boot.php(334): CodeIgniter\CodeIgniter->run()
#9 C:\xampp 8.1.25\htdocs\SMKN-10-Semarang\SiKapTen\vendor\codeigniter4\framework\system\Boot.php(67): CodeIgniter\Boot::runCodeIgniter(Object(CodeIgniter\CodeIgniter))
#10 C:\xampp 8.1.25\htdocs\SMKN-10-Semarang\SiKapTen\public\index.php(56): CodeIgniter\Boot::bootWeb(Object(Config\Paths))
#11 C:\xampp 8.1.25\htdocs\SMKN-10-Semarang\SiKapTen\vendor\codeigniter4\framework\system\rewrite.php(44): require_once('C:\\xampp 8.1.25...')
#12 {main}
CRITICAL - 2025-03-07 06:20:02 --> CodeIgniter\Database\Exceptions\DatabaseException: Unable to connect to the database.
Main connection [MySQLi]: MySQL server has gone away
[Method: GET, Route: /]
in SYSTEMPATH\Database\BaseConnection.php on line 467.
 1 SYSTEMPATH\Database\BaseConnection.php(620): CodeIgniter\Database\BaseConnection->initialize()
 2 SYSTEMPATH\Database\BaseBuilder.php(1649): CodeIgniter\Database\BaseConnection->query('SELECT `product_siswa`.*, `kategori_product`.`nama` as `nama_kategori`, `admin`.`full_name` as `nama_admin`, `admin`.`group_name`
FROM `product_siswa`
LEFT JOIN `kategori_product` ON `kategori_product`.`id_kategori` = `product_siswa`.`id_kategori`
LEFT JOIN `admin` ON `admin`.`id_admin` = `product_siswa`.`id_admin`', [], false)
 3 APPPATH\Models\ProductSiswaModel.php(36): CodeIgniter\Database\BaseBuilder->get()
 4 APPPATH\Controllers\Home.php(27): App\Models\ProductSiswaModel->getProductsWithDetails()
 5 SYSTEMPATH\CodeIgniter.php(933): App\Controllers\Home->index()
 6 SYSTEMPATH\CodeIgniter.php(507): CodeIgniter\CodeIgniter->runController(Object(App\Controllers\Home))
 7 SYSTEMPATH\CodeIgniter.php(354): CodeIgniter\CodeIgniter->handleRequest(null, Object(Config\Cache), false)
 8 SYSTEMPATH\Boot.php(334): CodeIgniter\CodeIgniter->run()
 9 SYSTEMPATH\Boot.php(67): CodeIgniter\Boot::runCodeIgniter(Object(CodeIgniter\CodeIgniter))
10 FCPATH\index.php(56): CodeIgniter\Boot::bootWeb(Object(Config\Paths))
11 SYSTEMPATH\rewrite.php(44): require_once('C:\\xampp 8.1.25\\htdocs\\SMKN-10-Semarang\\SiKapTen\\public\\index.php')
ERROR - 2025-03-07 06:21:34 --> Error connecting to the database: ErrorException: mysqli::real_connect(): Error while reading greeting packet. PID=2852 in C:\xampp 8.1.25\htdocs\SMKN-10-Semarang\SiKapTen\vendor\codeigniter4\framework\system\Database\MySQLi\Connection.php:202
Stack trace:
#0 [internal function]: CodeIgniter\Debug\Exceptions->errorHandler(2, 'mysqli::real_co...', 'C:\\xampp 8.1.25...', 202)
#1 C:\xampp 8.1.25\htdocs\SMKN-10-Semarang\SiKapTen\vendor\codeigniter4\framework\system\Database\MySQLi\Connection.php(202): mysqli->real_connect('localhost', 'root', '', 'lapak-siswa', 3306, '', 0)
#2 C:\xampp 8.1.25\htdocs\SMKN-10-Semarang\SiKapTen\vendor\codeigniter4\framework\system\Database\BaseConnection.php(421): CodeIgniter\Database\MySQLi\Connection->connect(false)
#3 C:\xampp 8.1.25\htdocs\SMKN-10-Semarang\SiKapTen\vendor\codeigniter4\framework\system\Database\BaseConnection.php(620): CodeIgniter\Database\BaseConnection->initialize()
#4 C:\xampp 8.1.25\htdocs\SMKN-10-Semarang\SiKapTen\vendor\codeigniter4\framework\system\Database\BaseBuilder.php(1649): CodeIgniter\Database\BaseConnection->query('SELECT `product...', Array, false)
#5 C:\xampp 8.1.25\htdocs\SMKN-10-Semarang\SiKapTen\app\Models\ProductSiswaModel.php(36): CodeIgniter\Database\BaseBuilder->get()
#6 C:\xampp 8.1.25\htdocs\SMKN-10-Semarang\SiKapTen\app\Controllers\Home.php(27): App\Models\ProductSiswaModel->getProductsWithDetails()
#7 C:\xampp 8.1.25\htdocs\SMKN-10-Semarang\SiKapTen\vendor\codeigniter4\framework\system\CodeIgniter.php(933): App\Controllers\Home->index()
#8 C:\xampp 8.1.25\htdocs\SMKN-10-Semarang\SiKapTen\vendor\codeigniter4\framework\system\CodeIgniter.php(507): CodeIgniter\CodeIgniter->runController(Object(App\Controllers\Home))
#9 C:\xampp 8.1.25\htdocs\SMKN-10-Semarang\SiKapTen\vendor\codeigniter4\framework\system\CodeIgniter.php(354): CodeIgniter\CodeIgniter->handleRequest(NULL, Object(Config\Cache), false)
#10 C:\xampp 8.1.25\htdocs\SMKN-10-Semarang\SiKapTen\vendor\codeigniter4\framework\system\Boot.php(334): CodeIgniter\CodeIgniter->run()
#11 C:\xampp 8.1.25\htdocs\SMKN-10-Semarang\SiKapTen\vendor\codeigniter4\framework\system\Boot.php(67): CodeIgniter\Boot::runCodeIgniter(Object(CodeIgniter\CodeIgniter))
#12 C:\xampp 8.1.25\htdocs\SMKN-10-Semarang\SiKapTen\public\index.php(56): CodeIgniter\Boot::bootWeb(Object(Config\Paths))
#13 C:\xampp 8.1.25\htdocs\SMKN-10-Semarang\SiKapTen\vendor\codeigniter4\framework\system\rewrite.php(44): require_once('C:\\xampp 8.1.25...')
#14 {main}

Next mysqli_sql_exception: MySQL server has gone away in C:\xampp 8.1.25\htdocs\SMKN-10-Semarang\SiKapTen\vendor\codeigniter4\framework\system\Database\MySQLi\Connection.php:202
Stack trace:
#0 C:\xampp 8.1.25\htdocs\SMKN-10-Semarang\SiKapTen\vendor\codeigniter4\framework\system\Database\MySQLi\Connection.php(202): mysqli->real_connect('localhost', 'root', '', 'lapak-siswa', 3306, '', 0)
#1 C:\xampp 8.1.25\htdocs\SMKN-10-Semarang\SiKapTen\vendor\codeigniter4\framework\system\Database\BaseConnection.php(421): CodeIgniter\Database\MySQLi\Connection->connect(false)
#2 C:\xampp 8.1.25\htdocs\SMKN-10-Semarang\SiKapTen\vendor\codeigniter4\framework\system\Database\BaseConnection.php(620): CodeIgniter\Database\BaseConnection->initialize()
#3 C:\xampp 8.1.25\htdocs\SMKN-10-Semarang\SiKapTen\vendor\codeigniter4\framework\system\Database\BaseBuilder.php(1649): CodeIgniter\Database\BaseConnection->query('SELECT `product...', Array, false)
#4 C:\xampp 8.1.25\htdocs\SMKN-10-Semarang\SiKapTen\app\Models\ProductSiswaModel.php(36): CodeIgniter\Database\BaseBuilder->get()
#5 C:\xampp 8.1.25\htdocs\SMKN-10-Semarang\SiKapTen\app\Controllers\Home.php(27): App\Models\ProductSiswaModel->getProductsWithDetails()
#6 C:\xampp 8.1.25\htdocs\SMKN-10-Semarang\SiKapTen\vendor\codeigniter4\framework\system\CodeIgniter.php(933): App\Controllers\Home->index()
#7 C:\xampp 8.1.25\htdocs\SMKN-10-Semarang\SiKapTen\vendor\codeigniter4\framework\system\CodeIgniter.php(507): CodeIgniter\CodeIgniter->runController(Object(App\Controllers\Home))
#8 C:\xampp 8.1.25\htdocs\SMKN-10-Semarang\SiKapTen\vendor\codeigniter4\framework\system\CodeIgniter.php(354): CodeIgniter\CodeIgniter->handleRequest(NULL, Object(Config\Cache), false)
#9 C:\xampp 8.1.25\htdocs\SMKN-10-Semarang\SiKapTen\vendor\codeigniter4\framework\system\Boot.php(334): CodeIgniter\CodeIgniter->run()
#10 C:\xampp 8.1.25\htdocs\SMKN-10-Semarang\SiKapTen\vendor\codeigniter4\framework\system\Boot.php(67): CodeIgniter\Boot::runCodeIgniter(Object(CodeIgniter\CodeIgniter))
#11 C:\xampp 8.1.25\htdocs\SMKN-10-Semarang\SiKapTen\public\index.php(56): CodeIgniter\Boot::bootWeb(Object(Config\Paths))
#12 C:\xampp 8.1.25\htdocs\SMKN-10-Semarang\SiKapTen\vendor\codeigniter4\framework\system\rewrite.php(44): require_once('C:\\xampp 8.1.25...')
#13 {main}

Next CodeIgniter\Database\Exceptions\DatabaseException: MySQL server has gone away in C:\xampp 8.1.25\htdocs\SMKN-10-Semarang\SiKapTen\vendor\codeigniter4\framework\system\Database\MySQLi\Connection.php:246
Stack trace:
#0 C:\xampp 8.1.25\htdocs\SMKN-10-Semarang\SiKapTen\vendor\codeigniter4\framework\system\Database\BaseConnection.php(421): CodeIgniter\Database\MySQLi\Connection->connect(false)
#1 C:\xampp 8.1.25\htdocs\SMKN-10-Semarang\SiKapTen\vendor\codeigniter4\framework\system\Database\BaseConnection.php(620): CodeIgniter\Database\BaseConnection->initialize()
#2 C:\xampp 8.1.25\htdocs\SMKN-10-Semarang\SiKapTen\vendor\codeigniter4\framework\system\Database\BaseBuilder.php(1649): CodeIgniter\Database\BaseConnection->query('SELECT `product...', Array, false)
#3 C:\xampp 8.1.25\htdocs\SMKN-10-Semarang\SiKapTen\app\Models\ProductSiswaModel.php(36): CodeIgniter\Database\BaseBuilder->get()
#4 C:\xampp 8.1.25\htdocs\SMKN-10-Semarang\SiKapTen\app\Controllers\Home.php(27): App\Models\ProductSiswaModel->getProductsWithDetails()
#5 C:\xampp 8.1.25\htdocs\SMKN-10-Semarang\SiKapTen\vendor\codeigniter4\framework\system\CodeIgniter.php(933): App\Controllers\Home->index()
#6 C:\xampp 8.1.25\htdocs\SMKN-10-Semarang\SiKapTen\vendor\codeigniter4\framework\system\CodeIgniter.php(507): CodeIgniter\CodeIgniter->runController(Object(App\Controllers\Home))
#7 C:\xampp 8.1.25\htdocs\SMKN-10-Semarang\SiKapTen\vendor\codeigniter4\framework\system\CodeIgniter.php(354): CodeIgniter\CodeIgniter->handleRequest(NULL, Object(Config\Cache), false)
#8 C:\xampp 8.1.25\htdocs\SMKN-10-Semarang\SiKapTen\vendor\codeigniter4\framework\system\Boot.php(334): CodeIgniter\CodeIgniter->run()
#9 C:\xampp 8.1.25\htdocs\SMKN-10-Semarang\SiKapTen\vendor\codeigniter4\framework\system\Boot.php(67): CodeIgniter\Boot::runCodeIgniter(Object(CodeIgniter\CodeIgniter))
#10 C:\xampp 8.1.25\htdocs\SMKN-10-Semarang\SiKapTen\public\index.php(56): CodeIgniter\Boot::bootWeb(Object(Config\Paths))
#11 C:\xampp 8.1.25\htdocs\SMKN-10-Semarang\SiKapTen\vendor\codeigniter4\framework\system\rewrite.php(44): require_once('C:\\xampp 8.1.25...')
#12 {main}
CRITICAL - 2025-03-07 06:21:34 --> CodeIgniter\Database\Exceptions\DatabaseException: Unable to connect to the database.
Main connection [MySQLi]: MySQL server has gone away
[Method: GET, Route: /]
in SYSTEMPATH\Database\BaseConnection.php on line 467.
 1 SYSTEMPATH\Database\BaseConnection.php(620): CodeIgniter\Database\BaseConnection->initialize()
 2 SYSTEMPATH\Database\BaseBuilder.php(1649): CodeIgniter\Database\BaseConnection->query('SELECT `product_siswa`.*, `kategori_product`.`nama` as `nama_kategori`, `admin`.`full_name` as `nama_admin`, `admin`.`group_name`
FROM `product_siswa`
LEFT JOIN `kategori_product` ON `kategori_product`.`id_kategori` = `product_siswa`.`id_kategori`
LEFT JOIN `admin` ON `admin`.`id_admin` = `product_siswa`.`id_admin`', [], false)
 3 APPPATH\Models\ProductSiswaModel.php(36): CodeIgniter\Database\BaseBuilder->get()
 4 APPPATH\Controllers\Home.php(27): App\Models\ProductSiswaModel->getProductsWithDetails()
 5 SYSTEMPATH\CodeIgniter.php(933): App\Controllers\Home->index()
 6 SYSTEMPATH\CodeIgniter.php(507): CodeIgniter\CodeIgniter->runController(Object(App\Controllers\Home))
 7 SYSTEMPATH\CodeIgniter.php(354): CodeIgniter\CodeIgniter->handleRequest(null, Object(Config\Cache), false)
 8 SYSTEMPATH\Boot.php(334): CodeIgniter\CodeIgniter->run()
 9 SYSTEMPATH\Boot.php(67): CodeIgniter\Boot::runCodeIgniter(Object(CodeIgniter\CodeIgniter))
10 FCPATH\index.php(56): CodeIgniter\Boot::bootWeb(Object(Config\Paths))
11 SYSTEMPATH\rewrite.php(44): require_once('C:\\xampp 8.1.25\\htdocs\\SMKN-10-Semarang\\SiKapTen\\public\\index.php')
DEBUG - 2025-03-07 06:26:55 --> Session: Class initialized using 'CodeIgniter\Session\Handlers\FileHandler' driver.
DEBUG - 2025-03-07 06:29:48 --> Session: Class initialized using 'CodeIgniter\Session\Handlers\FileHandler' driver.
DEBUG - 2025-03-07 06:29:57 --> Session: Class initialized using 'CodeIgniter\Session\Handlers\FileHandler' driver.
DEBUG - 2025-03-07 06:29:57 --> Session: Class initialized using 'CodeIgniter\Session\Handlers\FileHandler' driver.
DEBUG - 2025-03-07 06:30:13 --> Session: Class initialized using 'CodeIgniter\Session\Handlers\FileHandler' driver.
DEBUG - 2025-03-07 06:30:30 --> Session: Class initialized using 'CodeIgniter\Session\Handlers\FileHandler' driver.
DEBUG - 2025-03-07 06:33:18 --> Session: Class initialized using 'CodeIgniter\Session\Handlers\FileHandler' driver.
>>>>>>> a282c37997596bdce34bbf849e6455832de87e16
DEBUG - 2025-03-07 07:35:36 --> Session: Class initialized using 'CodeIgniter\Session\Handlers\FileHandler' driver.
DEBUG - 2025-03-07 07:35:42 --> Session: Class initialized using 'CodeIgniter\Session\Handlers\FileHandler' driver.
DEBUG - 2025-03-07 07:36:15 --> Session: Class initialized using 'CodeIgniter\Session\Handlers\FileHandler' driver.
DEBUG - 2025-03-07 07:37:00 --> Session: Class initialized using 'CodeIgniter\Session\Handlers\FileHandler' driver.
DEBUG - 2025-03-07 07:37:03 --> Session: Class initialized using 'CodeIgniter\Session\Handlers\FileHandler' driver.
DEBUG - 2025-03-07 07:37:20 --> Session: Class initialized using 'CodeIgniter\Session\Handlers\FileHandler' driver.
DEBUG - 2025-03-07 07:38:53 --> Session: Class initialized using 'CodeIgniter\Session\Handlers\FileHandler' driver.
DEBUG - 2025-03-07 07:40:19 --> Session: Class initialized using 'CodeIgniter\Session\Handlers\FileHandler' driver.
CRITICAL - 2025-03-07 07:41:09 --> CodeIgniter\View\Exceptions\ViewException: Invalid file: "frontend/dashboard/blog.php"
[Method: GET, Route: blog]
in SYSTEMPATH\Exceptions\FrameworkException.php on line 39.
 1 SYSTEMPATH\View\View.php(212): CodeIgniter\Exceptions\FrameworkException::forInvalidFile('frontend/dashboard/blog.php')
 2 SYSTEMPATH\Common.php(1173): CodeIgniter\View\View->render('frontend/dashboard/blog', [], true)
 3 APPPATH\Controllers\Home.php(132): view('frontend/dashboard/blog', [...])
 4 SYSTEMPATH\CodeIgniter.php(933): App\Controllers\Home->blog()
 5 SYSTEMPATH\CodeIgniter.php(507): CodeIgniter\CodeIgniter->runController(Object(App\Controllers\Home))
 6 SYSTEMPATH\CodeIgniter.php(354): CodeIgniter\CodeIgniter->handleRequest(null, Object(Config\Cache), false)
 7 SYSTEMPATH\Boot.php(334): CodeIgniter\CodeIgniter->run()
 8 SYSTEMPATH\Boot.php(67): CodeIgniter\Boot::runCodeIgniter(Object(CodeIgniter\CodeIgniter))
 9 FCPATH\index.php(56): CodeIgniter\Boot::bootWeb(Object(Config\Paths))
10 SYSTEMPATH\rewrite.php(44): require_once('C:\\xampp\\htdocs\\SMKN-10-Semarang\\Lapak-Siswa\\public\\index.php')
DEBUG - 2025-03-07 07:41:34 --> Session: Class initialized using 'CodeIgniter\Session\Handlers\FileHandler' driver.
CRITICAL - 2025-03-07 07:42:30 --> ErrorException: include(frontend/LayOutTemplate/header.php): Failed to open stream: No such file or directory
[Method: GET, Route: blog]
in APPPATH\Views\frontend\blog.php on line 1.
 1 APPPATH\Views\frontend\blog.php(1): CodeIgniter\Debug\Exceptions->errorHandler(2, 'include(frontend/LayOutTemplate/header.php): Failed to open stream: No such file or directory', 'C:\\xampp\\htdocs\\SMKN-10-Semarang\\Lapak-Siswa\\app\\Views\\frontend\\blog.php', 1)
 2 APPPATH\Views\frontend\blog.php(1): include()
 3 SYSTEMPATH\View\View.php(224): include('C:\\xampp\\htdocs\\SMKN-10-Semarang\\Lapak-Siswa\\app\\Views\\frontend\\blog.php')
 4 SYSTEMPATH\View\View.php(227): CodeIgniter\View\View->CodeIgniter\View\{closure}()
 5 SYSTEMPATH\Common.php(1173): CodeIgniter\View\View->render('frontend/blog', [], true)
 6 APPPATH\Controllers\Home.php(132): view('frontend/blog', [...])
 7 SYSTEMPATH\CodeIgniter.php(933): App\Controllers\Home->blog()
 8 SYSTEMPATH\CodeIgniter.php(507): CodeIgniter\CodeIgniter->runController(Object(App\Controllers\Home))
 9 SYSTEMPATH\CodeIgniter.php(354): CodeIgniter\CodeIgniter->handleRequest(null, Object(Config\Cache), false)
10 SYSTEMPATH\Boot.php(334): CodeIgniter\CodeIgniter->run()
11 SYSTEMPATH\Boot.php(67): CodeIgniter\Boot::runCodeIgniter(Object(CodeIgniter\CodeIgniter))
12 FCPATH\index.php(56): CodeIgniter\Boot::bootWeb(Object(Config\Paths))
13 SYSTEMPATH\rewrite.php(44): require_once('C:\\xampp\\htdocs\\SMKN-10-Semarang\\Lapak-Siswa\\public\\index.php')
CRITICAL - 2025-03-07 07:42:50 --> ErrorException: include(frontend/LayOutTemplate/header.php): Failed to open stream: No such file or directory
[Method: GET, Route: blog]
in APPPATH\Views\frontend\blog.php on line 1.
 1 APPPATH\Views\frontend\blog.php(1): CodeIgniter\Debug\Exceptions->errorHandler(2, 'include(frontend/LayOutTemplate/header.php): Failed to open stream: No such file or directory', 'C:\\xampp\\htdocs\\SMKN-10-Semarang\\Lapak-Siswa\\app\\Views\\frontend\\blog.php', 1)
 2 APPPATH\Views\frontend\blog.php(1): include()
 3 SYSTEMPATH\View\View.php(224): include('C:\\xampp\\htdocs\\SMKN-10-Semarang\\Lapak-Siswa\\app\\Views\\frontend\\blog.php')
 4 SYSTEMPATH\View\View.php(227): CodeIgniter\View\View->CodeIgniter\View\{closure}()
 5 SYSTEMPATH\Common.php(1173): CodeIgniter\View\View->render('frontend/blog', [], true)
 6 APPPATH\Controllers\Home.php(132): view('frontend/blog', [...])
 7 SYSTEMPATH\CodeIgniter.php(933): App\Controllers\Home->blog()
 8 SYSTEMPATH\CodeIgniter.php(507): CodeIgniter\CodeIgniter->runController(Object(App\Controllers\Home))
 9 SYSTEMPATH\CodeIgniter.php(354): CodeIgniter\CodeIgniter->handleRequest(null, Object(Config\Cache), false)
10 SYSTEMPATH\Boot.php(334): CodeIgniter\CodeIgniter->run()
11 SYSTEMPATH\Boot.php(67): CodeIgniter\Boot::runCodeIgniter(Object(CodeIgniter\CodeIgniter))
12 FCPATH\index.php(56): CodeIgniter\Boot::bootWeb(Object(Config\Paths))
13 SYSTEMPATH\rewrite.php(44): require_once('C:\\xampp\\htdocs\\SMKN-10-Semarang\\Lapak-Siswa\\public\\index.php')
CRITICAL - 2025-03-07 07:43:39 --> ErrorException: include(frontend\LayOutTemplate\header.php): Failed to open stream: No such file or directory
[Method: GET, Route: blog]
in APPPATH\Views\frontend\blog.php on line 1.
 1 APPPATH\Views\frontend\blog.php(1): CodeIgniter\Debug\Exceptions->errorHandler(2, 'include(frontend\\LayOutTemplate\\header.php): Failed to open stream: No such file or directory', 'C:\\xampp\\htdocs\\SMKN-10-Semarang\\Lapak-Siswa\\app\\Views\\frontend\\blog.php', 1)
 2 APPPATH\Views\frontend\blog.php(1): include()
 3 SYSTEMPATH\View\View.php(224): include('C:\\xampp\\htdocs\\SMKN-10-Semarang\\Lapak-Siswa\\app\\Views\\frontend\\blog.php')
 4 SYSTEMPATH\View\View.php(227): CodeIgniter\View\View->CodeIgniter\View\{closure}()
 5 SYSTEMPATH\Common.php(1173): CodeIgniter\View\View->render('frontend/blog', [], true)
 6 APPPATH\Controllers\Home.php(132): view('frontend/blog', [...])
 7 SYSTEMPATH\CodeIgniter.php(933): App\Controllers\Home->blog()
 8 SYSTEMPATH\CodeIgniter.php(507): CodeIgniter\CodeIgniter->runController(Object(App\Controllers\Home))
 9 SYSTEMPATH\CodeIgniter.php(354): CodeIgniter\CodeIgniter->handleRequest(null, Object(Config\Cache), false)
10 SYSTEMPATH\Boot.php(334): CodeIgniter\CodeIgniter->run()
11 SYSTEMPATH\Boot.php(67): CodeIgniter\Boot::runCodeIgniter(Object(CodeIgniter\CodeIgniter))
12 FCPATH\index.php(56): CodeIgniter\Boot::bootWeb(Object(Config\Paths))
13 SYSTEMPATH\rewrite.php(44): require_once('C:\\xampp\\htdocs\\SMKN-10-Semarang\\Lapak-Siswa\\public\\index.php')
CRITICAL - 2025-03-07 07:43:40 --> ErrorException: include(frontend\LayOutTemplate\header.php): Failed to open stream: No such file or directory
[Method: GET, Route: blog]
in APPPATH\Views\frontend\blog.php on line 1.
 1 APPPATH\Views\frontend\blog.php(1): CodeIgniter\Debug\Exceptions->errorHandler(2, 'include(frontend\\LayOutTemplate\\header.php): Failed to open stream: No such file or directory', 'C:\\xampp\\htdocs\\SMKN-10-Semarang\\Lapak-Siswa\\app\\Views\\frontend\\blog.php', 1)
 2 APPPATH\Views\frontend\blog.php(1): include()
 3 SYSTEMPATH\View\View.php(224): include('C:\\xampp\\htdocs\\SMKN-10-Semarang\\Lapak-Siswa\\app\\Views\\frontend\\blog.php')
 4 SYSTEMPATH\View\View.php(227): CodeIgniter\View\View->CodeIgniter\View\{closure}()
 5 SYSTEMPATH\Common.php(1173): CodeIgniter\View\View->render('frontend/blog', [], true)
 6 APPPATH\Controllers\Home.php(132): view('frontend/blog', [...])
 7 SYSTEMPATH\CodeIgniter.php(933): App\Controllers\Home->blog()
 8 SYSTEMPATH\CodeIgniter.php(507): CodeIgniter\CodeIgniter->runController(Object(App\Controllers\Home))
 9 SYSTEMPATH\CodeIgniter.php(354): CodeIgniter\CodeIgniter->handleRequest(null, Object(Config\Cache), false)
10 SYSTEMPATH\Boot.php(334): CodeIgniter\CodeIgniter->run()
11 SYSTEMPATH\Boot.php(67): CodeIgniter\Boot::runCodeIgniter(Object(CodeIgniter\CodeIgniter))
12 FCPATH\index.php(56): CodeIgniter\Boot::bootWeb(Object(Config\Paths))
13 SYSTEMPATH\rewrite.php(44): require_once('C:\\xampp\\htdocs\\SMKN-10-Semarang\\Lapak-Siswa\\public\\index.php')
CRITICAL - 2025-03-07 07:44:34 --> ErrorException: include(frontend/LayOutTemplate/footer.php): Failed to open stream: No such file or directory
[Method: GET, Route: blog]
in APPPATH\Views\frontend\blog.php on line 338.
 1 APPPATH\Views\frontend\blog.php(338): CodeIgniter\Debug\Exceptions->errorHandler(2, 'include(frontend/LayOutTemplate/footer.php): Failed to open stream: No such file or directory', 'C:\\xampp\\htdocs\\SMKN-10-Semarang\\Lapak-Siswa\\app\\Views\\frontend\\blog.php', 338)
 2 APPPATH\Views\frontend\blog.php(338): include()
 3 SYSTEMPATH\View\View.php(224): include('C:\\xampp\\htdocs\\SMKN-10-Semarang\\Lapak-Siswa\\app\\Views\\frontend\\blog.php')
 4 SYSTEMPATH\View\View.php(227): CodeIgniter\View\View->CodeIgniter\View\{closure}()
 5 SYSTEMPATH\Common.php(1173): CodeIgniter\View\View->render('frontend/blog', [], true)
 6 APPPATH\Controllers\Home.php(132): view('frontend/blog', [...])
 7 SYSTEMPATH\CodeIgniter.php(933): App\Controllers\Home->blog()
 8 SYSTEMPATH\CodeIgniter.php(507): CodeIgniter\CodeIgniter->runController(Object(App\Controllers\Home))
 9 SYSTEMPATH\CodeIgniter.php(354): CodeIgniter\CodeIgniter->handleRequest(null, Object(Config\Cache), false)
10 SYSTEMPATH\Boot.php(334): CodeIgniter\CodeIgniter->run()
11 SYSTEMPATH\Boot.php(67): CodeIgniter\Boot::runCodeIgniter(Object(CodeIgniter\CodeIgniter))
12 FCPATH\index.php(56): CodeIgniter\Boot::bootWeb(Object(Config\Paths))
13 SYSTEMPATH\rewrite.php(44): require_once('C:\\xampp\\htdocs\\SMKN-10-Semarang\\Lapak-Siswa\\public\\index.php')
DEBUG - 2025-03-07 07:45:11 --> Session: Class initialized using 'CodeIgniter\Session\Handlers\FileHandler' driver.
DEBUG - 2025-03-07 07:50:36 --> Session: Class initialized using 'CodeIgniter\Session\Handlers\FileHandler' driver.
